<?xml version="1.0" encoding="UTF-8"?>
<robot generator="Robot 6.1.1 (Python 3.12.0 on win32)" generated="20231206 18:23:59.590" rpa="false" schemaversion="4">
<suite id="s1" name="SC05 - Update Data Manajemen Modul" source="C:\Users\ReiKa\PycharmProjects\spptti\tests\R05 - Management Module\SC05 - Update Data Manajemen Modul\SC05 - Update Data Manajemen Modul.robot">
<test id="s1-t1" name="TC01 - Update Data Manajemen Modul" line="8">
<kw name="Open Browser Website" library="login">
<kw name="Open Browser" library="SeleniumLibrary">
<arg>${LOGIN URL}</arg>
<arg>${BROWSER}</arg>
<arg>options=add_argument("--incognito")</arg>
<doc>Opens a new browser instance to the optional ``url``.</doc>
<msg timestamp="20231206 18:23:59.746" level="INFO">Opening browser 'Chrome' to base url 'http://10.31.31.107/sign-in'.</msg>
<status status="PASS" starttime="20231206 18:23:59.746" endtime="20231206 18:24:01.842"/>
</kw>
<kw name="Maximize Browser Window" library="SeleniumLibrary">
<doc>Maximizes current browser window.</doc>
<status status="PASS" starttime="20231206 18:24:01.842" endtime="20231206 18:24:01.971"/>
</kw>
<kw name="Wait Until Page Contains" library="SeleniumLibrary">
<arg>Login</arg>
<doc>Waits until ``text`` appears on the current page.</doc>
<status status="PASS" starttime="20231206 18:24:01.972" endtime="20231206 18:24:01.980"/>
</kw>
<kw name="Set Selenium Speed" library="SeleniumLibrary">
<arg>${SPEED}</arg>
<doc>Sets the delay that is waited after each Selenium command.</doc>
<status status="PASS" starttime="20231206 18:24:01.980" endtime="20231206 18:24:01.981"/>
</kw>
<status status="PASS" starttime="20231206 18:23:59.746" endtime="20231206 18:24:01.981"/>
</kw>
<kw name="Input Email" library="login">
<arg>superadmin@gmail.com</arg>
<kw name="Clear Element Text" library="SeleniumLibrary">
<arg>email</arg>
<doc>Clears the value of the text-input-element identified by ``locator``.</doc>
<status status="PASS" starttime="20231206 18:24:01.981" endtime="20231206 18:24:02.211"/>
</kw>
<kw name="Input Text" library="SeleniumLibrary">
<arg>email</arg>
<arg>${email}</arg>
<doc>Types the given ``text`` into the text field identified by ``locator``.</doc>
<msg timestamp="20231206 18:24:02.211" level="INFO">Typing text 'superadmin@gmail.com' into text field 'email'.</msg>
<status status="PASS" starttime="20231206 18:24:02.211" endtime="20231206 18:24:02.567"/>
</kw>
<kw name="Textfield Value Should Be" library="SeleniumLibrary">
<arg>email</arg>
<arg>${email}</arg>
<doc>Verifies text field ``locator`` has exactly text ``expected``.</doc>
<msg timestamp="20231206 18:24:02.886" level="INFO">Content of text field 'email' is 'superadmin@gmail.com'.</msg>
<status status="PASS" starttime="20231206 18:24:02.567" endtime="20231206 18:24:02.886"/>
</kw>
<status status="PASS" starttime="20231206 18:24:01.981" endtime="20231206 18:24:02.886"/>
</kw>
<kw name="Input Password" library="login">
<arg>Superadmin123*@#</arg>
<kw name="Clear Element Text" library="SeleniumLibrary">
<arg>password</arg>
<doc>Clears the value of the text-input-element identified by ``locator``.</doc>
<status status="PASS" starttime="20231206 18:24:02.886" endtime="20231206 18:24:03.111"/>
</kw>
<kw name="Input Text" library="SeleniumLibrary">
<arg>password</arg>
<arg>${password}</arg>
<doc>Types the given ``text`` into the text field identified by ``locator``.</doc>
<msg timestamp="20231206 18:24:03.111" level="INFO">Typing text 'Superadmin123*@#' into text field 'password'.</msg>
<status status="PASS" starttime="20231206 18:24:03.111" endtime="20231206 18:24:03.459"/>
</kw>
<kw name="Textfield Value Should Be" library="SeleniumLibrary">
<arg>password</arg>
<arg>${password}</arg>
<doc>Verifies text field ``locator`` has exactly text ``expected``.</doc>
<msg timestamp="20231206 18:24:03.778" level="INFO">Content of text field 'password' is 'Superadmin123*@#'.</msg>
<status status="PASS" starttime="20231206 18:24:03.459" endtime="20231206 18:24:03.778"/>
</kw>
<status status="PASS" starttime="20231206 18:24:02.886" endtime="20231206 18:24:03.778"/>
</kw>
<kw name="Click Btn Login" library="login">
<kw name="Wait Until Element Is Visible" library="SeleniumLibrary">
<arg>id:kt_sign_in_submit</arg>
<doc>Waits until the element ``locator`` is visible.</doc>
<status status="PASS" starttime="20231206 18:24:03.778" endtime="20231206 18:24:03.995"/>
</kw>
<kw name="Click Button" library="SeleniumLibrary">
<arg>id:kt_sign_in_submit</arg>
<doc>Clicks the button identified by ``locator``.</doc>
<msg timestamp="20231206 18:24:03.995" level="INFO">Clicking button 'id:kt_sign_in_submit'.</msg>
<status status="PASS" starttime="20231206 18:24:03.995" endtime="20231206 18:24:04.535"/>
</kw>
<kw name="Wait Until Element Is Visible" library="SeleniumLibrary">
<arg>id:swal2-html-container</arg>
<doc>Waits until the element ``locator`` is visible.</doc>
<status status="PASS" starttime="20231206 18:24:04.535" endtime="20231206 18:24:08.102"/>
</kw>
<kw name="Get Text" library="SeleniumLibrary">
<var>${text}</var>
<arg>id:swal2-html-container</arg>
<doc>Returns the text value of the element identified by ``locator``.</doc>
<msg timestamp="20231206 18:24:08.316" level="INFO">${text} = You have successfully logged in!</msg>
<status status="PASS" starttime="20231206 18:24:08.102" endtime="20231206 18:24:08.316"/>
</kw>
<kw name="Run Keyword If" library="BuiltIn">
<arg>'${text} == "You have successfully logged in!"'</arg>
<arg>Press Keys</arg>
<arg>None</arg>
<arg>ENTER</arg>
<arg>Wait Until Location Is</arg>
<arg>http://10.31.31.107/home</arg>
<arg>ELSE IF</arg>
<arg>'${text} == "Gagal Login"'</arg>
<arg>Wait Until Element Contains</arg>
<arg>id:swal2-html-container</arg>
<arg>Gagal Login</arg>
<arg>ELSE</arg>
<arg>Wait Until Element Contains</arg>
<arg>id:swal2-html-container</arg>
<arg>Gagal Login</arg>
<doc>Runs the given keyword with the given arguments, if ``condition`` is true.</doc>
<kw name="Press Keys" library="SeleniumLibrary">
<arg>None</arg>
<arg>ENTER</arg>
<arg>Wait Until Location Is</arg>
<arg>http://10.31.31.107/home</arg>
<doc>Simulates the user pressing key(s) to an element or on the active browser.</doc>
<msg timestamp="20231206 18:24:08.317" level="INFO">Sending key(s) ('ENTER', 'Wait Until Location Is', 'http://10.31.31.107/home') to page.</msg>
<msg timestamp="20231206 18:24:08.317" level="INFO">Pressing special key ENTER to browser.</msg>
<msg timestamp="20231206 18:24:08.317" level="INFO">Releasing special key ENTER.</msg>
<msg timestamp="20231206 18:24:08.424" level="INFO">Sending keys Wait Until Location Is</msg>
<msg timestamp="20231206 18:24:08.613" level="INFO">Sending keys http://10.31.31.107/home</msg>
<status status="PASS" starttime="20231206 18:24:08.316" endtime="20231206 18:24:08.727"/>
</kw>
<status status="PASS" starttime="20231206 18:24:08.316" endtime="20231206 18:24:08.727"/>
</kw>
<status status="PASS" starttime="20231206 18:24:03.778" endtime="20231206 18:24:08.727"/>
</kw>
<kw name="Move To Management Module" library="management_module">
<kw name="Go To" library="SeleniumLibrary">
<arg>http://10.31.31.107/admin/manajemen-modul/</arg>
<doc>Navigates the current browser window to the provided ``url``.</doc>
<msg timestamp="20231206 18:24:08.727" level="INFO">Opening url 'http://10.31.31.107/admin/manajemen-modul/'</msg>
<status status="PASS" starttime="20231206 18:24:08.727" endtime="20231206 18:24:08.998"/>
</kw>
<kw name="Wait Until Location Is" library="SeleniumLibrary">
<arg>http://10.31.31.107/admin/manajemen-modul/</arg>
<doc>Waits until the current URL is ``expected``.</doc>
<status status="PASS" starttime="20231206 18:24:08.998" endtime="20231206 18:24:09.102"/>
</kw>
<status status="PASS" starttime="20231206 18:24:08.727" endtime="20231206 18:24:09.102"/>
</kw>
<kw name="Click Icon Edit" library="management_module">
<kw name="Wait Until Element Is Visible" library="SeleniumLibrary">
<arg>xpath://*[@id="kt_app_content_container"]/div[1]/div[2]/div/div/div[1]/table/tbody/tr[2]/td[4]/div/a[2]/i</arg>
<doc>Waits until the element ``locator`` is visible.</doc>
<status status="PASS" starttime="20231206 18:24:09.102" endtime="20231206 18:24:10.537"/>
</kw>
<kw name="Click Element" library="SeleniumLibrary">
<arg>xpath://*[@id="kt_app_content_container"]/div[1]/div[2]/div/div/div[1]/table/tbody/tr[2]/td[4]/div/a[2]/i</arg>
<doc>Click the element identified by ``locator``.</doc>
<msg timestamp="20231206 18:24:10.537" level="INFO">Clicking element 'xpath://*[@id="kt_app_content_container"]/div[1]/div[2]/div/div/div[1]/table/tbody/tr[2]/td[4]/div/a[2]/i'.</msg>
<status status="PASS" starttime="20231206 18:24:10.537" endtime="20231206 18:24:10.788"/>
</kw>
<kw name="Wait Until Page Contains" library="SeleniumLibrary">
<arg>Edit Data</arg>
<doc>Waits until ``text`` appears on the current page.</doc>
<status status="PASS" starttime="20231206 18:24:10.788" endtime="20231206 18:24:10.896"/>
</kw>
<status status="PASS" starttime="20231206 18:24:09.102" endtime="20231206 18:24:10.896"/>
</kw>
<kw name="Input Nama Module" library="management_module">
<arg>namaModuleRianSatuUpdate</arg>
<kw name="Wait Until Element Is Visible" library="SeleniumLibrary">
<arg>class:el-input__inner</arg>
<doc>Waits until the element ``locator`` is visible.</doc>
<status status="PASS" starttime="20231206 18:24:10.896" endtime="20231206 18:24:11.110"/>
</kw>
<kw name="Input Text" library="SeleniumLibrary">
<arg>class:el-input__inner</arg>
<arg>${param}</arg>
<doc>Types the given ``text`` into the text field identified by ``locator``.</doc>
<msg timestamp="20231206 18:24:11.110" level="INFO">Typing text 'namaModuleRianSatuUpdate' into text field 'class:el-input__inner'.</msg>
<status status="PASS" starttime="20231206 18:24:11.110" endtime="20231206 18:24:11.507"/>
</kw>
<status status="PASS" starttime="20231206 18:24:10.896" endtime="20231206 18:24:11.507"/>
</kw>
<kw name="Input Urutan Module" library="management_module">
<arg>3</arg>
<kw name="Wait Until Element Is Visible" library="SeleniumLibrary">
<arg>//*[@type="number"]</arg>
<doc>Waits until the element ``locator`` is visible.</doc>
<status status="PASS" starttime="20231206 18:24:11.507" endtime="20231206 18:24:11.721"/>
</kw>
<kw name="Clear Element Text" library="SeleniumLibrary">
<arg>//*[@type="number"]</arg>
<doc>Clears the value of the text-input-element identified by ``locator``.</doc>
<status status="PASS" starttime="20231206 18:24:11.721" endtime="20231206 18:24:11.943"/>
</kw>
<kw name="Input Text" library="SeleniumLibrary">
<arg>//*[@type="number"]</arg>
<arg>${param}</arg>
<doc>Types the given ``text`` into the text field identified by ``locator``.</doc>
<msg timestamp="20231206 18:24:11.943" level="INFO">Typing text '3' into text field '//*[@type="number"]'.</msg>
<status status="PASS" starttime="20231206 18:24:11.943" endtime="20231206 18:24:12.282"/>
</kw>
<kw name="Textfield Value Should Be" library="SeleniumLibrary">
<arg>//*[@type="number"]</arg>
<arg>${param}</arg>
<doc>Verifies text field ``locator`` has exactly text ``expected``.</doc>
<msg timestamp="20231206 18:24:12.703" level="INFO">Content of text field '//*[@type="number"]' is '3'.</msg>
<status status="PASS" starttime="20231206 18:24:12.282" endtime="20231206 18:24:12.703"/>
</kw>
<status status="PASS" starttime="20231206 18:24:11.507" endtime="20231206 18:24:12.703"/>
</kw>
<kw name="Click Btn Confirm" library="management_module">
<kw name="Wait Until Element Is Visible" library="SeleniumLibrary">
<arg>//*[@class="el-button el-button--primary"]</arg>
<doc>Waits until the element ``locator`` is visible.</doc>
<status status="PASS" starttime="20231206 18:24:12.703" endtime="20231206 18:24:12.917"/>
</kw>
<kw name="Click Button" library="SeleniumLibrary">
<arg>//*[@class="el-button el-button--primary"]</arg>
<doc>Clicks the button identified by ``locator``.</doc>
<msg timestamp="20231206 18:24:12.917" level="INFO">Clicking button '//*[@class="el-button el-button--primary"]'.</msg>
<status status="PASS" starttime="20231206 18:24:12.917" endtime="20231206 18:24:13.457"/>
</kw>
<status status="PASS" starttime="20231206 18:24:12.703" endtime="20231206 18:24:13.457"/>
</kw>
<kw name="Sleep" library="BuiltIn">
<arg>2s</arg>
<doc>Pauses the test executed for the given time.</doc>
<msg timestamp="20231206 18:24:15.457" level="INFO">Slept 2 seconds</msg>
<status status="PASS" starttime="20231206 18:24:13.457" endtime="20231206 18:24:15.457"/>
</kw>
<kw name="Capture Page Screenshot" library="SeleniumLibrary">
<doc>Takes a screenshot of the current page and embeds it into a log file.</doc>
<msg timestamp="20231206 18:24:15.670" level="INFO" html="true">&lt;/td&gt;&lt;/tr&gt;&lt;tr&gt;&lt;td colspan="3"&gt;&lt;a href="selenium-screenshot-1.png"&gt;&lt;img src="selenium-screenshot-1.png" width="800px"&gt;&lt;/a&gt;</msg>
<status status="PASS" starttime="20231206 18:24:15.457" endtime="20231206 18:24:15.670"/>
</kw>
<kw name="Close Browser" library="SeleniumLibrary" type="TEARDOWN">
<doc>Closes the current browser.</doc>
<status status="PASS" starttime="20231206 18:24:15.670" endtime="20231206 18:24:17.828"/>
</kw>
<doc>SC05 - Update Data Manajemen Modul</doc>
<tag>TC01 - Update Data Manajemen Modul</tag>
<status status="PASS" starttime="20231206 18:23:59.745" endtime="20231206 18:24:17.828"/>
</test>
<doc>SC05 - Update Data Manajemen Modul</doc>
<status status="PASS" starttime="20231206 18:23:59.592" endtime="20231206 18:24:17.829"/>
</suite>
<statistics>
<total>
<stat pass="1" fail="0" skip="0">All Tests</stat>
</total>
<tag>
<stat pass="1" fail="0" skip="0">TC01 - Update Data Manajemen Modul</stat>
</tag>
<suite>
<stat pass="1" fail="0" skip="0" id="s1" name="SC05 - Update Data Manajemen Modul">SC05 - Update Data Manajemen Modul</stat>
</suite>
</statistics>
<errors>
</errors>
</robot>
