<?xml version="1.0" encoding="UTF-8"?>
<robot generator="Robot 6.1.1 (Python 3.12.0 on win32)" generated="20231215 19:05:38.213" rpa="false" schemaversion="4">
<suite id="s1" name="SC03 - Update Master Data - Pola" source="C:\Users\ReiKa\PycharmProjects\spptti\tests\R16 - Klasifikasi - Master Data (Pola)\SC03 - Update Master Data - Pola\SC03 - Update Master Data - Pola.robot">
<test id="s1-t1" name="TC01 - Update Master Data - Pola" line="8">
<kw name="Open Browser Website" library="login">
<kw name="Open Browser" library="SeleniumLibrary">
<arg>${LOGIN URL}</arg>
<arg>${BROWSER}</arg>
<arg>options=add_argument("--incognito")</arg>
<doc>Opens a new browser instance to the optional ``url``.</doc>
<msg timestamp="20231215 19:05:38.368" level="INFO">Opening browser 'Chrome' to base url 'http://10.31.31.107/sign-in'.</msg>
<status status="PASS" starttime="20231215 19:05:38.368" endtime="20231215 19:05:40.344"/>
</kw>
<kw name="Maximize Browser Window" library="SeleniumLibrary">
<doc>Maximizes current browser window.</doc>
<status status="PASS" starttime="20231215 19:05:40.344" endtime="20231215 19:05:40.472"/>
</kw>
<kw name="Wait Until Page Contains" library="SeleniumLibrary">
<arg>Login</arg>
<doc>Waits until ``text`` appears on the current page.</doc>
<status status="PASS" starttime="20231215 19:05:40.472" endtime="20231215 19:05:40.481"/>
</kw>
<kw name="Set Selenium Speed" library="SeleniumLibrary">
<arg>${SPEED}</arg>
<doc>Sets the delay that is waited after each Selenium command.</doc>
<status status="PASS" starttime="20231215 19:05:40.481" endtime="20231215 19:05:40.482"/>
</kw>
<status status="PASS" starttime="20231215 19:05:38.367" endtime="20231215 19:05:40.482"/>
</kw>
<kw name="Input Email" library="login">
<arg>superadmin@gmail.com</arg>
<kw name="Clear Element Text" library="SeleniumLibrary">
<arg>email</arg>
<doc>Clears the value of the text-input-element identified by ``locator``.</doc>
<status status="PASS" starttime="20231215 19:05:40.482" endtime="20231215 19:05:40.713"/>
</kw>
<kw name="Input Text" library="SeleniumLibrary">
<arg>email</arg>
<arg>${email}</arg>
<doc>Types the given ``text`` into the text field identified by ``locator``.</doc>
<msg timestamp="20231215 19:05:40.713" level="INFO">Typing text 'superadmin@gmail.com' into text field 'email'.</msg>
<status status="PASS" starttime="20231215 19:05:40.713" endtime="20231215 19:05:41.068"/>
</kw>
<kw name="Textfield Value Should Be" library="SeleniumLibrary">
<arg>email</arg>
<arg>${email}</arg>
<doc>Verifies text field ``locator`` has exactly text ``expected``.</doc>
<msg timestamp="20231215 19:05:41.387" level="INFO">Content of text field 'email' is 'superadmin@gmail.com'.</msg>
<status status="PASS" starttime="20231215 19:05:41.068" endtime="20231215 19:05:41.387"/>
</kw>
<status status="PASS" starttime="20231215 19:05:40.482" endtime="20231215 19:05:41.387"/>
</kw>
<kw name="Input Password" library="login">
<arg>Superadmin123*@#</arg>
<kw name="Clear Element Text" library="SeleniumLibrary">
<arg>password</arg>
<doc>Clears the value of the text-input-element identified by ``locator``.</doc>
<status status="PASS" starttime="20231215 19:05:41.387" endtime="20231215 19:05:41.610"/>
</kw>
<kw name="Input Text" library="SeleniumLibrary">
<arg>password</arg>
<arg>${password}</arg>
<doc>Types the given ``text`` into the text field identified by ``locator``.</doc>
<msg timestamp="20231215 19:05:41.610" level="INFO">Typing text 'Superadmin123*@#' into text field 'password'.</msg>
<status status="PASS" starttime="20231215 19:05:41.610" endtime="20231215 19:05:41.955"/>
</kw>
<kw name="Textfield Value Should Be" library="SeleniumLibrary">
<arg>password</arg>
<arg>${password}</arg>
<doc>Verifies text field ``locator`` has exactly text ``expected``.</doc>
<msg timestamp="20231215 19:05:42.272" level="INFO">Content of text field 'password' is 'Superadmin123*@#'.</msg>
<status status="PASS" starttime="20231215 19:05:41.955" endtime="20231215 19:05:42.272"/>
</kw>
<status status="PASS" starttime="20231215 19:05:41.387" endtime="20231215 19:05:42.272"/>
</kw>
<kw name="Click Btn Login" library="login">
<kw name="Wait Until Element Is Visible" library="SeleniumLibrary">
<arg>id:kt_sign_in_submit</arg>
<doc>Waits until the element ``locator`` is visible.</doc>
<status status="PASS" starttime="20231215 19:05:42.272" endtime="20231215 19:05:42.487"/>
</kw>
<kw name="Click Button" library="SeleniumLibrary">
<arg>id:kt_sign_in_submit</arg>
<doc>Clicks the button identified by ``locator``.</doc>
<msg timestamp="20231215 19:05:42.487" level="INFO">Clicking button 'id:kt_sign_in_submit'.</msg>
<status status="PASS" starttime="20231215 19:05:42.487" endtime="20231215 19:05:43.023"/>
</kw>
<kw name="Wait Until Element Is Visible" library="SeleniumLibrary">
<arg>id:swal2-html-container</arg>
<doc>Waits until the element ``locator`` is visible.</doc>
<status status="PASS" starttime="20231215 19:05:43.023" endtime="20231215 19:05:46.595"/>
</kw>
<kw name="Get Text" library="SeleniumLibrary">
<var>${text}</var>
<arg>id:swal2-html-container</arg>
<doc>Returns the text value of the element identified by ``locator``.</doc>
<msg timestamp="20231215 19:05:46.808" level="INFO">${text} = You have successfully logged in!</msg>
<status status="PASS" starttime="20231215 19:05:46.595" endtime="20231215 19:05:46.808"/>
</kw>
<kw name="Run Keyword If" library="BuiltIn">
<arg>'${text} == "You have successfully logged in!"'</arg>
<arg>Press Keys</arg>
<arg>None</arg>
<arg>ENTER</arg>
<arg>Wait Until Location Is</arg>
<arg>http://10.31.31.107/home</arg>
<arg>ELSE IF</arg>
<arg>'${text} == "Gagal Login"'</arg>
<arg>Wait Until Element Contains</arg>
<arg>id:swal2-html-container</arg>
<arg>Gagal Login</arg>
<arg>ELSE</arg>
<arg>Wait Until Element Contains</arg>
<arg>id:swal2-html-container</arg>
<arg>Gagal Login</arg>
<doc>Runs the given keyword with the given arguments, if ``condition`` is true.</doc>
<kw name="Press Keys" library="SeleniumLibrary">
<arg>None</arg>
<arg>ENTER</arg>
<arg>Wait Until Location Is</arg>
<arg>http://10.31.31.107/home</arg>
<doc>Simulates the user pressing key(s) to an element or on the active browser.</doc>
<msg timestamp="20231215 19:05:46.809" level="INFO">Sending key(s) ('ENTER', 'Wait Until Location Is', 'http://10.31.31.107/home') to page.</msg>
<msg timestamp="20231215 19:05:46.809" level="INFO">Pressing special key ENTER to browser.</msg>
<msg timestamp="20231215 19:05:46.809" level="INFO">Releasing special key ENTER.</msg>
<msg timestamp="20231215 19:05:46.916" level="INFO">Sending keys Wait Until Location Is</msg>
<msg timestamp="20231215 19:05:47.144" level="INFO">Sending keys http://10.31.31.107/home</msg>
<status status="PASS" starttime="20231215 19:05:46.808" endtime="20231215 19:05:47.258"/>
</kw>
<status status="PASS" starttime="20231215 19:05:46.808" endtime="20231215 19:05:47.258"/>
</kw>
<status status="PASS" starttime="20231215 19:05:42.272" endtime="20231215 19:05:47.258"/>
</kw>
<kw name="Move To Module Pola" library="pola">
<kw name="Go To" library="SeleniumLibrary">
<arg>http://10.31.31.107/klasifikasi/master/pola/</arg>
<doc>Navigates the current browser window to the provided ``url``.</doc>
<msg timestamp="20231215 19:05:47.258" level="INFO">Opening url 'http://10.31.31.107/klasifikasi/master/pola/'</msg>
<status status="PASS" starttime="20231215 19:05:47.258" endtime="20231215 19:05:47.599"/>
</kw>
<kw name="Wait Until Location Is" library="SeleniumLibrary">
<arg>http://10.31.31.107/klasifikasi/master/pola/</arg>
<doc>Waits until the current URL is ``expected``.</doc>
<status status="PASS" starttime="20231215 19:05:47.599" endtime="20231215 19:05:47.703"/>
</kw>
<kw name="Sleep" library="BuiltIn">
<arg>3s</arg>
<doc>Pauses the test executed for the given time.</doc>
<msg timestamp="20231215 19:05:50.703" level="INFO">Slept 3 seconds</msg>
<status status="PASS" starttime="20231215 19:05:47.703" endtime="20231215 19:05:50.703"/>
</kw>
<status status="PASS" starttime="20231215 19:05:47.258" endtime="20231215 19:05:50.703"/>
</kw>
<kw name="Input Kata Kunci" library="pola">
<arg>nama pola rian dua</arg>
<kw name="Wait Until Element Is Visible" library="SeleniumLibrary">
<arg>//*[@placeholder="Kata Kunci"]</arg>
<doc>Waits until the element ``locator`` is visible.</doc>
<status status="PASS" starttime="20231215 19:05:50.703" endtime="20231215 19:05:50.918"/>
</kw>
<kw name="Input Text" library="SeleniumLibrary">
<arg>//*[@placeholder="Kata Kunci"]</arg>
<arg>${param}</arg>
<doc>Types the given ``text`` into the text field identified by ``locator``.</doc>
<msg timestamp="20231215 19:05:50.918" level="INFO">Typing text 'nama pola rian dua' into text field '//*[@placeholder="Kata Kunci"]'.</msg>
<status status="PASS" starttime="20231215 19:05:50.918" endtime="20231215 19:05:51.265"/>
</kw>
<status status="PASS" starttime="20231215 19:05:50.703" endtime="20231215 19:05:51.265"/>
</kw>
<kw name="Click Btn Cari" library="pola">
<kw name="Wait Until Element Is Visible" library="SeleniumLibrary">
<arg>//*[@class="el-button el-button--primary"]</arg>
<doc>Waits until the element ``locator`` is visible.</doc>
<status status="PASS" starttime="20231215 19:05:51.265" endtime="20231215 19:05:51.480"/>
</kw>
<kw name="Click Button" library="SeleniumLibrary">
<arg>//*[@class="el-button el-button--primary"]</arg>
<doc>Clicks the button identified by ``locator``.</doc>
<msg timestamp="20231215 19:05:51.480" level="INFO">Clicking button '//*[@class="el-button el-button--primary"]'.</msg>
<status status="PASS" starttime="20231215 19:05:51.480" endtime="20231215 19:05:52.021"/>
</kw>
<kw name="Sleep" library="BuiltIn">
<arg>3s</arg>
<doc>Pauses the test executed for the given time.</doc>
<msg timestamp="20231215 19:05:55.021" level="INFO">Slept 3 seconds</msg>
<status status="PASS" starttime="20231215 19:05:52.021" endtime="20231215 19:05:55.021"/>
</kw>
<status status="PASS" starttime="20231215 19:05:51.265" endtime="20231215 19:05:55.021"/>
</kw>
<kw name="Click Edit" library="pola">
<kw name="Wait Until Element Is Visible" library="SeleniumLibrary">
<arg>//*[@class="ki-solid ki-pencil fs-8"]</arg>
<doc>Waits until the element ``locator`` is visible.</doc>
<status status="PASS" starttime="20231215 19:05:55.021" endtime="20231215 19:05:55.235"/>
</kw>
<kw name="Click Element" library="SeleniumLibrary">
<arg>//*[@class="ki-solid ki-pencil fs-8"]</arg>
<doc>Click the element identified by ``locator``.</doc>
<msg timestamp="20231215 19:05:55.235" level="INFO">Clicking element '//*[@class="ki-solid ki-pencil fs-8"]'.</msg>
<status status="PASS" starttime="20231215 19:05:55.235" endtime="20231215 19:05:55.486"/>
</kw>
<status status="PASS" starttime="20231215 19:05:55.021" endtime="20231215 19:05:55.486"/>
</kw>
<kw name="Input Nama Pola" library="pola">
<arg>nama pola rian dua update</arg>
<kw name="Wait Until Element Is Visible" library="SeleniumLibrary">
<arg>//*[@placeholder="Nama Pola"]</arg>
<doc>Waits until the element ``locator`` is visible.</doc>
<status status="PASS" starttime="20231215 19:05:55.486" endtime="20231215 19:05:55.701"/>
</kw>
<kw name="Clear Element Text" library="SeleniumLibrary">
<arg>//*[@placeholder="Nama Pola"]</arg>
<doc>Clears the value of the text-input-element identified by ``locator``.</doc>
<status status="PASS" starttime="20231215 19:05:55.701" endtime="20231215 19:05:55.922"/>
</kw>
<kw name="Input Text" library="SeleniumLibrary">
<arg>//*[@placeholder="Nama Pola"]</arg>
<arg>${param}</arg>
<doc>Types the given ``text`` into the text field identified by ``locator``.</doc>
<msg timestamp="20231215 19:05:55.922" level="INFO">Typing text 'nama pola rian dua update' into text field '//*[@placeholder="Nama Pola"]'.</msg>
<status status="PASS" starttime="20231215 19:05:55.922" endtime="20231215 19:05:56.292"/>
</kw>
<kw name="Textfield Value Should Be" library="SeleniumLibrary">
<arg>//*[@placeholder="Nama Pola"]</arg>
<arg>${param}</arg>
<doc>Verifies text field ``locator`` has exactly text ``expected``.</doc>
<msg timestamp="20231215 19:05:56.713" level="INFO">Content of text field '//*[@placeholder="Nama Pola"]' is 'nama pola rian dua update'.</msg>
<status status="PASS" starttime="20231215 19:05:56.292" endtime="20231215 19:05:56.713"/>
</kw>
<status status="PASS" starttime="20231215 19:05:55.486" endtime="20231215 19:05:56.713"/>
</kw>
<kw name="Input Pola" library="pola">
<arg>Lorem ipsum dolor sit update</arg>
<kw name="Wait Until Element Is Visible" library="SeleniumLibrary">
<arg>//*[@placeholder="Please input"]</arg>
<doc>Waits until the element ``locator`` is visible.</doc>
<status status="PASS" starttime="20231215 19:05:56.713" endtime="20231215 19:05:56.928"/>
</kw>
<kw name="Clear Element Text" library="SeleniumLibrary">
<arg>//*[@placeholder="Please input"]</arg>
<doc>Clears the value of the text-input-element identified by ``locator``.</doc>
<status status="PASS" starttime="20231215 19:05:56.928" endtime="20231215 19:05:57.146"/>
</kw>
<kw name="Input Text" library="SeleniumLibrary">
<arg>//*[@placeholder="Please input"]</arg>
<arg>${param}</arg>
<doc>Types the given ``text`` into the text field identified by ``locator``.</doc>
<msg timestamp="20231215 19:05:57.146" level="INFO">Typing text 'Lorem ipsum dolor sit update' into text field '//*[@placeholder="Please input"]'.</msg>
<status status="PASS" starttime="20231215 19:05:57.146" endtime="20231215 19:05:57.727"/>
</kw>
<status status="PASS" starttime="20231215 19:05:56.713" endtime="20231215 19:05:57.727"/>
</kw>
<kw name="Click Btn Confirm" library="pola">
<kw name="Wait Until Element Is Visible" library="SeleniumLibrary">
<arg>//*[@class="el-button el-button--primary"]</arg>
<doc>Waits until the element ``locator`` is visible.</doc>
<status status="PASS" starttime="20231215 19:05:57.727" endtime="20231215 19:05:57.939"/>
</kw>
<kw name="Press Keys" library="SeleniumLibrary">
<arg>None</arg>
<arg>TAB</arg>
<doc>Simulates the user pressing key(s) to an element or on the active browser.</doc>
<msg timestamp="20231215 19:05:57.939" level="INFO">Sending key(s) ('TAB',) to page.</msg>
<msg timestamp="20231215 19:05:57.939" level="INFO">Pressing special key TAB to browser.</msg>
<msg timestamp="20231215 19:05:57.939" level="INFO">Releasing special key TAB.</msg>
<status status="PASS" starttime="20231215 19:05:57.939" endtime="20231215 19:05:58.045"/>
</kw>
<kw name="Sleep" library="BuiltIn">
<arg>0.5s</arg>
<doc>Pauses the test executed for the given time.</doc>
<msg timestamp="20231215 19:05:58.545" level="INFO">Slept 500 milliseconds</msg>
<status status="PASS" starttime="20231215 19:05:58.045" endtime="20231215 19:05:58.545"/>
</kw>
<kw name="Press Keys" library="SeleniumLibrary">
<arg>None</arg>
<arg>TAB</arg>
<doc>Simulates the user pressing key(s) to an element or on the active browser.</doc>
<msg timestamp="20231215 19:05:58.545" level="INFO">Sending key(s) ('TAB',) to page.</msg>
<msg timestamp="20231215 19:05:58.545" level="INFO">Pressing special key TAB to browser.</msg>
<msg timestamp="20231215 19:05:58.545" level="INFO">Releasing special key TAB.</msg>
<status status="PASS" starttime="20231215 19:05:58.545" endtime="20231215 19:05:58.651"/>
</kw>
<kw name="Sleep" library="BuiltIn">
<arg>0.5s</arg>
<doc>Pauses the test executed for the given time.</doc>
<msg timestamp="20231215 19:05:59.152" level="INFO">Slept 500 milliseconds</msg>
<status status="PASS" starttime="20231215 19:05:58.651" endtime="20231215 19:05:59.152"/>
</kw>
<kw name="Press Keys" library="SeleniumLibrary">
<arg>None</arg>
<arg>TAB</arg>
<doc>Simulates the user pressing key(s) to an element or on the active browser.</doc>
<msg timestamp="20231215 19:05:59.152" level="INFO">Sending key(s) ('TAB',) to page.</msg>
<msg timestamp="20231215 19:05:59.152" level="INFO">Pressing special key TAB to browser.</msg>
<msg timestamp="20231215 19:05:59.152" level="INFO">Releasing special key TAB.</msg>
<status status="PASS" starttime="20231215 19:05:59.152" endtime="20231215 19:05:59.257"/>
</kw>
<kw name="Sleep" library="BuiltIn">
<arg>0.5s</arg>
<doc>Pauses the test executed for the given time.</doc>
<msg timestamp="20231215 19:05:59.757" level="INFO">Slept 500 milliseconds</msg>
<status status="PASS" starttime="20231215 19:05:59.257" endtime="20231215 19:05:59.757"/>
</kw>
<kw name="Press Keys" library="SeleniumLibrary">
<arg>None</arg>
<arg>ENTER</arg>
<doc>Simulates the user pressing key(s) to an element or on the active browser.</doc>
<msg timestamp="20231215 19:05:59.758" level="INFO">Sending key(s) ('ENTER',) to page.</msg>
<msg timestamp="20231215 19:05:59.758" level="INFO">Pressing special key ENTER to browser.</msg>
<msg timestamp="20231215 19:05:59.758" level="INFO">Releasing special key ENTER.</msg>
<status status="PASS" starttime="20231215 19:05:59.757" endtime="20231215 19:05:59.864"/>
</kw>
<status status="PASS" starttime="20231215 19:05:57.727" endtime="20231215 19:05:59.864"/>
</kw>
<kw name="Sleep" library="BuiltIn">
<arg>3s</arg>
<doc>Pauses the test executed for the given time.</doc>
<msg timestamp="20231215 19:06:02.864" level="INFO">Slept 3 seconds</msg>
<status status="PASS" starttime="20231215 19:05:59.864" endtime="20231215 19:06:02.864"/>
</kw>
<kw name="Capture Page Screenshot" library="SeleniumLibrary">
<doc>Takes a screenshot of the current page and embeds it into a log file.</doc>
<msg timestamp="20231215 19:06:03.084" level="INFO" html="true">&lt;/td&gt;&lt;/tr&gt;&lt;tr&gt;&lt;td colspan="3"&gt;&lt;a href="selenium-screenshot-1.png"&gt;&lt;img src="selenium-screenshot-1.png" width="800px"&gt;&lt;/a&gt;</msg>
<status status="PASS" starttime="20231215 19:06:02.864" endtime="20231215 19:06:03.084"/>
</kw>
<kw name="Close Browser" library="SeleniumLibrary" type="TEARDOWN">
<doc>Closes the current browser.</doc>
<status status="PASS" starttime="20231215 19:06:03.084" endtime="20231215 19:06:05.242"/>
</kw>
<doc>SC03 - Update Master Data - Pola</doc>
<tag>TC01 - Update Master Data - Pola</tag>
<status status="PASS" starttime="20231215 19:05:38.367" endtime="20231215 19:06:05.242"/>
</test>
<doc>SC03 - Update Master Data - Pola</doc>
<status status="PASS" starttime="20231215 19:05:38.214" endtime="20231215 19:06:05.243"/>
</suite>
<statistics>
<total>
<stat pass="1" fail="0" skip="0">All Tests</stat>
</total>
<tag>
<stat pass="1" fail="0" skip="0">TC01 - Update Master Data - Pola</stat>
</tag>
<suite>
<stat pass="1" fail="0" skip="0" id="s1" name="SC03 - Update Master Data - Pola">SC03 - Update Master Data - Pola</stat>
</suite>
</statistics>
<errors>
</errors>
</robot>
