<?xml version="1.0" encoding="UTF-8"?>
<robot generator="Robot 6.1.1 (Python 3.12.0 on win32)" generated="20231208 19:12:52.135" rpa="false" schemaversion="4">
<suite id="s1" name="SC03 - View Detail Data Dokumen" source="C:\Users\ReiKa\PycharmProjects\spptti\tests\R04 - Layanan (Dokumen)\SC03 - View Detail Data Dokumen\SC03 - View Detail Data Dokumen.robot">
<test id="s1-t1" name="TC01 - View Dokumen" line="8">
<kw name="Open Browser Website" library="login">
<kw name="Open Browser" library="SeleniumLibrary">
<arg>${LOGIN URL}</arg>
<arg>${BROWSER}</arg>
<arg>options=add_argument("--incognito")</arg>
<doc>Opens a new browser instance to the optional ``url``.</doc>
<msg timestamp="20231208 19:12:52.295" level="INFO">Opening browser 'Chrome' to base url 'http://10.31.31.107/sign-in'.</msg>
<status status="PASS" starttime="20231208 19:12:52.295" endtime="20231208 19:12:54.444"/>
</kw>
<kw name="Maximize Browser Window" library="SeleniumLibrary">
<doc>Maximizes current browser window.</doc>
<status status="PASS" starttime="20231208 19:12:54.444" endtime="20231208 19:12:54.556"/>
</kw>
<kw name="Wait Until Page Contains" library="SeleniumLibrary">
<arg>Login</arg>
<doc>Waits until ``text`` appears on the current page.</doc>
<status status="PASS" starttime="20231208 19:12:54.556" endtime="20231208 19:12:54.563"/>
</kw>
<kw name="Set Selenium Speed" library="SeleniumLibrary">
<arg>${SPEED}</arg>
<doc>Sets the delay that is waited after each Selenium command.</doc>
<status status="PASS" starttime="20231208 19:12:54.563" endtime="20231208 19:12:54.563"/>
</kw>
<status status="PASS" starttime="20231208 19:12:52.295" endtime="20231208 19:12:54.563"/>
</kw>
<kw name="Input Email" library="login">
<arg>superadmin@gmail.com</arg>
<kw name="Clear Element Text" library="SeleniumLibrary">
<arg>email</arg>
<doc>Clears the value of the text-input-element identified by ``locator``.</doc>
<status status="PASS" starttime="20231208 19:12:54.563" endtime="20231208 19:12:54.801"/>
</kw>
<kw name="Input Text" library="SeleniumLibrary">
<arg>email</arg>
<arg>${email}</arg>
<doc>Types the given ``text`` into the text field identified by ``locator``.</doc>
<msg timestamp="20231208 19:12:54.801" level="INFO">Typing text 'superadmin@gmail.com' into text field 'email'.</msg>
<status status="PASS" starttime="20231208 19:12:54.801" endtime="20231208 19:12:55.162"/>
</kw>
<kw name="Textfield Value Should Be" library="SeleniumLibrary">
<arg>email</arg>
<arg>${email}</arg>
<doc>Verifies text field ``locator`` has exactly text ``expected``.</doc>
<msg timestamp="20231208 19:12:55.483" level="INFO">Content of text field 'email' is 'superadmin@gmail.com'.</msg>
<status status="PASS" starttime="20231208 19:12:55.162" endtime="20231208 19:12:55.483"/>
</kw>
<status status="PASS" starttime="20231208 19:12:54.563" endtime="20231208 19:12:55.483"/>
</kw>
<kw name="Input Password" library="login">
<arg>Superadmin123*@#</arg>
<kw name="Clear Element Text" library="SeleniumLibrary">
<arg>password</arg>
<doc>Clears the value of the text-input-element identified by ``locator``.</doc>
<status status="PASS" starttime="20231208 19:12:55.483" endtime="20231208 19:12:55.710"/>
</kw>
<kw name="Input Text" library="SeleniumLibrary">
<arg>password</arg>
<arg>${password}</arg>
<doc>Types the given ``text`` into the text field identified by ``locator``.</doc>
<msg timestamp="20231208 19:12:55.710" level="INFO">Typing text 'Superadmin123*@#' into text field 'password'.</msg>
<status status="PASS" starttime="20231208 19:12:55.710" endtime="20231208 19:12:56.070"/>
</kw>
<kw name="Textfield Value Should Be" library="SeleniumLibrary">
<arg>password</arg>
<arg>${password}</arg>
<doc>Verifies text field ``locator`` has exactly text ``expected``.</doc>
<msg timestamp="20231208 19:12:56.392" level="INFO">Content of text field 'password' is 'Superadmin123*@#'.</msg>
<status status="PASS" starttime="20231208 19:12:56.070" endtime="20231208 19:12:56.392"/>
</kw>
<status status="PASS" starttime="20231208 19:12:55.483" endtime="20231208 19:12:56.392"/>
</kw>
<kw name="Click Btn Login" library="login">
<kw name="Wait Until Element Is Visible" library="SeleniumLibrary">
<arg>id:kt_sign_in_submit</arg>
<doc>Waits until the element ``locator`` is visible.</doc>
<status status="PASS" starttime="20231208 19:12:56.393" endtime="20231208 19:12:56.613"/>
</kw>
<kw name="Click Button" library="SeleniumLibrary">
<arg>id:kt_sign_in_submit</arg>
<doc>Clicks the button identified by ``locator``.</doc>
<msg timestamp="20231208 19:12:56.614" level="INFO">Clicking button 'id:kt_sign_in_submit'.</msg>
<status status="PASS" starttime="20231208 19:12:56.614" endtime="20231208 19:12:57.152"/>
</kw>
<kw name="Wait Until Element Is Visible" library="SeleniumLibrary">
<arg>id:swal2-html-container</arg>
<doc>Waits until the element ``locator`` is visible.</doc>
<status status="PASS" starttime="20231208 19:12:57.152" endtime="20231208 19:12:59.812"/>
</kw>
<kw name="Get Text" library="SeleniumLibrary">
<var>${text}</var>
<arg>id:swal2-html-container</arg>
<doc>Returns the text value of the element identified by ``locator``.</doc>
<msg timestamp="20231208 19:13:00.026" level="INFO">${text} = You have successfully logged in!</msg>
<status status="PASS" starttime="20231208 19:12:59.812" endtime="20231208 19:13:00.026"/>
</kw>
<kw name="Run Keyword If" library="BuiltIn">
<arg>'${text} == "You have successfully logged in!"'</arg>
<arg>Press Keys</arg>
<arg>None</arg>
<arg>ENTER</arg>
<arg>Wait Until Location Is</arg>
<arg>http://10.31.31.107/home</arg>
<arg>ELSE IF</arg>
<arg>'${text} == "Gagal Login"'</arg>
<arg>Wait Until Element Contains</arg>
<arg>id:swal2-html-container</arg>
<arg>Gagal Login</arg>
<arg>ELSE</arg>
<arg>Wait Until Element Contains</arg>
<arg>id:swal2-html-container</arg>
<arg>Gagal Login</arg>
<doc>Runs the given keyword with the given arguments, if ``condition`` is true.</doc>
<kw name="Press Keys" library="SeleniumLibrary">
<arg>None</arg>
<arg>ENTER</arg>
<arg>Wait Until Location Is</arg>
<arg>http://10.31.31.107/home</arg>
<doc>Simulates the user pressing key(s) to an element or on the active browser.</doc>
<msg timestamp="20231208 19:13:00.026" level="INFO">Sending key(s) ('ENTER', 'Wait Until Location Is', 'http://10.31.31.107/home') to page.</msg>
<msg timestamp="20231208 19:13:00.026" level="INFO">Pressing special key ENTER to browser.</msg>
<msg timestamp="20231208 19:13:00.026" level="INFO">Releasing special key ENTER.</msg>
<msg timestamp="20231208 19:13:00.135" level="INFO">Sending keys Wait Until Location Is</msg>
<msg timestamp="20231208 19:13:00.397" level="INFO">Sending keys http://10.31.31.107/home</msg>
<status status="PASS" starttime="20231208 19:13:00.026" endtime="20231208 19:13:00.514"/>
</kw>
<status status="PASS" starttime="20231208 19:13:00.026" endtime="20231208 19:13:00.514"/>
</kw>
<status status="PASS" starttime="20231208 19:12:56.393" endtime="20231208 19:13:00.514"/>
</kw>
<kw name="Move To Module Dokumen" library="dokumen">
<kw name="Go To" library="SeleniumLibrary">
<arg>http://10.31.31.107/layanan/dokumen/</arg>
<doc>Navigates the current browser window to the provided ``url``.</doc>
<msg timestamp="20231208 19:13:00.514" level="INFO">Opening url 'http://10.31.31.107/layanan/dokumen/'</msg>
<status status="PASS" starttime="20231208 19:13:00.514" endtime="20231208 19:13:00.765"/>
</kw>
<kw name="Wait Until Location Is" library="SeleniumLibrary">
<arg>http://10.31.31.107/layanan/dokumen/</arg>
<doc>Waits until the current URL is ``expected``.</doc>
<status status="PASS" starttime="20231208 19:13:00.765" endtime="20231208 19:13:00.920"/>
</kw>
<status status="PASS" starttime="20231208 19:13:00.514" endtime="20231208 19:13:00.920"/>
</kw>
<kw name="Detail" library="dokumen">
<kw name="Wait Until Element Is Visible" library="SeleniumLibrary">
<arg>//*[@class="ki-solid ki-eye fs-8"]</arg>
<doc>Waits until the element ``locator`` is visible.</doc>
<status status="PASS" starttime="20231208 19:13:00.920" endtime="20231208 19:13:01.137"/>
</kw>
<kw name="Click Element" library="SeleniumLibrary">
<arg>//*[@class="ki-solid ki-eye fs-8"]</arg>
<doc>Click the element identified by ``locator``.</doc>
<msg timestamp="20231208 19:13:01.137" level="INFO">Clicking element '//*[@class="ki-solid ki-eye fs-8"]'.</msg>
<status status="PASS" starttime="20231208 19:13:01.137" endtime="20231208 19:13:01.388"/>
</kw>
<kw name="Wait Until Page Contains" library="SeleniumLibrary">
<arg>Detail Data</arg>
<doc>Waits until ``text`` appears on the current page.</doc>
<status status="PASS" starttime="20231208 19:13:01.388" endtime="20231208 19:13:01.497"/>
</kw>
<status status="PASS" starttime="20231208 19:13:00.920" endtime="20231208 19:13:01.497"/>
</kw>
<kw name="Sleep" library="BuiltIn">
<arg>2s</arg>
<doc>Pauses the test executed for the given time.</doc>
<msg timestamp="20231208 19:13:03.499" level="INFO">Slept 2 seconds</msg>
<status status="PASS" starttime="20231208 19:13:01.498" endtime="20231208 19:13:03.499"/>
</kw>
<kw name="Capture Page Screenshot" library="SeleniumLibrary">
<doc>Takes a screenshot of the current page and embeds it into a log file.</doc>
<msg timestamp="20231208 19:13:03.717" level="INFO" html="true">&lt;/td&gt;&lt;/tr&gt;&lt;tr&gt;&lt;td colspan="3"&gt;&lt;a href="selenium-screenshot-1.png"&gt;&lt;img src="selenium-screenshot-1.png" width="800px"&gt;&lt;/a&gt;</msg>
<status status="PASS" starttime="20231208 19:13:03.499" endtime="20231208 19:13:03.717"/>
</kw>
<kw name="Close Browser" library="SeleniumLibrary" type="TEARDOWN">
<doc>Closes the current browser.</doc>
<status status="PASS" starttime="20231208 19:13:03.717" endtime="20231208 19:13:05.860"/>
</kw>
<doc>SC01 - View Page Dokumen</doc>
<tag>TC01 - View Dokumen</tag>
<status status="PASS" starttime="20231208 19:12:52.281" endtime="20231208 19:13:05.860"/>
</test>
<doc>SC01 - View Page Dokumen</doc>
<status status="PASS" starttime="20231208 19:12:52.135" endtime="20231208 19:13:05.860"/>
</suite>
<statistics>
<total>
<stat pass="1" fail="0" skip="0">All Tests</stat>
</total>
<tag>
<stat pass="1" fail="0" skip="0">TC01 - View Dokumen</stat>
</tag>
<suite>
<stat pass="1" fail="0" skip="0" id="s1" name="SC03 - View Detail Data Dokumen">SC03 - View Detail Data Dokumen</stat>
</suite>
</statistics>
<errors>
</errors>
</robot>
