<?xml version="1.0" encoding="UTF-8"?>
<robot generator="Robot 6.1.1 (Python 3.12.0 on win32)" generated="20231206 12:48:08.417" rpa="false" schemaversion="4">
<suite id="s1" name="SC05 - Logout" source="C:\Users\ReiKa\PycharmProjects\spptti\tests\R01 - Authentication\SC05 - Logout\SC05 - Logout.robot">
<test id="s1-t1" name="TC01 - Log out rules" line="7">
<kw name="Open Browser Website" library="login">
<kw name="Open Browser" library="SeleniumLibrary">
<arg>${LOGIN URL}</arg>
<arg>${BROWSER}</arg>
<arg>options=add_argument("--incognito")</arg>
<doc>Opens a new browser instance to the optional ``url``.</doc>
<msg timestamp="20231206 12:48:08.572" level="INFO">Opening browser 'Chrome' to base url 'http://10.31.31.107/sign-in'.</msg>
<status status="PASS" starttime="20231206 12:48:08.572" endtime="20231206 12:48:10.636"/>
</kw>
<kw name="Maximize Browser Window" library="SeleniumLibrary">
<doc>Maximizes current browser window.</doc>
<status status="PASS" starttime="20231206 12:48:10.636" endtime="20231206 12:48:10.749"/>
</kw>
<kw name="Wait Until Page Contains" library="SeleniumLibrary">
<arg>Login</arg>
<doc>Waits until ``text`` appears on the current page.</doc>
<status status="PASS" starttime="20231206 12:48:10.749" endtime="20231206 12:48:10.758"/>
</kw>
<kw name="Set Selenium Speed" library="SeleniumLibrary">
<arg>${SPEED}</arg>
<doc>Sets the delay that is waited after each Selenium command.</doc>
<status status="PASS" starttime="20231206 12:48:10.758" endtime="20231206 12:48:10.758"/>
</kw>
<status status="PASS" starttime="20231206 12:48:08.572" endtime="20231206 12:48:10.758"/>
</kw>
<kw name="Input Email" library="login">
<arg>superadmin@gmail.com</arg>
<kw name="Clear Element Text" library="SeleniumLibrary">
<arg>email</arg>
<doc>Clears the value of the text-input-element identified by ``locator``.</doc>
<status status="PASS" starttime="20231206 12:48:10.758" endtime="20231206 12:48:10.988"/>
</kw>
<kw name="Input Text" library="SeleniumLibrary">
<arg>email</arg>
<arg>${email}</arg>
<doc>Types the given ``text`` into the text field identified by ``locator``.</doc>
<msg timestamp="20231206 12:48:10.988" level="INFO">Typing text 'superadmin@gmail.com' into text field 'email'.</msg>
<status status="PASS" starttime="20231206 12:48:10.988" endtime="20231206 12:48:11.342"/>
</kw>
<kw name="Textfield Value Should Be" library="SeleniumLibrary">
<arg>email</arg>
<arg>${email}</arg>
<doc>Verifies text field ``locator`` has exactly text ``expected``.</doc>
<msg timestamp="20231206 12:48:11.661" level="INFO">Content of text field 'email' is 'superadmin@gmail.com'.</msg>
<status status="PASS" starttime="20231206 12:48:11.342" endtime="20231206 12:48:11.661"/>
</kw>
<status status="PASS" starttime="20231206 12:48:10.758" endtime="20231206 12:48:11.661"/>
</kw>
<kw name="Input Password" library="login">
<arg>Superadmin123*@#</arg>
<kw name="Clear Element Text" library="SeleniumLibrary">
<arg>password</arg>
<doc>Clears the value of the text-input-element identified by ``locator``.</doc>
<status status="PASS" starttime="20231206 12:48:11.661" endtime="20231206 12:48:11.885"/>
</kw>
<kw name="Input Text" library="SeleniumLibrary">
<arg>password</arg>
<arg>${password}</arg>
<doc>Types the given ``text`` into the text field identified by ``locator``.</doc>
<msg timestamp="20231206 12:48:11.885" level="INFO">Typing text 'Superadmin123*@#' into text field 'password'.</msg>
<status status="PASS" starttime="20231206 12:48:11.885" endtime="20231206 12:48:12.230"/>
</kw>
<kw name="Textfield Value Should Be" library="SeleniumLibrary">
<arg>password</arg>
<arg>${password}</arg>
<doc>Verifies text field ``locator`` has exactly text ``expected``.</doc>
<msg timestamp="20231206 12:48:12.547" level="INFO">Content of text field 'password' is 'Superadmin123*@#'.</msg>
<status status="PASS" starttime="20231206 12:48:12.230" endtime="20231206 12:48:12.547"/>
</kw>
<status status="PASS" starttime="20231206 12:48:11.661" endtime="20231206 12:48:12.547"/>
</kw>
<kw name="Click Btn Login" library="login">
<kw name="Wait Until Element Is Visible" library="SeleniumLibrary">
<arg>id:kt_sign_in_submit</arg>
<doc>Waits until the element ``locator`` is visible.</doc>
<status status="PASS" starttime="20231206 12:48:12.548" endtime="20231206 12:48:12.763"/>
</kw>
<kw name="Click Button" library="SeleniumLibrary">
<arg>id:kt_sign_in_submit</arg>
<doc>Clicks the button identified by ``locator``.</doc>
<msg timestamp="20231206 12:48:12.763" level="INFO">Clicking button 'id:kt_sign_in_submit'.</msg>
<status status="PASS" starttime="20231206 12:48:12.763" endtime="20231206 12:48:13.298"/>
</kw>
<kw name="Wait Until Element Is Visible" library="SeleniumLibrary">
<arg>id:swal2-html-container</arg>
<doc>Waits until the element ``locator`` is visible.</doc>
<status status="PASS" starttime="20231206 12:48:13.298" endtime="20231206 12:48:16.563"/>
</kw>
<kw name="Get Text" library="SeleniumLibrary">
<var>${text}</var>
<arg>id:swal2-html-container</arg>
<doc>Returns the text value of the element identified by ``locator``.</doc>
<msg timestamp="20231206 12:48:16.778" level="INFO">${text} = You have successfully logged in!</msg>
<status status="PASS" starttime="20231206 12:48:16.563" endtime="20231206 12:48:16.778"/>
</kw>
<kw name="Run Keyword If" library="BuiltIn">
<arg>'${text} == "You have successfully logged in!"'</arg>
<arg>Press Keys</arg>
<arg>None</arg>
<arg>ENTER</arg>
<arg>Wait Until Location Is</arg>
<arg>http://10.31.31.107/home</arg>
<arg>ELSE IF</arg>
<arg>'${text} == "Gagal Login"'</arg>
<arg>Wait Until Element Contains</arg>
<arg>id:swal2-html-container</arg>
<arg>Gagal Login</arg>
<arg>ELSE</arg>
<arg>Wait Until Element Contains</arg>
<arg>id:swal2-html-container</arg>
<arg>Gagal Login</arg>
<doc>Runs the given keyword with the given arguments, if ``condition`` is true.</doc>
<kw name="Press Keys" library="SeleniumLibrary">
<arg>None</arg>
<arg>ENTER</arg>
<arg>Wait Until Location Is</arg>
<arg>http://10.31.31.107/home</arg>
<doc>Simulates the user pressing key(s) to an element or on the active browser.</doc>
<msg timestamp="20231206 12:48:16.778" level="INFO">Sending key(s) ('ENTER', 'Wait Until Location Is', 'http://10.31.31.107/home') to page.</msg>
<msg timestamp="20231206 12:48:16.778" level="INFO">Pressing special key ENTER to browser.</msg>
<msg timestamp="20231206 12:48:16.778" level="INFO">Releasing special key ENTER.</msg>
<msg timestamp="20231206 12:48:16.886" level="INFO">Sending keys Wait Until Location Is</msg>
<msg timestamp="20231206 12:48:17.064" level="INFO">Sending keys http://10.31.31.107/home</msg>
<status status="PASS" starttime="20231206 12:48:16.778" endtime="20231206 12:48:17.178"/>
</kw>
<status status="PASS" starttime="20231206 12:48:16.778" endtime="20231206 12:48:17.178"/>
</kw>
<status status="PASS" starttime="20231206 12:48:12.547" endtime="20231206 12:48:17.178"/>
</kw>
<kw name="Logout" library="login">
<kw name="Wait Until Element Is Visible" library="SeleniumLibrary">
<arg>//*[@class="rounded-3"]</arg>
<doc>Waits until the element ``locator`` is visible.</doc>
<status status="PASS" starttime="20231206 12:48:17.178" endtime="20231206 12:48:17.392"/>
</kw>
<kw name="Click Element" library="SeleniumLibrary">
<arg>//*[@class="rounded-3"]</arg>
<doc>Click the element identified by ``locator``.</doc>
<msg timestamp="20231206 12:48:17.392" level="INFO">Clicking element '//*[@class="rounded-3"]'.</msg>
<status status="PASS" starttime="20231206 12:48:17.392" endtime="20231206 12:48:17.621"/>
</kw>
<kw name="Wait Until Element Is Visible" library="SeleniumLibrary">
<arg>//*[@class="menu-link px-5"]</arg>
<doc>Waits until the element ``locator`` is visible.</doc>
<status status="PASS" starttime="20231206 12:48:17.621" endtime="20231206 12:48:17.835"/>
</kw>
<kw name="Click Element" library="SeleniumLibrary">
<arg>xpath://*[@id="kt_header_user_menu_toggle"]/div[2]/div[7]/a</arg>
<doc>Click the element identified by ``locator``.</doc>
<msg timestamp="20231206 12:48:17.835" level="INFO">Clicking element 'xpath://*[@id="kt_header_user_menu_toggle"]/div[2]/div[7]/a'.</msg>
<status status="PASS" starttime="20231206 12:48:17.835" endtime="20231206 12:48:18.072"/>
</kw>
<kw name="Sleep" library="BuiltIn">
<arg>1s</arg>
<doc>Pauses the test executed for the given time.</doc>
<msg timestamp="20231206 12:48:19.072" level="INFO">Slept 1 second</msg>
<status status="PASS" starttime="20231206 12:48:18.072" endtime="20231206 12:48:19.072"/>
</kw>
<kw name="Press Keys" library="SeleniumLibrary">
<arg>None</arg>
<arg>ENTER</arg>
<doc>Simulates the user pressing key(s) to an element or on the active browser.</doc>
<msg timestamp="20231206 12:48:19.072" level="INFO">Sending key(s) ('ENTER',) to page.</msg>
<msg timestamp="20231206 12:48:19.072" level="INFO">Pressing special key ENTER to browser.</msg>
<msg timestamp="20231206 12:48:19.072" level="INFO">Releasing special key ENTER.</msg>
<status status="PASS" starttime="20231206 12:48:19.072" endtime="20231206 12:48:19.180"/>
</kw>
<kw name="Sleep" library="BuiltIn">
<arg>1s</arg>
<doc>Pauses the test executed for the given time.</doc>
<msg timestamp="20231206 12:48:20.180" level="INFO">Slept 1 second</msg>
<status status="PASS" starttime="20231206 12:48:19.180" endtime="20231206 12:48:20.180"/>
</kw>
<kw name="Press Keys" library="SeleniumLibrary">
<arg>None</arg>
<arg>ENTER</arg>
<doc>Simulates the user pressing key(s) to an element or on the active browser.</doc>
<msg timestamp="20231206 12:48:20.180" level="INFO">Sending key(s) ('ENTER',) to page.</msg>
<msg timestamp="20231206 12:48:20.180" level="INFO">Pressing special key ENTER to browser.</msg>
<msg timestamp="20231206 12:48:20.180" level="INFO">Releasing special key ENTER.</msg>
<status status="PASS" starttime="20231206 12:48:20.180" endtime="20231206 12:48:20.292"/>
</kw>
<kw name="Wait Until Location Is" library="SeleniumLibrary">
<arg>${LOGIN URL}</arg>
<doc>Waits until the current URL is ``expected``.</doc>
<status status="PASS" starttime="20231206 12:48:20.292" endtime="20231206 12:48:20.396"/>
</kw>
<status status="PASS" starttime="20231206 12:48:17.178" endtime="20231206 12:48:20.396"/>
</kw>
<kw name="Sleep" library="BuiltIn">
<arg>2s</arg>
<doc>Pauses the test executed for the given time.</doc>
<msg timestamp="20231206 12:48:22.396" level="INFO">Slept 2 seconds</msg>
<status status="PASS" starttime="20231206 12:48:20.396" endtime="20231206 12:48:22.396"/>
</kw>
<kw name="Capture Page Screenshot" library="SeleniumLibrary">
<doc>Takes a screenshot of the current page and embeds it into a log file.</doc>
<msg timestamp="20231206 12:48:22.590" level="INFO" html="true">&lt;/td&gt;&lt;/tr&gt;&lt;tr&gt;&lt;td colspan="3"&gt;&lt;a href="selenium-screenshot-1.png"&gt;&lt;img src="selenium-screenshot-1.png" width="800px"&gt;&lt;/a&gt;</msg>
<status status="PASS" starttime="20231206 12:48:22.396" endtime="20231206 12:48:22.590"/>
</kw>
<kw name="Close Browser" library="SeleniumLibrary" type="TEARDOWN">
<doc>Closes the current browser.</doc>
<status status="PASS" starttime="20231206 12:48:22.590" endtime="20231206 12:48:24.738"/>
</kw>
<doc>SC01 - Logout</doc>
<tag>TC01 - Log out rules</tag>
<status status="PASS" starttime="20231206 12:48:08.572" endtime="20231206 12:48:24.738"/>
</test>
<doc>SC05 - Logout</doc>
<status status="PASS" starttime="20231206 12:48:08.417" endtime="20231206 12:48:24.738"/>
</suite>
<statistics>
<total>
<stat pass="1" fail="0" skip="0">All Tests</stat>
</total>
<tag>
<stat pass="1" fail="0" skip="0">TC01 - Log out rules</stat>
</tag>
<suite>
<stat pass="1" fail="0" skip="0" id="s1" name="SC05 - Logout">SC05 - Logout</stat>
</suite>
</statistics>
<errors>
</errors>
</robot>
