<?xml version="1.0" encoding="UTF-8"?>
<robot generator="Robot 6.1.1 (Python 3.12.0 on win32)" generated="20231206 18:05:56.375" rpa="false" schemaversion="4">
<suite id="s1" name="SC02 - Filter Manajemen Modul" source="C:\Users\ReiKa\PycharmProjects\spptti\tests\R05 - Management Module\SC02 - Filter Manajemen Modul\SC02 - Filter Manajemen Modul.robot">
<test id="s1-t1" name="TC01 - Filter Kata Kunci" line="8">
<kw name="Open Browser Website" library="login">
<kw name="Open Browser" library="SeleniumLibrary">
<arg>${LOGIN URL}</arg>
<arg>${BROWSER}</arg>
<arg>options=add_argument("--incognito")</arg>
<doc>Opens a new browser instance to the optional ``url``.</doc>
<msg timestamp="20231206 18:05:56.530" level="INFO">Opening browser 'Chrome' to base url 'http://10.31.31.107/sign-in'.</msg>
<status status="PASS" starttime="20231206 18:05:56.530" endtime="20231206 18:05:58.425"/>
</kw>
<kw name="Maximize Browser Window" library="SeleniumLibrary">
<doc>Maximizes current browser window.</doc>
<status status="PASS" starttime="20231206 18:05:58.426" endtime="20231206 18:05:58.536"/>
</kw>
<kw name="Wait Until Page Contains" library="SeleniumLibrary">
<arg>Login</arg>
<doc>Waits until ``text`` appears on the current page.</doc>
<status status="PASS" starttime="20231206 18:05:58.536" endtime="20231206 18:05:58.563"/>
</kw>
<kw name="Set Selenium Speed" library="SeleniumLibrary">
<arg>${SPEED}</arg>
<doc>Sets the delay that is waited after each Selenium command.</doc>
<status status="PASS" starttime="20231206 18:05:58.563" endtime="20231206 18:05:58.564"/>
</kw>
<status status="PASS" starttime="20231206 18:05:56.530" endtime="20231206 18:05:58.564"/>
</kw>
<kw name="Input Email" library="login">
<arg>superadmin@gmail.com</arg>
<kw name="Clear Element Text" library="SeleniumLibrary">
<arg>email</arg>
<doc>Clears the value of the text-input-element identified by ``locator``.</doc>
<status status="PASS" starttime="20231206 18:05:58.564" endtime="20231206 18:05:58.819"/>
</kw>
<kw name="Input Text" library="SeleniumLibrary">
<arg>email</arg>
<arg>${email}</arg>
<doc>Types the given ``text`` into the text field identified by ``locator``.</doc>
<msg timestamp="20231206 18:05:58.819" level="INFO">Typing text 'superadmin@gmail.com' into text field 'email'.</msg>
<status status="PASS" starttime="20231206 18:05:58.819" endtime="20231206 18:05:59.175"/>
</kw>
<kw name="Textfield Value Should Be" library="SeleniumLibrary">
<arg>email</arg>
<arg>${email}</arg>
<doc>Verifies text field ``locator`` has exactly text ``expected``.</doc>
<msg timestamp="20231206 18:05:59.496" level="INFO">Content of text field 'email' is 'superadmin@gmail.com'.</msg>
<status status="PASS" starttime="20231206 18:05:59.175" endtime="20231206 18:05:59.496"/>
</kw>
<status status="PASS" starttime="20231206 18:05:58.564" endtime="20231206 18:05:59.496"/>
</kw>
<kw name="Input Password" library="login">
<arg>Superadmin123*@#</arg>
<kw name="Clear Element Text" library="SeleniumLibrary">
<arg>password</arg>
<doc>Clears the value of the text-input-element identified by ``locator``.</doc>
<status status="PASS" starttime="20231206 18:05:59.496" endtime="20231206 18:05:59.721"/>
</kw>
<kw name="Input Text" library="SeleniumLibrary">
<arg>password</arg>
<arg>${password}</arg>
<doc>Types the given ``text`` into the text field identified by ``locator``.</doc>
<msg timestamp="20231206 18:05:59.721" level="INFO">Typing text 'Superadmin123*@#' into text field 'password'.</msg>
<status status="PASS" starttime="20231206 18:05:59.721" endtime="20231206 18:06:00.067"/>
</kw>
<kw name="Textfield Value Should Be" library="SeleniumLibrary">
<arg>password</arg>
<arg>${password}</arg>
<doc>Verifies text field ``locator`` has exactly text ``expected``.</doc>
<msg timestamp="20231206 18:06:00.386" level="INFO">Content of text field 'password' is 'Superadmin123*@#'.</msg>
<status status="PASS" starttime="20231206 18:06:00.067" endtime="20231206 18:06:00.386"/>
</kw>
<status status="PASS" starttime="20231206 18:05:59.496" endtime="20231206 18:06:00.386"/>
</kw>
<kw name="Click Btn Login" library="login">
<kw name="Wait Until Element Is Visible" library="SeleniumLibrary">
<arg>id:kt_sign_in_submit</arg>
<doc>Waits until the element ``locator`` is visible.</doc>
<status status="PASS" starttime="20231206 18:06:00.386" endtime="20231206 18:06:00.602"/>
</kw>
<kw name="Click Button" library="SeleniumLibrary">
<arg>id:kt_sign_in_submit</arg>
<doc>Clicks the button identified by ``locator``.</doc>
<msg timestamp="20231206 18:06:00.602" level="INFO">Clicking button 'id:kt_sign_in_submit'.</msg>
<status status="PASS" starttime="20231206 18:06:00.602" endtime="20231206 18:06:01.140"/>
</kw>
<kw name="Wait Until Element Is Visible" library="SeleniumLibrary">
<arg>id:swal2-html-container</arg>
<doc>Waits until the element ``locator`` is visible.</doc>
<status status="PASS" starttime="20231206 18:06:01.140" endtime="20231206 18:06:04.715"/>
</kw>
<kw name="Get Text" library="SeleniumLibrary">
<var>${text}</var>
<arg>id:swal2-html-container</arg>
<doc>Returns the text value of the element identified by ``locator``.</doc>
<msg timestamp="20231206 18:06:04.930" level="INFO">${text} = You have successfully logged in!</msg>
<status status="PASS" starttime="20231206 18:06:04.715" endtime="20231206 18:06:04.930"/>
</kw>
<kw name="Run Keyword If" library="BuiltIn">
<arg>'${text} == "You have successfully logged in!"'</arg>
<arg>Press Keys</arg>
<arg>None</arg>
<arg>ENTER</arg>
<arg>Wait Until Location Is</arg>
<arg>http://10.31.31.107/home</arg>
<arg>ELSE IF</arg>
<arg>'${text} == "Gagal Login"'</arg>
<arg>Wait Until Element Contains</arg>
<arg>id:swal2-html-container</arg>
<arg>Gagal Login</arg>
<arg>ELSE</arg>
<arg>Wait Until Element Contains</arg>
<arg>id:swal2-html-container</arg>
<arg>Gagal Login</arg>
<doc>Runs the given keyword with the given arguments, if ``condition`` is true.</doc>
<kw name="Press Keys" library="SeleniumLibrary">
<arg>None</arg>
<arg>ENTER</arg>
<arg>Wait Until Location Is</arg>
<arg>http://10.31.31.107/home</arg>
<doc>Simulates the user pressing key(s) to an element or on the active browser.</doc>
<msg timestamp="20231206 18:06:04.931" level="INFO">Sending key(s) ('ENTER', 'Wait Until Location Is', 'http://10.31.31.107/home') to page.</msg>
<msg timestamp="20231206 18:06:04.931" level="INFO">Pressing special key ENTER to browser.</msg>
<msg timestamp="20231206 18:06:04.931" level="INFO">Releasing special key ENTER.</msg>
<msg timestamp="20231206 18:06:05.037" level="INFO">Sending keys Wait Until Location Is</msg>
<msg timestamp="20231206 18:06:05.219" level="INFO">Sending keys http://10.31.31.107/home</msg>
<status status="PASS" starttime="20231206 18:06:04.930" endtime="20231206 18:06:05.333"/>
</kw>
<status status="PASS" starttime="20231206 18:06:04.930" endtime="20231206 18:06:05.333"/>
</kw>
<status status="PASS" starttime="20231206 18:06:00.386" endtime="20231206 18:06:05.333"/>
</kw>
<kw name="Move To Management Module" library="management_module">
<kw name="Go To" library="SeleniumLibrary">
<arg>http://10.31.31.107/admin/manajemen-modul/</arg>
<doc>Navigates the current browser window to the provided ``url``.</doc>
<msg timestamp="20231206 18:06:05.333" level="INFO">Opening url 'http://10.31.31.107/admin/manajemen-modul/'</msg>
<status status="PASS" starttime="20231206 18:06:05.333" endtime="20231206 18:06:05.632"/>
</kw>
<kw name="Wait Until Location Is" library="SeleniumLibrary">
<arg>http://10.31.31.107/admin/manajemen-modul/</arg>
<doc>Waits until the current URL is ``expected``.</doc>
<status status="PASS" starttime="20231206 18:06:05.632" endtime="20231206 18:06:05.736"/>
</kw>
<status status="PASS" starttime="20231206 18:06:05.333" endtime="20231206 18:06:05.736"/>
</kw>
<kw name="Search" library="management_module">
<arg>Auth</arg>
<kw name="Wait Until Element Is Visible" library="SeleniumLibrary">
<arg>//*[@placeholder="Kata Kunci"]</arg>
<doc>Waits until the element ``locator`` is visible.</doc>
<status status="PASS" starttime="20231206 18:06:05.736" endtime="20231206 18:06:05.951"/>
</kw>
<kw name="Input Text" library="SeleniumLibrary">
<arg>//*[@placeholder="Kata Kunci"]</arg>
<arg>${param}</arg>
<doc>Types the given ``text`` into the text field identified by ``locator``.</doc>
<msg timestamp="20231206 18:06:05.951" level="INFO">Typing text 'Auth' into text field '//*[@placeholder="Kata Kunci"]'.</msg>
<status status="PASS" starttime="20231206 18:06:05.951" endtime="20231206 18:06:06.292"/>
</kw>
<kw name="Textfield Value Should Be" library="SeleniumLibrary">
<arg>//*[@placeholder="Kata Kunci"]</arg>
<arg>${param}</arg>
<doc>Verifies text field ``locator`` has exactly text ``expected``.</doc>
<msg timestamp="20231206 18:06:06.714" level="INFO">Content of text field '//*[@placeholder="Kata Kunci"]' is 'Auth'.</msg>
<status status="PASS" starttime="20231206 18:06:06.292" endtime="20231206 18:06:06.714"/>
</kw>
<kw name="Click Element" library="SeleniumLibrary">
<arg>//*[@class="btn btn-sm btn-primary text-center"]</arg>
<doc>Click the element identified by ``locator``.</doc>
<msg timestamp="20231206 18:06:06.714" level="INFO">Clicking element '//*[@class="btn btn-sm btn-primary text-center"]'.</msg>
<status status="PASS" starttime="20231206 18:06:06.714" endtime="20231206 18:06:06.950"/>
</kw>
<status status="PASS" starttime="20231206 18:06:05.736" endtime="20231206 18:06:06.950"/>
</kw>
<kw name="Sleep" library="BuiltIn">
<arg>2s</arg>
<doc>Pauses the test executed for the given time.</doc>
<msg timestamp="20231206 18:06:08.951" level="INFO">Slept 2 seconds</msg>
<status status="PASS" starttime="20231206 18:06:06.950" endtime="20231206 18:06:08.951"/>
</kw>
<kw name="Capture Page Screenshot" library="SeleniumLibrary">
<doc>Takes a screenshot of the current page and embeds it into a log file.</doc>
<msg timestamp="20231206 18:06:09.158" level="INFO" html="true">&lt;/td&gt;&lt;/tr&gt;&lt;tr&gt;&lt;td colspan="3"&gt;&lt;a href="selenium-screenshot-1.png"&gt;&lt;img src="selenium-screenshot-1.png" width="800px"&gt;&lt;/a&gt;</msg>
<status status="PASS" starttime="20231206 18:06:08.951" endtime="20231206 18:06:09.158"/>
</kw>
<kw name="Close Browser" library="SeleniumLibrary" type="TEARDOWN">
<doc>Closes the current browser.</doc>
<status status="PASS" starttime="20231206 18:06:09.158" endtime="20231206 18:06:11.314"/>
</kw>
<doc>SC02 - Filter Manajemen Modul</doc>
<tag>TC01 - Filter Kata Kunci</tag>
<status status="PASS" starttime="20231206 18:05:56.529" endtime="20231206 18:06:11.314"/>
</test>
<doc>SC02 - Filter Manajemen Modul</doc>
<status status="PASS" starttime="20231206 18:05:56.376" endtime="20231206 18:06:11.315"/>
</suite>
<statistics>
<total>
<stat pass="1" fail="0" skip="0">All Tests</stat>
</total>
<tag>
<stat pass="1" fail="0" skip="0">TC01 - Filter Kata Kunci</stat>
</tag>
<suite>
<stat pass="1" fail="0" skip="0" id="s1" name="SC02 - Filter Manajemen Modul">SC02 - Filter Manajemen Modul</stat>
</suite>
</statistics>
<errors>
</errors>
</robot>
