<?xml version="1.0" encoding="UTF-8"?>
<robot generator="Robot 6.1.1 (Python 3.12.0 on win32)" generated="20231206 12:45:10.806" rpa="false" schemaversion="4">
<suite id="s1" name="SC05 - Logout" source="C:\Users\ReiKa\PycharmProjects\spptti\tests\R01 - Authentication\SC05 - Logout\SC05 - Logout.robot">
<test id="s1-t1" name="TC01 - Log out rules" line="7">
<kw name="Open Browser Website" library="login">
<kw name="Open Browser" library="SeleniumLibrary">
<arg>${LOGIN URL}</arg>
<arg>${BROWSER}</arg>
<arg>options=add_argument("--incognito")</arg>
<doc>Opens a new browser instance to the optional ``url``.</doc>
<msg timestamp="20231206 12:45:10.973" level="INFO">Opening browser 'Chrome' to base url 'http://10.31.31.107/sign-in'.</msg>
<status status="PASS" starttime="20231206 12:45:10.973" endtime="20231206 12:45:13.008"/>
</kw>
<kw name="Maximize Browser Window" library="SeleniumLibrary">
<doc>Maximizes current browser window.</doc>
<status status="PASS" starttime="20231206 12:45:13.008" endtime="20231206 12:45:13.121"/>
</kw>
<kw name="Wait Until Page Contains" library="SeleniumLibrary">
<arg>Login</arg>
<doc>Waits until ``text`` appears on the current page.</doc>
<status status="PASS" starttime="20231206 12:45:13.121" endtime="20231206 12:45:13.131"/>
</kw>
<kw name="Set Selenium Speed" library="SeleniumLibrary">
<arg>${SPEED}</arg>
<doc>Sets the delay that is waited after each Selenium command.</doc>
<status status="PASS" starttime="20231206 12:45:13.131" endtime="20231206 12:45:13.131"/>
</kw>
<status status="PASS" starttime="20231206 12:45:10.973" endtime="20231206 12:45:13.131"/>
</kw>
<kw name="Input Email" library="login">
<arg>superadmin@gmail.com</arg>
<kw name="Clear Element Text" library="SeleniumLibrary">
<arg>email</arg>
<doc>Clears the value of the text-input-element identified by ``locator``.</doc>
<status status="PASS" starttime="20231206 12:45:13.132" endtime="20231206 12:45:13.363"/>
</kw>
<kw name="Input Text" library="SeleniumLibrary">
<arg>email</arg>
<arg>${email}</arg>
<doc>Types the given ``text`` into the text field identified by ``locator``.</doc>
<msg timestamp="20231206 12:45:13.363" level="INFO">Typing text 'superadmin@gmail.com' into text field 'email'.</msg>
<status status="PASS" starttime="20231206 12:45:13.363" endtime="20231206 12:45:13.723"/>
</kw>
<kw name="Textfield Value Should Be" library="SeleniumLibrary">
<arg>email</arg>
<arg>${email}</arg>
<doc>Verifies text field ``locator`` has exactly text ``expected``.</doc>
<msg timestamp="20231206 12:45:14.044" level="INFO">Content of text field 'email' is 'superadmin@gmail.com'.</msg>
<status status="PASS" starttime="20231206 12:45:13.723" endtime="20231206 12:45:14.044"/>
</kw>
<status status="PASS" starttime="20231206 12:45:13.132" endtime="20231206 12:45:14.044"/>
</kw>
<kw name="Input Password" library="login">
<arg>Superadmin123*@#</arg>
<kw name="Clear Element Text" library="SeleniumLibrary">
<arg>password</arg>
<doc>Clears the value of the text-input-element identified by ``locator``.</doc>
<status status="PASS" starttime="20231206 12:45:14.044" endtime="20231206 12:45:14.269"/>
</kw>
<kw name="Input Text" library="SeleniumLibrary">
<arg>password</arg>
<arg>${password}</arg>
<doc>Types the given ``text`` into the text field identified by ``locator``.</doc>
<msg timestamp="20231206 12:45:14.269" level="INFO">Typing text 'Superadmin123*@#' into text field 'password'.</msg>
<status status="PASS" starttime="20231206 12:45:14.269" endtime="20231206 12:45:14.616"/>
</kw>
<kw name="Textfield Value Should Be" library="SeleniumLibrary">
<arg>password</arg>
<arg>${password}</arg>
<doc>Verifies text field ``locator`` has exactly text ``expected``.</doc>
<msg timestamp="20231206 12:45:14.934" level="INFO">Content of text field 'password' is 'Superadmin123*@#'.</msg>
<status status="PASS" starttime="20231206 12:45:14.616" endtime="20231206 12:45:14.934"/>
</kw>
<status status="PASS" starttime="20231206 12:45:14.044" endtime="20231206 12:45:14.934"/>
</kw>
<kw name="Click Btn Login" library="login">
<kw name="Wait Until Element Is Visible" library="SeleniumLibrary">
<arg>id:kt_sign_in_submit</arg>
<doc>Waits until the element ``locator`` is visible.</doc>
<status status="PASS" starttime="20231206 12:45:14.934" endtime="20231206 12:45:15.154"/>
</kw>
<kw name="Click Button" library="SeleniumLibrary">
<arg>id:kt_sign_in_submit</arg>
<doc>Clicks the button identified by ``locator``.</doc>
<msg timestamp="20231206 12:45:15.154" level="INFO">Clicking button 'id:kt_sign_in_submit'.</msg>
<status status="PASS" starttime="20231206 12:45:15.154" endtime="20231206 12:45:15.691"/>
</kw>
<kw name="Wait Until Element Is Visible" library="SeleniumLibrary">
<arg>id:swal2-html-container</arg>
<doc>Waits until the element ``locator`` is visible.</doc>
<status status="PASS" starttime="20231206 12:45:15.691" endtime="20231206 12:45:19.567"/>
</kw>
<kw name="Get Text" library="SeleniumLibrary">
<var>${text}</var>
<arg>id:swal2-html-container</arg>
<doc>Returns the text value of the element identified by ``locator``.</doc>
<msg timestamp="20231206 12:45:19.780" level="INFO">${text} = You have successfully logged in!</msg>
<status status="PASS" starttime="20231206 12:45:19.567" endtime="20231206 12:45:19.780"/>
</kw>
<kw name="Run Keyword If" library="BuiltIn">
<arg>'${text} == "You have successfully logged in!"'</arg>
<arg>Press Keys</arg>
<arg>None</arg>
<arg>ENTER</arg>
<arg>Wait Until Location Is</arg>
<arg>http://10.31.31.107/home</arg>
<arg>ELSE IF</arg>
<arg>'${text} == "Gagal Login"'</arg>
<arg>Wait Until Element Contains</arg>
<arg>id:swal2-html-container</arg>
<arg>Gagal Login</arg>
<arg>ELSE</arg>
<arg>Wait Until Element Contains</arg>
<arg>id:swal2-html-container</arg>
<arg>Gagal Login</arg>
<doc>Runs the given keyword with the given arguments, if ``condition`` is true.</doc>
<kw name="Press Keys" library="SeleniumLibrary">
<arg>None</arg>
<arg>ENTER</arg>
<arg>Wait Until Location Is</arg>
<arg>http://10.31.31.107/home</arg>
<doc>Simulates the user pressing key(s) to an element or on the active browser.</doc>
<msg timestamp="20231206 12:45:19.781" level="INFO">Sending key(s) ('ENTER', 'Wait Until Location Is', 'http://10.31.31.107/home') to page.</msg>
<msg timestamp="20231206 12:45:19.781" level="INFO">Pressing special key ENTER to browser.</msg>
<msg timestamp="20231206 12:45:19.781" level="INFO">Releasing special key ENTER.</msg>
<msg timestamp="20231206 12:45:19.888" level="INFO">Sending keys Wait Until Location Is</msg>
<msg timestamp="20231206 12:45:20.071" level="INFO">Sending keys http://10.31.31.107/home</msg>
<status status="PASS" starttime="20231206 12:45:19.780" endtime="20231206 12:45:20.184"/>
</kw>
<status status="PASS" starttime="20231206 12:45:19.780" endtime="20231206 12:45:20.184"/>
</kw>
<status status="PASS" starttime="20231206 12:45:14.934" endtime="20231206 12:45:20.184"/>
</kw>
<kw name="Logout" library="login">
<kw name="Wait Until Element Is Visible" library="SeleniumLibrary">
<arg>//*[@class="rounded-3"]</arg>
<doc>Waits until the element ``locator`` is visible.</doc>
<status status="PASS" starttime="20231206 12:45:20.184" endtime="20231206 12:45:20.399"/>
</kw>
<kw name="Click Element" library="SeleniumLibrary">
<arg>//*[@class="rounded-3"]</arg>
<doc>Click the element identified by ``locator``.</doc>
<msg timestamp="20231206 12:45:20.400" level="INFO">Clicking element '//*[@class="rounded-3"]'.</msg>
<status status="PASS" starttime="20231206 12:45:20.399" endtime="20231206 12:45:20.632"/>
</kw>
<kw name="Wait Until Element Is Visible" library="SeleniumLibrary">
<arg>//*[@class="menu-link px-5"]</arg>
<doc>Waits until the element ``locator`` is visible.</doc>
<status status="PASS" starttime="20231206 12:45:20.632" endtime="20231206 12:45:20.847"/>
</kw>
<kw name="Click Element" library="SeleniumLibrary">
<arg>default:Sign Out</arg>
<doc>Click the element identified by ``locator``.</doc>
<msg timestamp="20231206 12:45:20.847" level="INFO">Clicking element 'default:Sign Out'.</msg>
<msg timestamp="20231206 12:45:21.170" level="INFO" html="true">&lt;/td&gt;&lt;/tr&gt;&lt;tr&gt;&lt;td colspan="3"&gt;&lt;a href="selenium-screenshot-6.png"&gt;&lt;img src="selenium-screenshot-6.png" width="800px"&gt;&lt;/a&gt;</msg>
<msg timestamp="20231206 12:45:21.170" level="FAIL">Element with locator 'default:Sign Out' not found.</msg>
<status status="FAIL" starttime="20231206 12:45:20.847" endtime="20231206 12:45:21.372"/>
</kw>
<kw name="Press Keys" library="SeleniumLibrary">
<arg>None</arg>
<arg>ENTER</arg>
<doc>Simulates the user pressing key(s) to an element or on the active browser.</doc>
<status status="NOT RUN" starttime="20231206 12:45:21.372" endtime="20231206 12:45:21.372"/>
</kw>
<kw name="Sleep" library="BuiltIn">
<arg>0.5s</arg>
<doc>Pauses the test executed for the given time.</doc>
<status status="NOT RUN" starttime="20231206 12:45:21.373" endtime="20231206 12:45:21.373"/>
</kw>
<kw name="Press Keys" library="SeleniumLibrary">
<arg>None</arg>
<arg>ENTER</arg>
<doc>Simulates the user pressing key(s) to an element or on the active browser.</doc>
<status status="NOT RUN" starttime="20231206 12:45:21.373" endtime="20231206 12:45:21.373"/>
</kw>
<kw name="Wait Until Location Is" library="SeleniumLibrary">
<arg>${LOGIN URL}</arg>
<doc>Waits until the current URL is ``expected``.</doc>
<status status="NOT RUN" starttime="20231206 12:45:21.373" endtime="20231206 12:45:21.373"/>
</kw>
<status status="FAIL" starttime="20231206 12:45:20.184" endtime="20231206 12:45:21.373"/>
</kw>
<kw name="Sleep" library="BuiltIn">
<arg>2s</arg>
<doc>Pauses the test executed for the given time.</doc>
<status status="NOT RUN" starttime="20231206 12:45:21.373" endtime="20231206 12:45:21.373"/>
</kw>
<kw name="Capture Page Screenshot" library="SeleniumLibrary">
<doc>Takes a screenshot of the current page and embeds it into a log file.</doc>
<status status="NOT RUN" starttime="20231206 12:45:21.373" endtime="20231206 12:45:21.373"/>
</kw>
<kw name="Close Browser" library="SeleniumLibrary" type="TEARDOWN">
<doc>Closes the current browser.</doc>
<status status="PASS" starttime="20231206 12:45:21.374" endtime="20231206 12:45:23.540"/>
</kw>
<doc>SC01 - Logout</doc>
<tag>TC01 - Log out rules</tag>
<status status="FAIL" starttime="20231206 12:45:10.972" endtime="20231206 12:45:23.540">Element with locator 'default:Sign Out' not found.</status>
</test>
<doc>SC05 - Logout</doc>
<status status="FAIL" starttime="20231206 12:45:10.808" endtime="20231206 12:45:23.541"/>
</suite>
<statistics>
<total>
<stat pass="0" fail="1" skip="0">All Tests</stat>
</total>
<tag>
<stat pass="0" fail="1" skip="0">TC01 - Log out rules</stat>
</tag>
<suite>
<stat pass="0" fail="1" skip="0" id="s1" name="SC05 - Logout">SC05 - Logout</stat>
</suite>
</statistics>
<errors>
</errors>
</robot>
