<?xml version="1.0" encoding="UTF-8"?>
<robot generator="Robot 6.1.1 (Python 3.12.0 on win32)" generated="20231206 13:31:41.334" rpa="false" schemaversion="4">
<suite id="s1" name="SC01 - View Page Pelacakan Perkara" source="C:\Users\ReiKa\PycharmProjects\spptti\tests\R03 - Pelacakan Perkara\SC01 - View Page Pelacakan Perkara\SC01 - View Page Pelacakan Perkara.robot">
<test id="s1-t1" name="TC01 - View Pelacakan Perkara" line="8">
<kw name="Open Browser Website" library="login">
<kw name="Open Browser" library="SeleniumLibrary">
<arg>${LOGIN URL}</arg>
<arg>${BROWSER}</arg>
<arg>options=add_argument("--incognito")</arg>
<doc>Opens a new browser instance to the optional ``url``.</doc>
<msg timestamp="20231206 13:31:41.527" level="INFO">Opening browser 'Chrome' to base url 'http://10.31.31.107/sign-in'.</msg>
<status status="PASS" starttime="20231206 13:31:41.527" endtime="20231206 13:31:43.743"/>
</kw>
<kw name="Maximize Browser Window" library="SeleniumLibrary">
<doc>Maximizes current browser window.</doc>
<status status="PASS" starttime="20231206 13:31:43.744" endtime="20231206 13:31:43.867"/>
</kw>
<kw name="Wait Until Page Contains" library="SeleniumLibrary">
<arg>Login</arg>
<doc>Waits until ``text`` appears on the current page.</doc>
<status status="PASS" starttime="20231206 13:31:43.867" endtime="20231206 13:31:43.905"/>
</kw>
<kw name="Set Selenium Speed" library="SeleniumLibrary">
<arg>${SPEED}</arg>
<doc>Sets the delay that is waited after each Selenium command.</doc>
<status status="PASS" starttime="20231206 13:31:43.905" endtime="20231206 13:31:43.905"/>
</kw>
<status status="PASS" starttime="20231206 13:31:41.527" endtime="20231206 13:31:43.906"/>
</kw>
<kw name="Input Email" library="login">
<arg>superadmin@gmail.com</arg>
<kw name="Clear Element Text" library="SeleniumLibrary">
<arg>email</arg>
<doc>Clears the value of the text-input-element identified by ``locator``.</doc>
<status status="PASS" starttime="20231206 13:31:43.907" endtime="20231206 13:31:44.146"/>
</kw>
<kw name="Input Text" library="SeleniumLibrary">
<arg>email</arg>
<arg>${email}</arg>
<doc>Types the given ``text`` into the text field identified by ``locator``.</doc>
<msg timestamp="20231206 13:31:44.146" level="INFO">Typing text 'superadmin@gmail.com' into text field 'email'.</msg>
<status status="PASS" starttime="20231206 13:31:44.146" endtime="20231206 13:31:44.511"/>
</kw>
<kw name="Textfield Value Should Be" library="SeleniumLibrary">
<arg>email</arg>
<arg>${email}</arg>
<doc>Verifies text field ``locator`` has exactly text ``expected``.</doc>
<msg timestamp="20231206 13:31:44.833" level="INFO">Content of text field 'email' is 'superadmin@gmail.com'.</msg>
<status status="PASS" starttime="20231206 13:31:44.511" endtime="20231206 13:31:44.833"/>
</kw>
<status status="PASS" starttime="20231206 13:31:43.906" endtime="20231206 13:31:44.833"/>
</kw>
<kw name="Input Password" library="login">
<arg>Superadmin123*@#</arg>
<kw name="Clear Element Text" library="SeleniumLibrary">
<arg>password</arg>
<doc>Clears the value of the text-input-element identified by ``locator``.</doc>
<status status="PASS" starttime="20231206 13:31:44.833" endtime="20231206 13:31:45.062"/>
</kw>
<kw name="Input Text" library="SeleniumLibrary">
<arg>password</arg>
<arg>${password}</arg>
<doc>Types the given ``text`` into the text field identified by ``locator``.</doc>
<msg timestamp="20231206 13:31:45.062" level="INFO">Typing text 'Superadmin123*@#' into text field 'password'.</msg>
<status status="PASS" starttime="20231206 13:31:45.062" endtime="20231206 13:31:45.416"/>
</kw>
<kw name="Textfield Value Should Be" library="SeleniumLibrary">
<arg>password</arg>
<arg>${password}</arg>
<doc>Verifies text field ``locator`` has exactly text ``expected``.</doc>
<msg timestamp="20231206 13:31:45.738" level="INFO">Content of text field 'password' is 'Superadmin123*@#'.</msg>
<status status="PASS" starttime="20231206 13:31:45.416" endtime="20231206 13:31:45.738"/>
</kw>
<status status="PASS" starttime="20231206 13:31:44.833" endtime="20231206 13:31:45.738"/>
</kw>
<kw name="Click Btn Login" library="login">
<kw name="Wait Until Element Is Visible" library="SeleniumLibrary">
<arg>id:kt_sign_in_submit</arg>
<doc>Waits until the element ``locator`` is visible.</doc>
<status status="PASS" starttime="20231206 13:31:45.738" endtime="20231206 13:31:45.955"/>
</kw>
<kw name="Click Button" library="SeleniumLibrary">
<arg>id:kt_sign_in_submit</arg>
<doc>Clicks the button identified by ``locator``.</doc>
<msg timestamp="20231206 13:31:45.956" level="INFO">Clicking button 'id:kt_sign_in_submit'.</msg>
<status status="PASS" starttime="20231206 13:31:45.955" endtime="20231206 13:31:46.496"/>
</kw>
<kw name="Wait Until Element Is Visible" library="SeleniumLibrary">
<arg>id:swal2-html-container</arg>
<doc>Waits until the element ``locator`` is visible.</doc>
<status status="PASS" starttime="20231206 13:31:46.496" endtime="20231206 13:31:49.473"/>
</kw>
<kw name="Get Text" library="SeleniumLibrary">
<var>${text}</var>
<arg>id:swal2-html-container</arg>
<doc>Returns the text value of the element identified by ``locator``.</doc>
<msg timestamp="20231206 13:31:49.687" level="INFO">${text} = You have successfully logged in!</msg>
<status status="PASS" starttime="20231206 13:31:49.473" endtime="20231206 13:31:49.687"/>
</kw>
<kw name="Run Keyword If" library="BuiltIn">
<arg>'${text} == "You have successfully logged in!"'</arg>
<arg>Press Keys</arg>
<arg>None</arg>
<arg>ENTER</arg>
<arg>Wait Until Location Is</arg>
<arg>http://10.31.31.107/home</arg>
<arg>ELSE IF</arg>
<arg>'${text} == "Gagal Login"'</arg>
<arg>Wait Until Element Contains</arg>
<arg>id:swal2-html-container</arg>
<arg>Gagal Login</arg>
<arg>ELSE</arg>
<arg>Wait Until Element Contains</arg>
<arg>id:swal2-html-container</arg>
<arg>Gagal Login</arg>
<doc>Runs the given keyword with the given arguments, if ``condition`` is true.</doc>
<kw name="Press Keys" library="SeleniumLibrary">
<arg>None</arg>
<arg>ENTER</arg>
<arg>Wait Until Location Is</arg>
<arg>http://10.31.31.107/home</arg>
<doc>Simulates the user pressing key(s) to an element or on the active browser.</doc>
<msg timestamp="20231206 13:31:49.687" level="INFO">Sending key(s) ('ENTER', 'Wait Until Location Is', 'http://10.31.31.107/home') to page.</msg>
<msg timestamp="20231206 13:31:49.687" level="INFO">Pressing special key ENTER to browser.</msg>
<msg timestamp="20231206 13:31:49.687" level="INFO">Releasing special key ENTER.</msg>
<msg timestamp="20231206 13:31:49.795" level="INFO">Sending keys Wait Until Location Is</msg>
<msg timestamp="20231206 13:31:50.007" level="INFO">Sending keys http://10.31.31.107/home</msg>
<status status="PASS" starttime="20231206 13:31:49.687" endtime="20231206 13:31:50.122"/>
</kw>
<status status="PASS" starttime="20231206 13:31:49.687" endtime="20231206 13:31:50.122"/>
</kw>
<status status="PASS" starttime="20231206 13:31:45.738" endtime="20231206 13:31:50.122"/>
</kw>
<kw name="Move To Module Pelacakan Perkara" library="pelacakan_perkara">
<kw name="Go To" library="SeleniumLibrary">
<arg>http://10.31.31.107/pelacakan-spptti</arg>
<doc>Navigates the current browser window to the provided ``url``.</doc>
<msg timestamp="20231206 13:31:50.124" level="INFO">Opening url 'http://10.31.31.107/pelacakan-spptti'</msg>
<status status="PASS" starttime="20231206 13:31:50.123" endtime="20231206 13:31:50.494"/>
</kw>
<kw name="Wait Until Page Contains" library="SeleniumLibrary">
<arg>Pelacakan Perkara</arg>
<doc>Waits until ``text`` appears on the current page.</doc>
<status status="PASS" starttime="20231206 13:31:50.494" endtime="20231206 13:31:50.604"/>
</kw>
<status status="PASS" starttime="20231206 13:31:50.122" endtime="20231206 13:31:50.605"/>
</kw>
<kw name="Sleep" library="BuiltIn">
<arg>2s</arg>
<doc>Pauses the test executed for the given time.</doc>
<msg timestamp="20231206 13:31:52.605" level="INFO">Slept 2 seconds</msg>
<status status="PASS" starttime="20231206 13:31:50.605" endtime="20231206 13:31:52.605"/>
</kw>
<kw name="Capture Page Screenshot" library="SeleniumLibrary">
<doc>Takes a screenshot of the current page and embeds it into a log file.</doc>
<msg timestamp="20231206 13:31:52.821" level="INFO" html="true">&lt;/td&gt;&lt;/tr&gt;&lt;tr&gt;&lt;td colspan="3"&gt;&lt;a href="selenium-screenshot-8.png"&gt;&lt;img src="selenium-screenshot-8.png" width="800px"&gt;&lt;/a&gt;</msg>
<status status="PASS" starttime="20231206 13:31:52.606" endtime="20231206 13:31:52.821"/>
</kw>
<kw name="Close Browser" library="SeleniumLibrary" type="TEARDOWN">
<doc>Closes the current browser.</doc>
<status status="PASS" starttime="20231206 13:31:52.821" endtime="20231206 13:31:54.987"/>
</kw>
<doc>SC01 - View Page Pelacakan Perkara</doc>
<tag>TC01 - View Pelacakan Perkara</tag>
<status status="PASS" starttime="20231206 13:31:41.522" endtime="20231206 13:31:54.987"/>
</test>
<test id="s1-t2" name="TC02 - Tracking Pelacakan Perkara" line="20">
<kw name="Open Browser Website" library="login">
<kw name="Open Browser" library="SeleniumLibrary">
<arg>${LOGIN URL}</arg>
<arg>${BROWSER}</arg>
<arg>options=add_argument("--incognito")</arg>
<doc>Opens a new browser instance to the optional ``url``.</doc>
<msg timestamp="20231206 13:31:54.987" level="INFO">Opening browser 'Chrome' to base url 'http://10.31.31.107/sign-in'.</msg>
<status status="PASS" starttime="20231206 13:31:54.987" endtime="20231206 13:31:57.326"/>
</kw>
<kw name="Maximize Browser Window" library="SeleniumLibrary">
<doc>Maximizes current browser window.</doc>
<status status="PASS" starttime="20231206 13:31:57.327" endtime="20231206 13:31:57.550"/>
</kw>
<kw name="Wait Until Page Contains" library="SeleniumLibrary">
<arg>Login</arg>
<doc>Waits until ``text`` appears on the current page.</doc>
<status status="PASS" starttime="20231206 13:31:57.550" endtime="20231206 13:31:57.662"/>
</kw>
<kw name="Set Selenium Speed" library="SeleniumLibrary">
<arg>${SPEED}</arg>
<doc>Sets the delay that is waited after each Selenium command.</doc>
<status status="PASS" starttime="20231206 13:31:57.662" endtime="20231206 13:31:57.662"/>
</kw>
<status status="PASS" starttime="20231206 13:31:54.987" endtime="20231206 13:31:57.662"/>
</kw>
<kw name="Input Email" library="login">
<arg>superadmin@gmail.com</arg>
<kw name="Clear Element Text" library="SeleniumLibrary">
<arg>email</arg>
<doc>Clears the value of the text-input-element identified by ``locator``.</doc>
<status status="PASS" starttime="20231206 13:31:57.663" endtime="20231206 13:31:57.897"/>
</kw>
<kw name="Input Text" library="SeleniumLibrary">
<arg>email</arg>
<arg>${email}</arg>
<doc>Types the given ``text`` into the text field identified by ``locator``.</doc>
<msg timestamp="20231206 13:31:57.897" level="INFO">Typing text 'superadmin@gmail.com' into text field 'email'.</msg>
<status status="PASS" starttime="20231206 13:31:57.897" endtime="20231206 13:31:58.259"/>
</kw>
<kw name="Textfield Value Should Be" library="SeleniumLibrary">
<arg>email</arg>
<arg>${email}</arg>
<doc>Verifies text field ``locator`` has exactly text ``expected``.</doc>
<msg timestamp="20231206 13:31:58.582" level="INFO">Content of text field 'email' is 'superadmin@gmail.com'.</msg>
<status status="PASS" starttime="20231206 13:31:58.260" endtime="20231206 13:31:58.582"/>
</kw>
<status status="PASS" starttime="20231206 13:31:57.662" endtime="20231206 13:31:58.582"/>
</kw>
<kw name="Input Password" library="login">
<arg>Superadmin123*@#</arg>
<kw name="Clear Element Text" library="SeleniumLibrary">
<arg>password</arg>
<doc>Clears the value of the text-input-element identified by ``locator``.</doc>
<status status="PASS" starttime="20231206 13:31:58.583" endtime="20231206 13:31:58.809"/>
</kw>
<kw name="Input Text" library="SeleniumLibrary">
<arg>password</arg>
<arg>${password}</arg>
<doc>Types the given ``text`` into the text field identified by ``locator``.</doc>
<msg timestamp="20231206 13:31:58.809" level="INFO">Typing text 'Superadmin123*@#' into text field 'password'.</msg>
<status status="PASS" starttime="20231206 13:31:58.809" endtime="20231206 13:31:59.164"/>
</kw>
<kw name="Textfield Value Should Be" library="SeleniumLibrary">
<arg>password</arg>
<arg>${password}</arg>
<doc>Verifies text field ``locator`` has exactly text ``expected``.</doc>
<msg timestamp="20231206 13:31:59.488" level="INFO">Content of text field 'password' is 'Superadmin123*@#'.</msg>
<status status="PASS" starttime="20231206 13:31:59.164" endtime="20231206 13:31:59.488"/>
</kw>
<status status="PASS" starttime="20231206 13:31:58.582" endtime="20231206 13:31:59.488"/>
</kw>
<kw name="Click Btn Login" library="login">
<kw name="Wait Until Element Is Visible" library="SeleniumLibrary">
<arg>id:kt_sign_in_submit</arg>
<doc>Waits until the element ``locator`` is visible.</doc>
<status status="PASS" starttime="20231206 13:31:59.488" endtime="20231206 13:31:59.704"/>
</kw>
<kw name="Click Button" library="SeleniumLibrary">
<arg>id:kt_sign_in_submit</arg>
<doc>Clicks the button identified by ``locator``.</doc>
<msg timestamp="20231206 13:31:59.704" level="INFO">Clicking button 'id:kt_sign_in_submit'.</msg>
<status status="PASS" starttime="20231206 13:31:59.704" endtime="20231206 13:32:00.245"/>
</kw>
<kw name="Wait Until Element Is Visible" library="SeleniumLibrary">
<arg>id:swal2-html-container</arg>
<doc>Waits until the element ``locator`` is visible.</doc>
<status status="PASS" starttime="20231206 13:32:00.246" endtime="20231206 13:32:02.303"/>
</kw>
<kw name="Get Text" library="SeleniumLibrary">
<var>${text}</var>
<arg>id:swal2-html-container</arg>
<doc>Returns the text value of the element identified by ``locator``.</doc>
<msg timestamp="20231206 13:32:02.519" level="INFO">${text} = You have successfully logged in!</msg>
<status status="PASS" starttime="20231206 13:32:02.303" endtime="20231206 13:32:02.519"/>
</kw>
<kw name="Run Keyword If" library="BuiltIn">
<arg>'${text} == "You have successfully logged in!"'</arg>
<arg>Press Keys</arg>
<arg>None</arg>
<arg>ENTER</arg>
<arg>Wait Until Location Is</arg>
<arg>http://10.31.31.107/home</arg>
<arg>ELSE IF</arg>
<arg>'${text} == "Gagal Login"'</arg>
<arg>Wait Until Element Contains</arg>
<arg>id:swal2-html-container</arg>
<arg>Gagal Login</arg>
<arg>ELSE</arg>
<arg>Wait Until Element Contains</arg>
<arg>id:swal2-html-container</arg>
<arg>Gagal Login</arg>
<doc>Runs the given keyword with the given arguments, if ``condition`` is true.</doc>
<kw name="Press Keys" library="SeleniumLibrary">
<arg>None</arg>
<arg>ENTER</arg>
<arg>Wait Until Location Is</arg>
<arg>http://10.31.31.107/home</arg>
<doc>Simulates the user pressing key(s) to an element or on the active browser.</doc>
<msg timestamp="20231206 13:32:02.519" level="INFO">Sending key(s) ('ENTER', 'Wait Until Location Is', 'http://10.31.31.107/home') to page.</msg>
<msg timestamp="20231206 13:32:02.519" level="INFO">Pressing special key ENTER to browser.</msg>
<msg timestamp="20231206 13:32:02.519" level="INFO">Releasing special key ENTER.</msg>
<msg timestamp="20231206 13:32:02.626" level="INFO">Sending keys Wait Until Location Is</msg>
<msg timestamp="20231206 13:32:02.837" level="INFO">Sending keys http://10.31.31.107/home</msg>
<status status="PASS" starttime="20231206 13:32:02.519" endtime="20231206 13:32:02.953"/>
</kw>
<status status="PASS" starttime="20231206 13:32:02.519" endtime="20231206 13:32:02.953"/>
</kw>
<status status="PASS" starttime="20231206 13:31:59.488" endtime="20231206 13:32:02.953"/>
</kw>
<kw name="Move To Module Pelacakan Perkara" library="pelacakan_perkara">
<kw name="Go To" library="SeleniumLibrary">
<arg>http://10.31.31.107/pelacakan-spptti</arg>
<doc>Navigates the current browser window to the provided ``url``.</doc>
<msg timestamp="20231206 13:32:02.954" level="INFO">Opening url 'http://10.31.31.107/pelacakan-spptti'</msg>
<status status="PASS" starttime="20231206 13:32:02.954" endtime="20231206 13:32:03.328"/>
</kw>
<kw name="Wait Until Page Contains" library="SeleniumLibrary">
<arg>Pelacakan Perkara</arg>
<doc>Waits until ``text`` appears on the current page.</doc>
<status status="PASS" starttime="20231206 13:32:03.328" endtime="20231206 13:32:03.438"/>
</kw>
<status status="PASS" starttime="20231206 13:32:02.953" endtime="20231206 13:32:03.438"/>
</kw>
<kw name="Select Satuan Kerja" library="pelacakan_perkara">
<arg>Pengadilan Negeri Sanggau</arg>
<kw name="Wait Until Element Is Visible" library="SeleniumLibrary">
<arg>name:kode_satker_penerbit</arg>
<doc>Waits until the element ``locator`` is visible.</doc>
<status status="PASS" starttime="20231206 13:32:03.438" endtime="20231206 13:32:04.036"/>
</kw>
<kw name="Click Element" library="SeleniumLibrary">
<arg>name:kode_satker_penerbit</arg>
<doc>Click the element identified by ``locator``.</doc>
<msg timestamp="20231206 13:32:04.037" level="INFO">Clicking element 'name:kode_satker_penerbit'.</msg>
<status status="PASS" starttime="20231206 13:32:04.037" endtime="20231206 13:32:04.376"/>
</kw>
<kw name="Press Keys" library="SeleniumLibrary">
<arg>None</arg>
<arg>${param}</arg>
<doc>Simulates the user pressing key(s) to an element or on the active browser.</doc>
<msg timestamp="20231206 13:32:04.377" level="INFO">Sending key(s) ('Pengadilan Negeri Sanggau',) to page.</msg>
<msg timestamp="20231206 13:32:04.377" level="INFO">Sending keys Pengadilan Negeri Sanggau</msg>
<status status="PASS" starttime="20231206 13:32:04.377" endtime="20231206 13:32:05.055"/>
</kw>
<kw name="Sleep" library="BuiltIn">
<arg>1s</arg>
<doc>Pauses the test executed for the given time.</doc>
<msg timestamp="20231206 13:32:06.056" level="INFO">Slept 1 second</msg>
<status status="PASS" starttime="20231206 13:32:05.055" endtime="20231206 13:32:06.056"/>
</kw>
<kw name="Press Keys" library="SeleniumLibrary">
<arg>None</arg>
<arg>ENTER</arg>
<doc>Simulates the user pressing key(s) to an element or on the active browser.</doc>
<msg timestamp="20231206 13:32:06.056" level="INFO">Sending key(s) ('ENTER',) to page.</msg>
<msg timestamp="20231206 13:32:06.057" level="INFO">Pressing special key ENTER to browser.</msg>
<msg timestamp="20231206 13:32:06.057" level="INFO">Releasing special key ENTER.</msg>
<status status="PASS" starttime="20231206 13:32:06.056" endtime="20231206 13:32:06.226"/>
</kw>
<status status="PASS" starttime="20231206 13:32:03.438" endtime="20231206 13:32:06.226"/>
</kw>
<kw name="Select Jenis Dokumen" library="pelacakan_perkara">
<arg>Penetapan Hari Sidang Pertama</arg>
<kw name="Wait Until Element Is Visible" library="SeleniumLibrary">
<arg>name:kode_jenis_dokumen</arg>
<doc>Waits until the element ``locator`` is visible.</doc>
<status status="PASS" starttime="20231206 13:32:06.226" endtime="20231206 13:32:06.441"/>
</kw>
<kw name="Click Element" library="SeleniumLibrary">
<arg>name:kode_jenis_dokumen</arg>
<doc>Click the element identified by ``locator``.</doc>
<msg timestamp="20231206 13:32:06.441" level="INFO">Clicking element 'name:kode_jenis_dokumen'.</msg>
<status status="PASS" starttime="20231206 13:32:06.441" endtime="20231206 13:32:06.682"/>
</kw>
<kw name="Press Keys" library="SeleniumLibrary">
<arg>None</arg>
<arg>${param}</arg>
<doc>Simulates the user pressing key(s) to an element or on the active browser.</doc>
<msg timestamp="20231206 13:32:06.682" level="INFO">Sending key(s) ('Penetapan Hari Sidang Pertama',) to page.</msg>
<msg timestamp="20231206 13:32:06.682" level="INFO">Sending keys Penetapan Hari Sidang Pertama</msg>
<status status="PASS" starttime="20231206 13:32:06.682" endtime="20231206 13:32:06.923"/>
</kw>
<kw name="Sleep" library="BuiltIn">
<arg>1s</arg>
<doc>Pauses the test executed for the given time.</doc>
<msg timestamp="20231206 13:32:07.923" level="INFO">Slept 1 second</msg>
<status status="PASS" starttime="20231206 13:32:06.923" endtime="20231206 13:32:07.923"/>
</kw>
<kw name="Press Keys" library="SeleniumLibrary">
<arg>None</arg>
<arg>ENTER</arg>
<doc>Simulates the user pressing key(s) to an element or on the active browser.</doc>
<msg timestamp="20231206 13:32:07.924" level="INFO">Sending key(s) ('ENTER',) to page.</msg>
<msg timestamp="20231206 13:32:07.924" level="INFO">Pressing special key ENTER to browser.</msg>
<msg timestamp="20231206 13:32:07.924" level="INFO">Releasing special key ENTER.</msg>
<status status="PASS" starttime="20231206 13:32:07.923" endtime="20231206 13:32:08.035"/>
</kw>
<status status="PASS" starttime="20231206 13:32:06.226" endtime="20231206 13:32:08.035"/>
</kw>
<kw name="Click Btn Lacak" library="pelacakan_perkara">
<kw name="Wait Until Element Is Visible" library="SeleniumLibrary">
<arg>id:kt_sign_in_submit</arg>
<doc>Waits until the element ``locator`` is visible.</doc>
<status status="PASS" starttime="20231206 13:32:08.036" endtime="20231206 13:32:08.251"/>
</kw>
<kw name="Click Button" library="SeleniumLibrary">
<arg>id:kt_sign_in_submit</arg>
<doc>Clicks the button identified by ``locator``.</doc>
<msg timestamp="20231206 13:32:08.252" level="INFO">Clicking button 'id:kt_sign_in_submit'.</msg>
<status status="PASS" starttime="20231206 13:32:08.251" endtime="20231206 13:32:08.804"/>
</kw>
<kw name="Sleep" library="BuiltIn">
<arg>3s</arg>
<doc>Pauses the test executed for the given time.</doc>
<msg timestamp="20231206 13:32:11.804" level="INFO">Slept 3 seconds</msg>
<status status="PASS" starttime="20231206 13:32:08.804" endtime="20231206 13:32:11.804"/>
</kw>
<status status="PASS" starttime="20231206 13:32:08.035" endtime="20231206 13:32:11.804"/>
</kw>
<kw name="Sleep" library="BuiltIn">
<arg>2s</arg>
<doc>Pauses the test executed for the given time.</doc>
<msg timestamp="20231206 13:32:13.804" level="INFO">Slept 2 seconds</msg>
<status status="PASS" starttime="20231206 13:32:11.804" endtime="20231206 13:32:13.804"/>
</kw>
<kw name="Capture Page Screenshot" library="SeleniumLibrary">
<doc>Takes a screenshot of the current page and embeds it into a log file.</doc>
<msg timestamp="20231206 13:32:14.043" level="INFO" html="true">&lt;/td&gt;&lt;/tr&gt;&lt;tr&gt;&lt;td colspan="3"&gt;&lt;a href="selenium-screenshot-9.png"&gt;&lt;img src="selenium-screenshot-9.png" width="800px"&gt;&lt;/a&gt;</msg>
<status status="PASS" starttime="20231206 13:32:13.804" endtime="20231206 13:32:14.043"/>
</kw>
<kw name="Close Browser" library="SeleniumLibrary" type="TEARDOWN">
<doc>Closes the current browser.</doc>
<status status="PASS" starttime="20231206 13:32:14.043" endtime="20231206 13:32:16.197"/>
</kw>
<doc>SC01 - View Page Pelacakan Perkara</doc>
<tag>TC02 - Tracking Pelacakan Perkara</tag>
<status status="PASS" starttime="20231206 13:31:54.987" endtime="20231206 13:32:16.197"/>
</test>
<doc>SC01 - View Page Pelacakan Perkara</doc>
<status status="PASS" starttime="20231206 13:31:41.337" endtime="20231206 13:32:16.197"/>
</suite>
<statistics>
<total>
<stat pass="2" fail="0" skip="0">All Tests</stat>
</total>
<tag>
<stat pass="1" fail="0" skip="0">TC01 - View Pelacakan Perkara</stat>
<stat pass="1" fail="0" skip="0">TC02 - Tracking Pelacakan Perkara</stat>
</tag>
<suite>
<stat pass="2" fail="0" skip="0" id="s1" name="SC01 - View Page Pelacakan Perkara">SC01 - View Page Pelacakan Perkara</stat>
</suite>
</statistics>
<errors>
</errors>
</robot>
