<?xml version="1.0" encoding="UTF-8"?>
<robot generator="Robot 6.1.1 (Python 3.12.0 on win32)" generated="20231207 21:46:17.352" rpa="false" schemaversion="4">
<suite id="s1" name="SC05 - Update Data User Management" source="C:\Users\ReiKa\PycharmProjects\spptti\tests\R08 - User Management\SC05 - Update Data User Management\SC05 - Update Data User Management.robot">
<test id="s1-t1" name="TC01 - Update Data User Management" line="8">
<kw name="Open Browser Website" library="login">
<kw name="Open Browser" library="SeleniumLibrary">
<arg>${LOGIN URL}</arg>
<arg>${BROWSER}</arg>
<arg>options=add_argument("--incognito")</arg>
<doc>Opens a new browser instance to the optional ``url``.</doc>
<msg timestamp="20231207 21:46:17.519" level="INFO">Opening browser 'Chrome' to base url 'http://10.31.31.107/sign-in'.</msg>
<status status="PASS" starttime="20231207 21:46:17.519" endtime="20231207 21:46:19.784"/>
</kw>
<kw name="Maximize Browser Window" library="SeleniumLibrary">
<doc>Maximizes current browser window.</doc>
<status status="PASS" starttime="20231207 21:46:19.784" endtime="20231207 21:46:19.903"/>
</kw>
<kw name="Wait Until Page Contains" library="SeleniumLibrary">
<arg>Login</arg>
<doc>Waits until ``text`` appears on the current page.</doc>
<status status="PASS" starttime="20231207 21:46:19.903" endtime="20231207 21:46:19.911"/>
</kw>
<kw name="Set Selenium Speed" library="SeleniumLibrary">
<arg>${SPEED}</arg>
<doc>Sets the delay that is waited after each Selenium command.</doc>
<status status="PASS" starttime="20231207 21:46:19.912" endtime="20231207 21:46:19.912"/>
</kw>
<status status="PASS" starttime="20231207 21:46:17.519" endtime="20231207 21:46:19.912"/>
</kw>
<kw name="Input Email" library="login">
<arg>superadmin@gmail.com</arg>
<kw name="Clear Element Text" library="SeleniumLibrary">
<arg>email</arg>
<doc>Clears the value of the text-input-element identified by ``locator``.</doc>
<status status="PASS" starttime="20231207 21:46:19.912" endtime="20231207 21:46:20.143"/>
</kw>
<kw name="Input Text" library="SeleniumLibrary">
<arg>email</arg>
<arg>${email}</arg>
<doc>Types the given ``text`` into the text field identified by ``locator``.</doc>
<msg timestamp="20231207 21:46:20.143" level="INFO">Typing text 'superadmin@gmail.com' into text field 'email'.</msg>
<status status="PASS" starttime="20231207 21:46:20.143" endtime="20231207 21:46:20.499"/>
</kw>
<kw name="Textfield Value Should Be" library="SeleniumLibrary">
<arg>email</arg>
<arg>${email}</arg>
<doc>Verifies text field ``locator`` has exactly text ``expected``.</doc>
<msg timestamp="20231207 21:46:20.818" level="INFO">Content of text field 'email' is 'superadmin@gmail.com'.</msg>
<status status="PASS" starttime="20231207 21:46:20.499" endtime="20231207 21:46:20.818"/>
</kw>
<status status="PASS" starttime="20231207 21:46:19.912" endtime="20231207 21:46:20.818"/>
</kw>
<kw name="Input Password" library="login">
<arg>Superadmin123*@#</arg>
<kw name="Clear Element Text" library="SeleniumLibrary">
<arg>password</arg>
<doc>Clears the value of the text-input-element identified by ``locator``.</doc>
<status status="PASS" starttime="20231207 21:46:20.818" endtime="20231207 21:46:21.043"/>
</kw>
<kw name="Input Text" library="SeleniumLibrary">
<arg>password</arg>
<arg>${password}</arg>
<doc>Types the given ``text`` into the text field identified by ``locator``.</doc>
<msg timestamp="20231207 21:46:21.043" level="INFO">Typing text 'Superadmin123*@#' into text field 'password'.</msg>
<status status="PASS" starttime="20231207 21:46:21.043" endtime="20231207 21:46:21.389"/>
</kw>
<kw name="Textfield Value Should Be" library="SeleniumLibrary">
<arg>password</arg>
<arg>${password}</arg>
<doc>Verifies text field ``locator`` has exactly text ``expected``.</doc>
<msg timestamp="20231207 21:46:21.706" level="INFO">Content of text field 'password' is 'Superadmin123*@#'.</msg>
<status status="PASS" starttime="20231207 21:46:21.389" endtime="20231207 21:46:21.706"/>
</kw>
<status status="PASS" starttime="20231207 21:46:20.818" endtime="20231207 21:46:21.706"/>
</kw>
<kw name="Click Btn Login" library="login">
<kw name="Wait Until Element Is Visible" library="SeleniumLibrary">
<arg>id:kt_sign_in_submit</arg>
<doc>Waits until the element ``locator`` is visible.</doc>
<status status="PASS" starttime="20231207 21:46:21.706" endtime="20231207 21:46:21.922"/>
</kw>
<kw name="Click Button" library="SeleniumLibrary">
<arg>id:kt_sign_in_submit</arg>
<doc>Clicks the button identified by ``locator``.</doc>
<msg timestamp="20231207 21:46:21.922" level="INFO">Clicking button 'id:kt_sign_in_submit'.</msg>
<status status="PASS" starttime="20231207 21:46:21.922" endtime="20231207 21:46:22.458"/>
</kw>
<kw name="Wait Until Element Is Visible" library="SeleniumLibrary">
<arg>id:swal2-html-container</arg>
<doc>Waits until the element ``locator`` is visible.</doc>
<status status="PASS" starttime="20231207 21:46:22.458" endtime="20231207 21:46:26.027"/>
</kw>
<kw name="Get Text" library="SeleniumLibrary">
<var>${text}</var>
<arg>id:swal2-html-container</arg>
<doc>Returns the text value of the element identified by ``locator``.</doc>
<msg timestamp="20231207 21:46:26.242" level="INFO">${text} = You have successfully logged in!</msg>
<status status="PASS" starttime="20231207 21:46:26.027" endtime="20231207 21:46:26.242"/>
</kw>
<kw name="Run Keyword If" library="BuiltIn">
<arg>'${text} == "You have successfully logged in!"'</arg>
<arg>Press Keys</arg>
<arg>None</arg>
<arg>ENTER</arg>
<arg>Wait Until Location Is</arg>
<arg>http://10.31.31.107/home</arg>
<arg>ELSE IF</arg>
<arg>'${text} == "Gagal Login"'</arg>
<arg>Wait Until Element Contains</arg>
<arg>id:swal2-html-container</arg>
<arg>Gagal Login</arg>
<arg>ELSE</arg>
<arg>Wait Until Element Contains</arg>
<arg>id:swal2-html-container</arg>
<arg>Gagal Login</arg>
<doc>Runs the given keyword with the given arguments, if ``condition`` is true.</doc>
<kw name="Press Keys" library="SeleniumLibrary">
<arg>None</arg>
<arg>ENTER</arg>
<arg>Wait Until Location Is</arg>
<arg>http://10.31.31.107/home</arg>
<doc>Simulates the user pressing key(s) to an element or on the active browser.</doc>
<msg timestamp="20231207 21:46:26.243" level="INFO">Sending key(s) ('ENTER', 'Wait Until Location Is', 'http://10.31.31.107/home') to page.</msg>
<msg timestamp="20231207 21:46:26.243" level="INFO">Pressing special key ENTER to browser.</msg>
<msg timestamp="20231207 21:46:26.243" level="INFO">Releasing special key ENTER.</msg>
<msg timestamp="20231207 21:46:26.350" level="INFO">Sending keys Wait Until Location Is</msg>
<msg timestamp="20231207 21:46:26.573" level="INFO">Sending keys http://10.31.31.107/home</msg>
<status status="PASS" starttime="20231207 21:46:26.242" endtime="20231207 21:46:26.687"/>
</kw>
<status status="PASS" starttime="20231207 21:46:26.242" endtime="20231207 21:46:26.687"/>
</kw>
<status status="PASS" starttime="20231207 21:46:21.706" endtime="20231207 21:46:26.687"/>
</kw>
<kw name="Move To Module User Management" library="user_management">
<kw name="Go To" library="SeleniumLibrary">
<arg>http://10.31.31.107/user-management</arg>
<doc>Navigates the current browser window to the provided ``url``.</doc>
<msg timestamp="20231207 21:46:26.688" level="INFO">Opening url 'http://10.31.31.107/user-management'</msg>
<status status="PASS" starttime="20231207 21:46:26.687" endtime="20231207 21:46:26.959"/>
</kw>
<kw name="Wait Until Location Is" library="SeleniumLibrary">
<arg>http://10.31.31.107/user-management</arg>
<doc>Waits until the current URL is ``expected``.</doc>
<status status="PASS" starttime="20231207 21:46:26.959" endtime="20231207 21:46:27.063"/>
</kw>
<status status="PASS" starttime="20231207 21:46:26.687" endtime="20231207 21:46:27.063"/>
</kw>
<kw name="Click Icon Edit" library="user_management">
<kw name="Wait Until Element Is Visible" library="SeleniumLibrary">
<arg>//*[@class="ki-solid ki-pencil fs-5"]</arg>
<doc>Waits until the element ``locator`` is visible.</doc>
<status status="PASS" starttime="20231207 21:46:27.063" endtime="20231207 21:46:28.499"/>
</kw>
<kw name="Click Element" library="SeleniumLibrary">
<arg>//*[@class="ki-solid ki-pencil fs-5"]</arg>
<doc>Click the element identified by ``locator``.</doc>
<msg timestamp="20231207 21:46:28.499" level="INFO">Clicking element '//*[@class="ki-solid ki-pencil fs-5"]'.</msg>
<status status="PASS" starttime="20231207 21:46:28.499" endtime="20231207 21:46:28.789"/>
</kw>
<kw name="Wait Until Page Contains" library="SeleniumLibrary">
<arg>Edit Data</arg>
<doc>Waits until ``text`` appears on the current page.</doc>
<status status="PASS" starttime="20231207 21:46:28.789" endtime="20231207 21:46:28.898"/>
</kw>
<status status="PASS" starttime="20231207 21:46:27.063" endtime="20231207 21:46:28.898"/>
</kw>
<kw name="Input Nama Lengkap" library="user_management">
<arg>Rian Cahyadi</arg>
<kw name="Wait Until Element Is Visible" library="SeleniumLibrary">
<arg>name:username</arg>
<doc>Waits until the element ``locator`` is visible.</doc>
<status status="PASS" starttime="20231207 21:46:28.898" endtime="20231207 21:46:29.112"/>
</kw>
<kw name="Clear Element Text" library="SeleniumLibrary">
<arg>name:username</arg>
<doc>Clears the value of the text-input-element identified by ``locator``.</doc>
<status status="PASS" starttime="20231207 21:46:29.112" endtime="20231207 21:46:29.336"/>
</kw>
<kw name="Input Text" library="SeleniumLibrary">
<arg>name:username</arg>
<arg>${param}</arg>
<doc>Types the given ``text`` into the text field identified by ``locator``.</doc>
<msg timestamp="20231207 21:46:29.336" level="INFO">Typing text 'Rian Cahyadi' into text field 'name:username'.</msg>
<status status="PASS" starttime="20231207 21:46:29.336" endtime="20231207 21:46:29.713"/>
</kw>
<kw name="Textfield Value Should Be" library="SeleniumLibrary">
<arg>name:username</arg>
<arg>${param}</arg>
<doc>Verifies text field ``locator`` has exactly text ``expected``.</doc>
<msg timestamp="20231207 21:46:30.133" level="INFO">Content of text field 'name:username' is 'Rian Cahyadi'.</msg>
<status status="PASS" starttime="20231207 21:46:29.713" endtime="20231207 21:46:30.133"/>
</kw>
<status status="PASS" starttime="20231207 21:46:28.898" endtime="20231207 21:46:30.133"/>
</kw>
<kw name="Input Email" library="user_management">
<arg>rian.cahyadi@yopmail.com</arg>
<kw name="Wait Until Element Is Visible" library="SeleniumLibrary">
<arg>name:email</arg>
<doc>Waits until the element ``locator`` is visible.</doc>
<status status="PASS" starttime="20231207 21:46:30.133" endtime="20231207 21:46:30.346"/>
</kw>
<kw name="Clear Element Text" library="SeleniumLibrary">
<arg>name:email</arg>
<doc>Clears the value of the text-input-element identified by ``locator``.</doc>
<status status="PASS" starttime="20231207 21:46:30.346" endtime="20231207 21:46:30.570"/>
</kw>
<kw name="Input Text" library="SeleniumLibrary">
<arg>name:email</arg>
<arg>${param}</arg>
<doc>Types the given ``text`` into the text field identified by ``locator``.</doc>
<msg timestamp="20231207 21:46:30.570" level="INFO">Typing text 'rian.cahyadi@yopmail.com' into text field 'name:email'.</msg>
<status status="PASS" starttime="20231207 21:46:30.570" endtime="20231207 21:46:30.986"/>
</kw>
<kw name="Textfield Value Should Be" library="SeleniumLibrary">
<arg>name:email</arg>
<arg>${param}</arg>
<doc>Verifies text field ``locator`` has exactly text ``expected``.</doc>
<msg timestamp="20231207 21:46:31.404" level="INFO">Content of text field 'name:email' is 'rian.cahyadi@yopmail.com'.</msg>
<status status="PASS" starttime="20231207 21:46:30.986" endtime="20231207 21:46:31.404"/>
</kw>
<status status="PASS" starttime="20231207 21:46:30.133" endtime="20231207 21:46:31.404"/>
</kw>
<kw name="Input No Telephone" library="user_management">
<arg>087794875831</arg>
<kw name="Wait Until Element Is Visible" library="SeleniumLibrary">
<arg>name:phone</arg>
<doc>Waits until the element ``locator`` is visible.</doc>
<status status="PASS" starttime="20231207 21:46:31.404" endtime="20231207 21:46:31.618"/>
</kw>
<kw name="Clear Element Text" library="SeleniumLibrary">
<arg>name:phone</arg>
<doc>Clears the value of the text-input-element identified by ``locator``.</doc>
<status status="PASS" starttime="20231207 21:46:31.618" endtime="20231207 21:46:31.841"/>
</kw>
<kw name="Input Text" library="SeleniumLibrary">
<arg>name:phone</arg>
<arg>${param}</arg>
<doc>Types the given ``text`` into the text field identified by ``locator``.</doc>
<msg timestamp="20231207 21:46:31.841" level="INFO">Typing text '087794875831' into text field 'name:phone'.</msg>
<status status="PASS" starttime="20231207 21:46:31.841" endtime="20231207 21:46:32.219"/>
</kw>
<kw name="Textfield Value Should Be" library="SeleniumLibrary">
<arg>name:phone</arg>
<arg>${param}</arg>
<doc>Verifies text field ``locator`` has exactly text ``expected``.</doc>
<msg timestamp="20231207 21:46:32.638" level="INFO">Content of text field 'name:phone' is '087794875831'.</msg>
<status status="PASS" starttime="20231207 21:46:32.219" endtime="20231207 21:46:32.638"/>
</kw>
<status status="PASS" starttime="20231207 21:46:31.404" endtime="20231207 21:46:32.638"/>
</kw>
<kw name="Input Kata Sandi" library="user_management">
<arg>P@55word12</arg>
<kw name="Wait Until Element Is Visible" library="SeleniumLibrary">
<arg>name:password</arg>
<doc>Waits until the element ``locator`` is visible.</doc>
<status status="PASS" starttime="20231207 21:46:32.638" endtime="20231207 21:46:32.852"/>
</kw>
<kw name="Clear Element Text" library="SeleniumLibrary">
<arg>name:password</arg>
<doc>Clears the value of the text-input-element identified by ``locator``.</doc>
<status status="PASS" starttime="20231207 21:46:32.852" endtime="20231207 21:46:33.071"/>
</kw>
<kw name="Input Text" library="SeleniumLibrary">
<arg>name:password</arg>
<arg>${param}</arg>
<doc>Types the given ``text`` into the text field identified by ``locator``.</doc>
<msg timestamp="20231207 21:46:33.071" level="INFO">Typing text 'P@55word12' into text field 'name:password'.</msg>
<status status="PASS" starttime="20231207 21:46:33.071" endtime="20231207 21:46:33.450"/>
</kw>
<kw name="Textfield Value Should Be" library="SeleniumLibrary">
<arg>name:password</arg>
<arg>${param}</arg>
<doc>Verifies text field ``locator`` has exactly text ``expected``.</doc>
<msg timestamp="20231207 21:46:33.869" level="INFO">Content of text field 'name:password' is 'P@55word12'.</msg>
<status status="PASS" starttime="20231207 21:46:33.450" endtime="20231207 21:46:33.869"/>
</kw>
<status status="PASS" starttime="20231207 21:46:32.638" endtime="20231207 21:46:33.869"/>
</kw>
<kw name="Input Konfirmasi Kata Sandi" library="user_management">
<arg>P@55word12</arg>
<kw name="Wait Until Element Is Visible" library="SeleniumLibrary">
<arg>name:passwordconf</arg>
<doc>Waits until the element ``locator`` is visible.</doc>
<status status="PASS" starttime="20231207 21:46:33.869" endtime="20231207 21:46:34.083"/>
</kw>
<kw name="Clear Element Text" library="SeleniumLibrary">
<arg>name:passwordconf</arg>
<doc>Clears the value of the text-input-element identified by ``locator``.</doc>
<status status="PASS" starttime="20231207 21:46:34.083" endtime="20231207 21:46:34.301"/>
</kw>
<kw name="Input Text" library="SeleniumLibrary">
<arg>name:passwordconf</arg>
<arg>${param}</arg>
<doc>Types the given ``text`` into the text field identified by ``locator``.</doc>
<msg timestamp="20231207 21:46:34.301" level="INFO">Typing text 'P@55word12' into text field 'name:passwordconf'.</msg>
<status status="PASS" starttime="20231207 21:46:34.301" endtime="20231207 21:46:34.673"/>
</kw>
<kw name="Textfield Value Should Be" library="SeleniumLibrary">
<arg>name:passwordconf</arg>
<arg>${param}</arg>
<doc>Verifies text field ``locator`` has exactly text ``expected``.</doc>
<msg timestamp="20231207 21:46:35.093" level="INFO">Content of text field 'name:passwordconf' is 'P@55word12'.</msg>
<status status="PASS" starttime="20231207 21:46:34.673" endtime="20231207 21:46:35.093"/>
</kw>
<status status="PASS" starttime="20231207 21:46:33.869" endtime="20231207 21:46:35.093"/>
</kw>
<kw name="Select Jenis Role" library="user_management">
<arg>Superadmin</arg>
<kw name="Wait Until Element Is Visible" library="SeleniumLibrary">
<arg>//*[@class="el-select__input is-large"]</arg>
<doc>Waits until the element ``locator`` is visible.</doc>
<status status="PASS" starttime="20231207 21:46:35.093" endtime="20231207 21:46:35.307"/>
</kw>
<kw name="Click Element" library="SeleniumLibrary">
<arg>//*[@class="el-select__input is-large"]</arg>
<doc>Click the element identified by ``locator``.</doc>
<msg timestamp="20231207 21:46:35.307" level="INFO">Clicking element '//*[@class="el-select__input is-large"]'.</msg>
<status status="PASS" starttime="20231207 21:46:35.307" endtime="20231207 21:46:35.552"/>
</kw>
<kw name="Press Keys" library="SeleniumLibrary">
<arg>None</arg>
<arg>${param}</arg>
<doc>Simulates the user pressing key(s) to an element or on the active browser.</doc>
<msg timestamp="20231207 21:46:35.553" level="INFO">Sending key(s) ('Superadmin',) to page.</msg>
<msg timestamp="20231207 21:46:35.553" level="INFO">Sending keys Superadmin</msg>
<status status="PASS" starttime="20231207 21:46:35.552" endtime="20231207 21:46:35.705"/>
</kw>
<kw name="Sleep" library="BuiltIn">
<arg>0.5s</arg>
<doc>Pauses the test executed for the given time.</doc>
<msg timestamp="20231207 21:46:36.205" level="INFO">Slept 500 milliseconds</msg>
<status status="PASS" starttime="20231207 21:46:35.705" endtime="20231207 21:46:36.205"/>
</kw>
<kw name="Press Keys" library="SeleniumLibrary">
<arg>None</arg>
<arg>ENTER</arg>
<doc>Simulates the user pressing key(s) to an element or on the active browser.</doc>
<msg timestamp="20231207 21:46:36.205" level="INFO">Sending key(s) ('ENTER',) to page.</msg>
<msg timestamp="20231207 21:46:36.206" level="INFO">Pressing special key ENTER to browser.</msg>
<msg timestamp="20231207 21:46:36.206" level="INFO">Releasing special key ENTER.</msg>
<status status="PASS" starttime="20231207 21:46:36.205" endtime="20231207 21:46:36.311"/>
</kw>
<status status="PASS" starttime="20231207 21:46:35.093" endtime="20231207 21:46:36.311"/>
</kw>
<kw name="Select Nama Instansi" library="user_management">
<arg>Mahkamah Agung</arg>
<kw name="Wait Until Element Is Visible" library="SeleniumLibrary">
<arg>name:id_ref_jenis_aph</arg>
<doc>Waits until the element ``locator`` is visible.</doc>
<status status="PASS" starttime="20231207 21:46:36.311" endtime="20231207 21:46:36.526"/>
</kw>
<kw name="Click Element" library="SeleniumLibrary">
<arg>name:id_ref_jenis_aph</arg>
<doc>Click the element identified by ``locator``.</doc>
<msg timestamp="20231207 21:46:36.526" level="INFO">Clicking element 'name:id_ref_jenis_aph'.</msg>
<status status="PASS" starttime="20231207 21:46:36.526" endtime="20231207 21:46:36.763"/>
</kw>
<kw name="Press Keys" library="SeleniumLibrary">
<arg>None</arg>
<arg>${param}</arg>
<doc>Simulates the user pressing key(s) to an element or on the active browser.</doc>
<msg timestamp="20231207 21:46:36.763" level="INFO">Sending key(s) ('Mahkamah Agung',) to page.</msg>
<msg timestamp="20231207 21:46:36.764" level="INFO">Sending keys Mahkamah Agung</msg>
<status status="PASS" starttime="20231207 21:46:36.763" endtime="20231207 21:46:36.909"/>
</kw>
<kw name="Sleep" library="BuiltIn">
<arg>0.5s</arg>
<doc>Pauses the test executed for the given time.</doc>
<msg timestamp="20231207 21:46:37.409" level="INFO">Slept 500 milliseconds</msg>
<status status="PASS" starttime="20231207 21:46:36.909" endtime="20231207 21:46:37.409"/>
</kw>
<kw name="Press Keys" library="SeleniumLibrary">
<arg>None</arg>
<arg>ENTER</arg>
<doc>Simulates the user pressing key(s) to an element or on the active browser.</doc>
<msg timestamp="20231207 21:46:37.410" level="INFO">Sending key(s) ('ENTER',) to page.</msg>
<msg timestamp="20231207 21:46:37.410" level="INFO">Pressing special key ENTER to browser.</msg>
<msg timestamp="20231207 21:46:37.410" level="INFO">Releasing special key ENTER.</msg>
<status status="PASS" starttime="20231207 21:46:37.409" endtime="20231207 21:46:37.522"/>
</kw>
<status status="PASS" starttime="20231207 21:46:36.311" endtime="20231207 21:46:37.522"/>
</kw>
<kw name="Click Status" library="user_management">
<kw name="Wait Until Element Is Visible" library="SeleniumLibrary">
<arg>name:billing</arg>
<doc>Waits until the element ``locator`` is visible.</doc>
<status status="PASS" starttime="20231207 21:46:37.522" endtime="20231207 21:46:37.737"/>
</kw>
<kw name="Click Element" library="SeleniumLibrary">
<arg>name:billing</arg>
<doc>Click the element identified by ``locator``.</doc>
<msg timestamp="20231207 21:46:37.737" level="INFO">Clicking element 'name:billing'.</msg>
<status status="PASS" starttime="20231207 21:46:37.737" endtime="20231207 21:46:37.968"/>
</kw>
<status status="PASS" starttime="20231207 21:46:37.522" endtime="20231207 21:46:37.968"/>
</kw>
<kw name="Sleep" library="BuiltIn">
<arg>2s</arg>
<doc>Pauses the test executed for the given time.</doc>
<msg timestamp="20231207 21:46:39.969" level="INFO">Slept 2 seconds</msg>
<status status="PASS" starttime="20231207 21:46:37.968" endtime="20231207 21:46:39.969"/>
</kw>
<kw name="Capture Page Screenshot" library="SeleniumLibrary">
<doc>Takes a screenshot of the current page and embeds it into a log file.</doc>
<msg timestamp="20231207 21:46:40.177" level="INFO" html="true">&lt;/td&gt;&lt;/tr&gt;&lt;tr&gt;&lt;td colspan="3"&gt;&lt;a href="selenium-screenshot-1.png"&gt;&lt;img src="selenium-screenshot-1.png" width="800px"&gt;&lt;/a&gt;</msg>
<status status="PASS" starttime="20231207 21:46:39.969" endtime="20231207 21:46:40.177"/>
</kw>
<kw name="Close Browser" library="SeleniumLibrary" type="TEARDOWN">
<doc>Closes the current browser.</doc>
<status status="PASS" starttime="20231207 21:46:40.177" endtime="20231207 21:46:42.335"/>
</kw>
<doc>SC05 - Update Data User Management</doc>
<tag>TC01 - Update Data User Management</tag>
<status status="PASS" starttime="20231207 21:46:17.518" endtime="20231207 21:46:42.335"/>
</test>
<doc>SC05 - Update Data User Management</doc>
<status status="PASS" starttime="20231207 21:46:17.354" endtime="20231207 21:46:42.336"/>
</suite>
<statistics>
<total>
<stat pass="1" fail="0" skip="0">All Tests</stat>
</total>
<tag>
<stat pass="1" fail="0" skip="0">TC01 - Update Data User Management</stat>
</tag>
<suite>
<stat pass="1" fail="0" skip="0" id="s1" name="SC05 - Update Data User Management">SC05 - Update Data User Management</stat>
</suite>
</statistics>
<errors>
</errors>
</robot>
