<?xml version="1.0" encoding="UTF-8"?>
<robot generator="Robot 6.1.1 (Python 3.12.0 on win32)" generated="20231215 20:34:13.161" rpa="false" schemaversion="4">
<suite id="s1" name="SC04 - Delete Data Konfigurasi Baca Perkara" source="C:\Users\ReiKa\PycharmProjects\spptti\tests\R18 - Klasifikasi - Konfigurasi Baca Perkara\SC04 - Delete Data Konfigurasi Baca Perkara\SC04 - Delete Data Konfigurasi Baca Perkara.robot">
<test id="s1-t1" name="TC01 - Delete Data Konfigurasi Baca Perkara" line="8">
<kw name="Open Browser Website" library="login">
<kw name="Open Browser" library="SeleniumLibrary">
<arg>${LOGIN URL}</arg>
<arg>${BROWSER}</arg>
<arg>options=add_argument("--incognito")</arg>
<doc>Opens a new browser instance to the optional ``url``.</doc>
<msg timestamp="20231215 20:34:13.318" level="INFO">Opening browser 'Chrome' to base url 'http://10.31.31.107/sign-in'.</msg>
<status status="PASS" starttime="20231215 20:34:13.318" endtime="20231215 20:34:15.321"/>
</kw>
<kw name="Maximize Browser Window" library="SeleniumLibrary">
<doc>Maximizes current browser window.</doc>
<status status="PASS" starttime="20231215 20:34:15.322" endtime="20231215 20:34:15.435"/>
</kw>
<kw name="Wait Until Page Contains" library="SeleniumLibrary">
<arg>Login</arg>
<doc>Waits until ``text`` appears on the current page.</doc>
<status status="PASS" starttime="20231215 20:34:15.435" endtime="20231215 20:34:15.464"/>
</kw>
<kw name="Set Selenium Speed" library="SeleniumLibrary">
<arg>${SPEED}</arg>
<doc>Sets the delay that is waited after each Selenium command.</doc>
<status status="PASS" starttime="20231215 20:34:15.464" endtime="20231215 20:34:15.464"/>
</kw>
<status status="PASS" starttime="20231215 20:34:13.318" endtime="20231215 20:34:15.464"/>
</kw>
<kw name="Input Email" library="login">
<arg>superadmin@gmail.com</arg>
<kw name="Clear Element Text" library="SeleniumLibrary">
<arg>email</arg>
<doc>Clears the value of the text-input-element identified by ``locator``.</doc>
<status status="PASS" starttime="20231215 20:34:15.465" endtime="20231215 20:34:15.698"/>
</kw>
<kw name="Input Text" library="SeleniumLibrary">
<arg>email</arg>
<arg>${email}</arg>
<doc>Types the given ``text`` into the text field identified by ``locator``.</doc>
<msg timestamp="20231215 20:34:15.698" level="INFO">Typing text 'superadmin@gmail.com' into text field 'email'.</msg>
<status status="PASS" starttime="20231215 20:34:15.698" endtime="20231215 20:34:16.053"/>
</kw>
<kw name="Textfield Value Should Be" library="SeleniumLibrary">
<arg>email</arg>
<arg>${email}</arg>
<doc>Verifies text field ``locator`` has exactly text ``expected``.</doc>
<msg timestamp="20231215 20:34:16.372" level="INFO">Content of text field 'email' is 'superadmin@gmail.com'.</msg>
<status status="PASS" starttime="20231215 20:34:16.053" endtime="20231215 20:34:16.372"/>
</kw>
<status status="PASS" starttime="20231215 20:34:15.464" endtime="20231215 20:34:16.372"/>
</kw>
<kw name="Input Password" library="login">
<arg>Superadmin123*@#</arg>
<kw name="Clear Element Text" library="SeleniumLibrary">
<arg>password</arg>
<doc>Clears the value of the text-input-element identified by ``locator``.</doc>
<status status="PASS" starttime="20231215 20:34:16.372" endtime="20231215 20:34:16.594"/>
</kw>
<kw name="Input Text" library="SeleniumLibrary">
<arg>password</arg>
<arg>${password}</arg>
<doc>Types the given ``text`` into the text field identified by ``locator``.</doc>
<msg timestamp="20231215 20:34:16.594" level="INFO">Typing text 'Superadmin123*@#' into text field 'password'.</msg>
<status status="PASS" starttime="20231215 20:34:16.594" endtime="20231215 20:34:16.938"/>
</kw>
<kw name="Textfield Value Should Be" library="SeleniumLibrary">
<arg>password</arg>
<arg>${password}</arg>
<doc>Verifies text field ``locator`` has exactly text ``expected``.</doc>
<msg timestamp="20231215 20:34:17.256" level="INFO">Content of text field 'password' is 'Superadmin123*@#'.</msg>
<status status="PASS" starttime="20231215 20:34:16.938" endtime="20231215 20:34:17.256"/>
</kw>
<status status="PASS" starttime="20231215 20:34:16.372" endtime="20231215 20:34:17.256"/>
</kw>
<kw name="Click Btn Login" library="login">
<kw name="Wait Until Element Is Visible" library="SeleniumLibrary">
<arg>id:kt_sign_in_submit</arg>
<doc>Waits until the element ``locator`` is visible.</doc>
<status status="PASS" starttime="20231215 20:34:17.256" endtime="20231215 20:34:17.473"/>
</kw>
<kw name="Click Button" library="SeleniumLibrary">
<arg>id:kt_sign_in_submit</arg>
<doc>Clicks the button identified by ``locator``.</doc>
<msg timestamp="20231215 20:34:17.473" level="INFO">Clicking button 'id:kt_sign_in_submit'.</msg>
<status status="PASS" starttime="20231215 20:34:17.473" endtime="20231215 20:34:18.007"/>
</kw>
<kw name="Wait Until Element Is Visible" library="SeleniumLibrary">
<arg>id:swal2-html-container</arg>
<doc>Waits until the element ``locator`` is visible.</doc>
<status status="PASS" starttime="20231215 20:34:18.007" endtime="20231215 20:34:21.580"/>
</kw>
<kw name="Get Text" library="SeleniumLibrary">
<var>${text}</var>
<arg>id:swal2-html-container</arg>
<doc>Returns the text value of the element identified by ``locator``.</doc>
<msg timestamp="20231215 20:34:21.794" level="INFO">${text} = You have successfully logged in!</msg>
<status status="PASS" starttime="20231215 20:34:21.580" endtime="20231215 20:34:21.794"/>
</kw>
<kw name="Run Keyword If" library="BuiltIn">
<arg>'${text} == "You have successfully logged in!"'</arg>
<arg>Press Keys</arg>
<arg>None</arg>
<arg>ENTER</arg>
<arg>Wait Until Location Is</arg>
<arg>http://10.31.31.107/home</arg>
<arg>ELSE IF</arg>
<arg>'${text} == "Gagal Login"'</arg>
<arg>Wait Until Element Contains</arg>
<arg>id:swal2-html-container</arg>
<arg>Gagal Login</arg>
<arg>ELSE</arg>
<arg>Wait Until Element Contains</arg>
<arg>id:swal2-html-container</arg>
<arg>Gagal Login</arg>
<doc>Runs the given keyword with the given arguments, if ``condition`` is true.</doc>
<kw name="Press Keys" library="SeleniumLibrary">
<arg>None</arg>
<arg>ENTER</arg>
<arg>Wait Until Location Is</arg>
<arg>http://10.31.31.107/home</arg>
<doc>Simulates the user pressing key(s) to an element or on the active browser.</doc>
<msg timestamp="20231215 20:34:21.795" level="INFO">Sending key(s) ('ENTER', 'Wait Until Location Is', 'http://10.31.31.107/home') to page.</msg>
<msg timestamp="20231215 20:34:21.795" level="INFO">Pressing special key ENTER to browser.</msg>
<msg timestamp="20231215 20:34:21.795" level="INFO">Releasing special key ENTER.</msg>
<msg timestamp="20231215 20:34:21.902" level="INFO">Sending keys Wait Until Location Is</msg>
<msg timestamp="20231215 20:34:22.133" level="INFO">Sending keys http://10.31.31.107/home</msg>
<status status="PASS" starttime="20231215 20:34:21.794" endtime="20231215 20:34:22.247"/>
</kw>
<status status="PASS" starttime="20231215 20:34:21.794" endtime="20231215 20:34:22.247"/>
</kw>
<status status="PASS" starttime="20231215 20:34:17.256" endtime="20231215 20:34:22.247"/>
</kw>
<kw name="Move To Module Konfigurasi Baca Perkara" library="konfigurasi_baca_perkara">
<kw name="Go To" library="SeleniumLibrary">
<arg>http://10.31.31.107/klasifikasi/master/konfigurasi-baca-perkara/</arg>
<doc>Navigates the current browser window to the provided ``url``.</doc>
<msg timestamp="20231215 20:34:22.247" level="INFO">Opening url 'http://10.31.31.107/klasifikasi/master/konfigurasi-baca-perkara/'</msg>
<status status="PASS" starttime="20231215 20:34:22.247" endtime="20231215 20:34:22.513"/>
</kw>
<kw name="Wait Until Location Is" library="SeleniumLibrary">
<arg>http://10.31.31.107/klasifikasi/master/konfigurasi-baca-perkara/</arg>
<doc>Waits until the current URL is ``expected``.</doc>
<status status="PASS" starttime="20231215 20:34:22.513" endtime="20231215 20:34:22.616"/>
</kw>
<kw name="Sleep" library="BuiltIn">
<arg>3s</arg>
<doc>Pauses the test executed for the given time.</doc>
<msg timestamp="20231215 20:34:25.617" level="INFO">Slept 3 seconds</msg>
<status status="PASS" starttime="20231215 20:34:22.616" endtime="20231215 20:34:25.617"/>
</kw>
<status status="PASS" starttime="20231215 20:34:22.247" endtime="20231215 20:34:25.617"/>
</kw>
<kw name="Delete" library="konfigurasi_baca_perkara">
<kw name="Wait Until Element Is Visible" library="SeleniumLibrary">
<arg>//*[@class="ki-solid ki-trash fs-5"]</arg>
<doc>Waits until the element ``locator`` is visible.</doc>
<status status="PASS" starttime="20231215 20:34:25.617" endtime="20231215 20:34:25.832"/>
</kw>
<kw name="Click Element" library="SeleniumLibrary">
<arg>//*[@class="ki-solid ki-trash fs-5"]</arg>
<doc>Click the element identified by ``locator``.</doc>
<msg timestamp="20231215 20:34:25.832" level="INFO">Clicking element '//*[@class="ki-solid ki-trash fs-5"]'.</msg>
<status status="PASS" starttime="20231215 20:34:25.832" endtime="20231215 20:34:26.078"/>
</kw>
<kw name="Wait Until Element Is Visible" library="SeleniumLibrary">
<arg>//*[@class="swal2-confirm swal2-styled swal2-default-outline"]</arg>
<doc>Waits until the element ``locator`` is visible.</doc>
<status status="PASS" starttime="20231215 20:34:26.078" endtime="20231215 20:34:26.293"/>
</kw>
<kw name="Click Element" library="SeleniumLibrary">
<arg>//*[@class="swal2-confirm swal2-styled swal2-default-outline"]</arg>
<doc>Click the element identified by ``locator``.</doc>
<msg timestamp="20231215 20:34:26.293" level="INFO">Clicking element '//*[@class="swal2-confirm swal2-styled swal2-default-outline"]'.</msg>
<status status="PASS" starttime="20231215 20:34:26.293" endtime="20231215 20:34:26.517"/>
</kw>
<status status="PASS" starttime="20231215 20:34:25.617" endtime="20231215 20:34:26.517"/>
</kw>
<kw name="Sleep" library="BuiltIn">
<arg>3s</arg>
<doc>Pauses the test executed for the given time.</doc>
<msg timestamp="20231215 20:34:29.518" level="INFO">Slept 3 seconds</msg>
<status status="PASS" starttime="20231215 20:34:26.517" endtime="20231215 20:34:29.518"/>
</kw>
<kw name="Capture Page Screenshot" library="SeleniumLibrary">
<doc>Takes a screenshot of the current page and embeds it into a log file.</doc>
<msg timestamp="20231215 20:34:29.740" level="INFO" html="true">&lt;/td&gt;&lt;/tr&gt;&lt;tr&gt;&lt;td colspan="3"&gt;&lt;a href="selenium-screenshot-1.png"&gt;&lt;img src="selenium-screenshot-1.png" width="800px"&gt;&lt;/a&gt;</msg>
<status status="PASS" starttime="20231215 20:34:29.518" endtime="20231215 20:34:29.740"/>
</kw>
<kw name="Close Browser" library="SeleniumLibrary" type="TEARDOWN">
<doc>Closes the current browser.</doc>
<status status="PASS" starttime="20231215 20:34:29.740" endtime="20231215 20:34:31.909"/>
</kw>
<doc>SC04 - Delete Data Konfigurasi Baca Perkara</doc>
<tag>TC01 - Delete Data Konfigurasi Baca Perkara</tag>
<status status="PASS" starttime="20231215 20:34:13.317" endtime="20231215 20:34:31.909"/>
</test>
<doc>SC04 - Delete Data Konfigurasi Baca Perkara</doc>
<status status="PASS" starttime="20231215 20:34:13.162" endtime="20231215 20:34:31.910"/>
</suite>
<statistics>
<total>
<stat pass="1" fail="0" skip="0">All Tests</stat>
</total>
<tag>
<stat pass="1" fail="0" skip="0">TC01 - Delete Data Konfigurasi Baca Perkara</stat>
</tag>
<suite>
<stat pass="1" fail="0" skip="0" id="s1" name="SC04 - Delete Data Konfigurasi Baca Perkara">SC04 - Delete Data Konfigurasi Baca Perkara</stat>
</suite>
</statistics>
<errors>
</errors>
</robot>
