<?xml version="1.0" encoding="UTF-8"?>
<robot generator="Robot 6.1.1 (Python 3.12.0 on win32)" generated="20231207 20:41:53.183" rpa="false" schemaversion="4">
<suite id="s1" name="SC06 - Delete Data Manajemen Role" source="C:\Users\ReiKa\PycharmProjects\spptti\tests\R07 - Management Role\SC06 - Delete Data Manajemen Role\SC06 - Delete Data Manajemen Role.robot">
<test id="s1-t1" name="TC01 - Delete Data Manajemen Role" line="8">
<kw name="Open Browser Website" library="login">
<kw name="Open Browser" library="SeleniumLibrary">
<arg>${LOGIN URL}</arg>
<arg>${BROWSER}</arg>
<arg>options=add_argument("--incognito")</arg>
<doc>Opens a new browser instance to the optional ``url``.</doc>
<msg timestamp="20231207 20:41:53.338" level="INFO">Opening browser 'Chrome' to base url 'http://10.31.31.107/sign-in'.</msg>
<status status="PASS" starttime="20231207 20:41:53.337" endtime="20231207 20:41:55.353"/>
</kw>
<kw name="Maximize Browser Window" library="SeleniumLibrary">
<doc>Maximizes current browser window.</doc>
<status status="PASS" starttime="20231207 20:41:55.353" endtime="20231207 20:41:55.466"/>
</kw>
<kw name="Wait Until Page Contains" library="SeleniumLibrary">
<arg>Login</arg>
<doc>Waits until ``text`` appears on the current page.</doc>
<status status="PASS" starttime="20231207 20:41:55.466" endtime="20231207 20:41:55.497"/>
</kw>
<kw name="Set Selenium Speed" library="SeleniumLibrary">
<arg>${SPEED}</arg>
<doc>Sets the delay that is waited after each Selenium command.</doc>
<status status="PASS" starttime="20231207 20:41:55.497" endtime="20231207 20:41:55.498"/>
</kw>
<status status="PASS" starttime="20231207 20:41:53.337" endtime="20231207 20:41:55.498"/>
</kw>
<kw name="Input Email" library="login">
<arg>superadmin@gmail.com</arg>
<kw name="Clear Element Text" library="SeleniumLibrary">
<arg>email</arg>
<doc>Clears the value of the text-input-element identified by ``locator``.</doc>
<status status="PASS" starttime="20231207 20:41:55.498" endtime="20231207 20:41:55.736"/>
</kw>
<kw name="Input Text" library="SeleniumLibrary">
<arg>email</arg>
<arg>${email}</arg>
<doc>Types the given ``text`` into the text field identified by ``locator``.</doc>
<msg timestamp="20231207 20:41:55.736" level="INFO">Typing text 'superadmin@gmail.com' into text field 'email'.</msg>
<status status="PASS" starttime="20231207 20:41:55.736" endtime="20231207 20:41:56.090"/>
</kw>
<kw name="Textfield Value Should Be" library="SeleniumLibrary">
<arg>email</arg>
<arg>${email}</arg>
<doc>Verifies text field ``locator`` has exactly text ``expected``.</doc>
<msg timestamp="20231207 20:41:56.410" level="INFO">Content of text field 'email' is 'superadmin@gmail.com'.</msg>
<status status="PASS" starttime="20231207 20:41:56.090" endtime="20231207 20:41:56.410"/>
</kw>
<status status="PASS" starttime="20231207 20:41:55.498" endtime="20231207 20:41:56.410"/>
</kw>
<kw name="Input Password" library="login">
<arg>Superadmin123*@#</arg>
<kw name="Clear Element Text" library="SeleniumLibrary">
<arg>password</arg>
<doc>Clears the value of the text-input-element identified by ``locator``.</doc>
<status status="PASS" starttime="20231207 20:41:56.410" endtime="20231207 20:41:56.633"/>
</kw>
<kw name="Input Text" library="SeleniumLibrary">
<arg>password</arg>
<arg>${password}</arg>
<doc>Types the given ``text`` into the text field identified by ``locator``.</doc>
<msg timestamp="20231207 20:41:56.633" level="INFO">Typing text 'Superadmin123*@#' into text field 'password'.</msg>
<status status="PASS" starttime="20231207 20:41:56.633" endtime="20231207 20:41:56.978"/>
</kw>
<kw name="Textfield Value Should Be" library="SeleniumLibrary">
<arg>password</arg>
<arg>${password}</arg>
<doc>Verifies text field ``locator`` has exactly text ``expected``.</doc>
<msg timestamp="20231207 20:41:57.300" level="INFO">Content of text field 'password' is 'Superadmin123*@#'.</msg>
<status status="PASS" starttime="20231207 20:41:56.978" endtime="20231207 20:41:57.300"/>
</kw>
<status status="PASS" starttime="20231207 20:41:56.410" endtime="20231207 20:41:57.300"/>
</kw>
<kw name="Click Btn Login" library="login">
<kw name="Wait Until Element Is Visible" library="SeleniumLibrary">
<arg>id:kt_sign_in_submit</arg>
<doc>Waits until the element ``locator`` is visible.</doc>
<status status="PASS" starttime="20231207 20:41:57.300" endtime="20231207 20:41:57.516"/>
</kw>
<kw name="Click Button" library="SeleniumLibrary">
<arg>id:kt_sign_in_submit</arg>
<doc>Clicks the button identified by ``locator``.</doc>
<msg timestamp="20231207 20:41:57.516" level="INFO">Clicking button 'id:kt_sign_in_submit'.</msg>
<status status="PASS" starttime="20231207 20:41:57.516" endtime="20231207 20:41:58.050"/>
</kw>
<kw name="Wait Until Element Is Visible" library="SeleniumLibrary">
<arg>id:swal2-html-container</arg>
<doc>Waits until the element ``locator`` is visible.</doc>
<status status="PASS" starttime="20231207 20:41:58.050" endtime="20231207 20:42:02.840"/>
</kw>
<kw name="Get Text" library="SeleniumLibrary">
<var>${text}</var>
<arg>id:swal2-html-container</arg>
<doc>Returns the text value of the element identified by ``locator``.</doc>
<msg timestamp="20231207 20:42:03.053" level="INFO">${text} = You have successfully logged in!</msg>
<status status="PASS" starttime="20231207 20:42:02.840" endtime="20231207 20:42:03.053"/>
</kw>
<kw name="Run Keyword If" library="BuiltIn">
<arg>'${text} == "You have successfully logged in!"'</arg>
<arg>Press Keys</arg>
<arg>None</arg>
<arg>ENTER</arg>
<arg>Wait Until Location Is</arg>
<arg>http://10.31.31.107/home</arg>
<arg>ELSE IF</arg>
<arg>'${text} == "Gagal Login"'</arg>
<arg>Wait Until Element Contains</arg>
<arg>id:swal2-html-container</arg>
<arg>Gagal Login</arg>
<arg>ELSE</arg>
<arg>Wait Until Element Contains</arg>
<arg>id:swal2-html-container</arg>
<arg>Gagal Login</arg>
<doc>Runs the given keyword with the given arguments, if ``condition`` is true.</doc>
<kw name="Press Keys" library="SeleniumLibrary">
<arg>None</arg>
<arg>ENTER</arg>
<arg>Wait Until Location Is</arg>
<arg>http://10.31.31.107/home</arg>
<doc>Simulates the user pressing key(s) to an element or on the active browser.</doc>
<msg timestamp="20231207 20:42:03.054" level="INFO">Sending key(s) ('ENTER', 'Wait Until Location Is', 'http://10.31.31.107/home') to page.</msg>
<msg timestamp="20231207 20:42:03.054" level="INFO">Pressing special key ENTER to browser.</msg>
<msg timestamp="20231207 20:42:03.054" level="INFO">Releasing special key ENTER.</msg>
<msg timestamp="20231207 20:42:03.160" level="INFO">Sending keys Wait Until Location Is</msg>
<msg timestamp="20231207 20:42:03.401" level="INFO">Sending keys http://10.31.31.107/home</msg>
<status status="PASS" starttime="20231207 20:42:03.053" endtime="20231207 20:42:03.515"/>
</kw>
<status status="PASS" starttime="20231207 20:42:03.053" endtime="20231207 20:42:03.515"/>
</kw>
<status status="PASS" starttime="20231207 20:41:57.300" endtime="20231207 20:42:03.515"/>
</kw>
<kw name="Move To Management Role Module" library="management_role">
<kw name="Go To" library="SeleniumLibrary">
<arg>http://10.31.31.107/admin/manajemen-role/</arg>
<doc>Navigates the current browser window to the provided ``url``.</doc>
<msg timestamp="20231207 20:42:03.515" level="INFO">Opening url 'http://10.31.31.107/admin/manajemen-role/'</msg>
<status status="PASS" starttime="20231207 20:42:03.515" endtime="20231207 20:42:03.791"/>
</kw>
<kw name="Wait Until Location Is" library="SeleniumLibrary">
<arg>http://10.31.31.107/admin/manajemen-role/</arg>
<doc>Waits until the current URL is ``expected``.</doc>
<status status="PASS" starttime="20231207 20:42:03.791" endtime="20231207 20:42:03.894"/>
</kw>
<status status="PASS" starttime="20231207 20:42:03.515" endtime="20231207 20:42:03.894"/>
</kw>
<kw name="Delete" library="management_role">
<kw name="Wait Until Element Is Visible" library="SeleniumLibrary">
<arg>xpath://*[@id="kt_app_content_container"]/div/div[2]/div/div/div[1]/table/tbody/tr[3]/td[3]/div/a[3]/i</arg>
<doc>Waits until the element ``locator`` is visible.</doc>
<status status="PASS" starttime="20231207 20:42:03.894" endtime="20231207 20:42:05.329"/>
</kw>
<kw name="Click Element" library="SeleniumLibrary">
<arg>xpath://*[@id="kt_app_content_container"]/div/div[2]/div/div/div[1]/table/tbody/tr[3]/td[3]/div/a[3]/i</arg>
<doc>Click the element identified by ``locator``.</doc>
<msg timestamp="20231207 20:42:05.329" level="INFO">Clicking element 'xpath://*[@id="kt_app_content_container"]/div/div[2]/div/div/div[1]/table/tbody/tr[3]/td[3]/div/a[3]/i'.</msg>
<status status="PASS" starttime="20231207 20:42:05.329" endtime="20231207 20:42:05.572"/>
</kw>
<kw name="Sleep" library="BuiltIn">
<arg>1s</arg>
<doc>Pauses the test executed for the given time.</doc>
<msg timestamp="20231207 20:42:06.573" level="INFO">Slept 1 second</msg>
<status status="PASS" starttime="20231207 20:42:05.572" endtime="20231207 20:42:06.573"/>
</kw>
<kw name="Press Keys" library="SeleniumLibrary">
<arg>None</arg>
<arg>ENTER</arg>
<doc>Simulates the user pressing key(s) to an element or on the active browser.</doc>
<msg timestamp="20231207 20:42:06.573" level="INFO">Sending key(s) ('ENTER',) to page.</msg>
<msg timestamp="20231207 20:42:06.573" level="INFO">Pressing special key ENTER to browser.</msg>
<msg timestamp="20231207 20:42:06.573" level="INFO">Releasing special key ENTER.</msg>
<status status="PASS" starttime="20231207 20:42:06.573" endtime="20231207 20:42:06.680"/>
</kw>
<kw name="Sleep" library="BuiltIn">
<arg>2s</arg>
<doc>Pauses the test executed for the given time.</doc>
<msg timestamp="20231207 20:42:08.680" level="INFO">Slept 2 seconds</msg>
<status status="PASS" starttime="20231207 20:42:06.680" endtime="20231207 20:42:08.680"/>
</kw>
<status status="PASS" starttime="20231207 20:42:03.894" endtime="20231207 20:42:08.680"/>
</kw>
<kw name="Sleep" library="BuiltIn">
<arg>2s</arg>
<doc>Pauses the test executed for the given time.</doc>
<msg timestamp="20231207 20:42:10.681" level="INFO">Slept 2 seconds</msg>
<status status="PASS" starttime="20231207 20:42:08.680" endtime="20231207 20:42:10.681"/>
</kw>
<kw name="Capture Page Screenshot" library="SeleniumLibrary">
<doc>Takes a screenshot of the current page and embeds it into a log file.</doc>
<msg timestamp="20231207 20:42:10.907" level="INFO" html="true">&lt;/td&gt;&lt;/tr&gt;&lt;tr&gt;&lt;td colspan="3"&gt;&lt;a href="selenium-screenshot-1.png"&gt;&lt;img src="selenium-screenshot-1.png" width="800px"&gt;&lt;/a&gt;</msg>
<status status="PASS" starttime="20231207 20:42:10.681" endtime="20231207 20:42:10.907"/>
</kw>
<kw name="Close Browser" library="SeleniumLibrary" type="TEARDOWN">
<doc>Closes the current browser.</doc>
<status status="PASS" starttime="20231207 20:42:10.907" endtime="20231207 20:42:13.060"/>
</kw>
<doc>SC06 - Delete Data Manajemen Role</doc>
<tag>TC01 - Delete Data Manajemen Role</tag>
<status status="PASS" starttime="20231207 20:41:53.337" endtime="20231207 20:42:13.060"/>
</test>
<doc>SC06 - Delete Data Manajemen Role</doc>
<status status="PASS" starttime="20231207 20:41:53.184" endtime="20231207 20:42:13.061"/>
</suite>
<statistics>
<total>
<stat pass="1" fail="0" skip="0">All Tests</stat>
</total>
<tag>
<stat pass="1" fail="0" skip="0">TC01 - Delete Data Manajemen Role</stat>
</tag>
<suite>
<stat pass="1" fail="0" skip="0" id="s1" name="SC06 - Delete Data Manajemen Role">SC06 - Delete Data Manajemen Role</stat>
</suite>
</statistics>
<errors>
</errors>
</robot>
