<?xml version="1.0" encoding="UTF-8"?>
<robot generator="Robot 6.1.1 (Python 3.12.0 on win32)" generated="20231215 19:47:10.564" rpa="false" schemaversion="4">
<suite id="s1" name="SC02 - Create Master Data - Klasifikasi" source="C:\Users\ReiKa\PycharmProjects\spptti\tests\R17 - Klasifikasi - Master Data (Klasifikasi)\SC02 - Create Master Data - Klasifikasi\SC02 - Create Master Data - Klasifikasi.robot">
<test id="s1-t1" name="TC01 - Create Master Data - Klasifikasi" line="8">
<kw name="Open Browser Website" library="login">
<kw name="Open Browser" library="SeleniumLibrary">
<arg>${LOGIN URL}</arg>
<arg>${BROWSER}</arg>
<arg>options=add_argument("--incognito")</arg>
<doc>Opens a new browser instance to the optional ``url``.</doc>
<msg timestamp="20231215 19:47:10.721" level="INFO">Opening browser 'Chrome' to base url 'http://10.31.31.107/sign-in'.</msg>
<status status="PASS" starttime="20231215 19:47:10.720" endtime="20231215 19:47:12.730"/>
</kw>
<kw name="Maximize Browser Window" library="SeleniumLibrary">
<doc>Maximizes current browser window.</doc>
<status status="PASS" starttime="20231215 19:47:12.730" endtime="20231215 19:47:12.862"/>
</kw>
<kw name="Wait Until Page Contains" library="SeleniumLibrary">
<arg>Login</arg>
<doc>Waits until ``text`` appears on the current page.</doc>
<status status="PASS" starttime="20231215 19:47:12.862" endtime="20231215 19:47:12.873"/>
</kw>
<kw name="Set Selenium Speed" library="SeleniumLibrary">
<arg>${SPEED}</arg>
<doc>Sets the delay that is waited after each Selenium command.</doc>
<status status="PASS" starttime="20231215 19:47:12.873" endtime="20231215 19:47:12.873"/>
</kw>
<status status="PASS" starttime="20231215 19:47:10.720" endtime="20231215 19:47:12.873"/>
</kw>
<kw name="Input Email" library="login">
<arg>superadmin@gmail.com</arg>
<kw name="Clear Element Text" library="SeleniumLibrary">
<arg>email</arg>
<doc>Clears the value of the text-input-element identified by ``locator``.</doc>
<status status="PASS" starttime="20231215 19:47:12.874" endtime="20231215 19:47:13.205"/>
</kw>
<kw name="Input Text" library="SeleniumLibrary">
<arg>email</arg>
<arg>${email}</arg>
<doc>Types the given ``text`` into the text field identified by ``locator``.</doc>
<msg timestamp="20231215 19:47:13.205" level="INFO">Typing text 'superadmin@gmail.com' into text field 'email'.</msg>
<status status="PASS" starttime="20231215 19:47:13.205" endtime="20231215 19:47:13.561"/>
</kw>
<kw name="Textfield Value Should Be" library="SeleniumLibrary">
<arg>email</arg>
<arg>${email}</arg>
<doc>Verifies text field ``locator`` has exactly text ``expected``.</doc>
<msg timestamp="20231215 19:47:13.880" level="INFO">Content of text field 'email' is 'superadmin@gmail.com'.</msg>
<status status="PASS" starttime="20231215 19:47:13.561" endtime="20231215 19:47:13.880"/>
</kw>
<status status="PASS" starttime="20231215 19:47:12.873" endtime="20231215 19:47:13.880"/>
</kw>
<kw name="Input Password" library="login">
<arg>Superadmin123*@#</arg>
<kw name="Clear Element Text" library="SeleniumLibrary">
<arg>password</arg>
<doc>Clears the value of the text-input-element identified by ``locator``.</doc>
<status status="PASS" starttime="20231215 19:47:13.880" endtime="20231215 19:47:14.104"/>
</kw>
<kw name="Input Text" library="SeleniumLibrary">
<arg>password</arg>
<arg>${password}</arg>
<doc>Types the given ``text`` into the text field identified by ``locator``.</doc>
<msg timestamp="20231215 19:47:14.104" level="INFO">Typing text 'Superadmin123*@#' into text field 'password'.</msg>
<status status="PASS" starttime="20231215 19:47:14.104" endtime="20231215 19:47:14.449"/>
</kw>
<kw name="Textfield Value Should Be" library="SeleniumLibrary">
<arg>password</arg>
<arg>${password}</arg>
<doc>Verifies text field ``locator`` has exactly text ``expected``.</doc>
<msg timestamp="20231215 19:47:14.766" level="INFO">Content of text field 'password' is 'Superadmin123*@#'.</msg>
<status status="PASS" starttime="20231215 19:47:14.449" endtime="20231215 19:47:14.766"/>
</kw>
<status status="PASS" starttime="20231215 19:47:13.880" endtime="20231215 19:47:14.766"/>
</kw>
<kw name="Click Btn Login" library="login">
<kw name="Wait Until Element Is Visible" library="SeleniumLibrary">
<arg>id:kt_sign_in_submit</arg>
<doc>Waits until the element ``locator`` is visible.</doc>
<status status="PASS" starttime="20231215 19:47:14.766" endtime="20231215 19:47:14.981"/>
</kw>
<kw name="Click Button" library="SeleniumLibrary">
<arg>id:kt_sign_in_submit</arg>
<doc>Clicks the button identified by ``locator``.</doc>
<msg timestamp="20231215 19:47:14.981" level="INFO">Clicking button 'id:kt_sign_in_submit'.</msg>
<status status="PASS" starttime="20231215 19:47:14.981" endtime="20231215 19:47:15.515"/>
</kw>
<kw name="Wait Until Element Is Visible" library="SeleniumLibrary">
<arg>id:swal2-html-container</arg>
<doc>Waits until the element ``locator`` is visible.</doc>
<status status="PASS" starttime="20231215 19:47:15.515" endtime="20231215 19:47:19.393"/>
</kw>
<kw name="Get Text" library="SeleniumLibrary">
<var>${text}</var>
<arg>id:swal2-html-container</arg>
<doc>Returns the text value of the element identified by ``locator``.</doc>
<msg timestamp="20231215 19:47:19.607" level="INFO">${text} = You have successfully logged in!</msg>
<status status="PASS" starttime="20231215 19:47:19.393" endtime="20231215 19:47:19.607"/>
</kw>
<kw name="Run Keyword If" library="BuiltIn">
<arg>'${text} == "You have successfully logged in!"'</arg>
<arg>Press Keys</arg>
<arg>None</arg>
<arg>ENTER</arg>
<arg>Wait Until Location Is</arg>
<arg>http://10.31.31.107/home</arg>
<arg>ELSE IF</arg>
<arg>'${text} == "Gagal Login"'</arg>
<arg>Wait Until Element Contains</arg>
<arg>id:swal2-html-container</arg>
<arg>Gagal Login</arg>
<arg>ELSE</arg>
<arg>Wait Until Element Contains</arg>
<arg>id:swal2-html-container</arg>
<arg>Gagal Login</arg>
<doc>Runs the given keyword with the given arguments, if ``condition`` is true.</doc>
<kw name="Press Keys" library="SeleniumLibrary">
<arg>None</arg>
<arg>ENTER</arg>
<arg>Wait Until Location Is</arg>
<arg>http://10.31.31.107/home</arg>
<doc>Simulates the user pressing key(s) to an element or on the active browser.</doc>
<msg timestamp="20231215 19:47:19.608" level="INFO">Sending key(s) ('ENTER', 'Wait Until Location Is', 'http://10.31.31.107/home') to page.</msg>
<msg timestamp="20231215 19:47:19.608" level="INFO">Pressing special key ENTER to browser.</msg>
<msg timestamp="20231215 19:47:19.608" level="INFO">Releasing special key ENTER.</msg>
<msg timestamp="20231215 19:47:19.715" level="INFO">Sending keys Wait Until Location Is</msg>
<msg timestamp="20231215 19:47:20.059" level="INFO">Sending keys http://10.31.31.107/home</msg>
<status status="PASS" starttime="20231215 19:47:19.607" endtime="20231215 19:47:20.173"/>
</kw>
<status status="PASS" starttime="20231215 19:47:19.607" endtime="20231215 19:47:20.173"/>
</kw>
<status status="PASS" starttime="20231215 19:47:14.766" endtime="20231215 19:47:20.173"/>
</kw>
<kw name="Move To Module Klasifikasi" library="klasifikasi">
<kw name="Go To" library="SeleniumLibrary">
<arg>http://10.31.31.107/klasifikasi/master/klasifikasi/</arg>
<doc>Navigates the current browser window to the provided ``url``.</doc>
<msg timestamp="20231215 19:47:20.173" level="INFO">Opening url 'http://10.31.31.107/klasifikasi/master/klasifikasi/'</msg>
<status status="PASS" starttime="20231215 19:47:20.173" endtime="20231215 19:47:20.427"/>
</kw>
<kw name="Wait Until Location Is" library="SeleniumLibrary">
<arg>http://10.31.31.107/klasifikasi/master/klasifikasi/</arg>
<doc>Waits until the current URL is ``expected``.</doc>
<status status="PASS" starttime="20231215 19:47:20.427" endtime="20231215 19:47:20.602"/>
</kw>
<kw name="Sleep" library="BuiltIn">
<arg>3s</arg>
<doc>Pauses the test executed for the given time.</doc>
<msg timestamp="20231215 19:47:23.603" level="INFO">Slept 3 seconds</msg>
<status status="PASS" starttime="20231215 19:47:20.602" endtime="20231215 19:47:23.603"/>
</kw>
<status status="PASS" starttime="20231215 19:47:20.173" endtime="20231215 19:47:23.603"/>
</kw>
<kw name="Click Btn Tambah Data" library="klasifikasi">
<kw name="Wait Until Element Is Visible" library="SeleniumLibrary">
<arg>//*[@class="btn btn-sm btn-primary"]</arg>
<doc>Waits until the element ``locator`` is visible.</doc>
<status status="PASS" starttime="20231215 19:47:23.603" endtime="20231215 19:47:23.818"/>
</kw>
<kw name="Click Element" library="SeleniumLibrary">
<arg>//*[@class="btn btn-sm btn-primary"]</arg>
<doc>Click the element identified by ``locator``.</doc>
<msg timestamp="20231215 19:47:23.818" level="INFO">Clicking element '//*[@class="btn btn-sm btn-primary"]'.</msg>
<status status="PASS" starttime="20231215 19:47:23.818" endtime="20231215 19:47:24.046"/>
</kw>
<kw name="Wait Until Location Is" library="SeleniumLibrary">
<arg>http://10.31.31.107/klasifikasi/master/klasifikasi/add</arg>
<doc>Waits until the current URL is ``expected``.</doc>
<status status="PASS" starttime="20231215 19:47:24.046" endtime="20231215 19:47:24.149"/>
</kw>
<status status="PASS" starttime="20231215 19:47:23.603" endtime="20231215 19:47:24.149"/>
</kw>
<kw name="Input Buku" library="klasifikasi">
<arg>3</arg>
<kw name="Wait Until Element Is Visible" library="SeleniumLibrary">
<arg>xpath:/html/body/div[1]/div[1]/div/div[2]/div[2]/div[1]/div/div/div/div/div[2]/form/div[1]/div/div/div/input</arg>
<doc>Waits until the element ``locator`` is visible.</doc>
<status status="PASS" starttime="20231215 19:47:24.149" endtime="20231215 19:47:24.364"/>
</kw>
<kw name="Clear Element Text" library="SeleniumLibrary">
<arg>xpath:/html/body/div[1]/div[1]/div/div[2]/div[2]/div[1]/div/div/div/div/div[2]/form/div[1]/div/div/div/input</arg>
<doc>Clears the value of the text-input-element identified by ``locator``.</doc>
<status status="PASS" starttime="20231215 19:47:24.364" endtime="20231215 19:47:24.581"/>
</kw>
<kw name="Input Text" library="SeleniumLibrary">
<arg>xpath:/html/body/div[1]/div[1]/div/div[2]/div[2]/div[1]/div/div/div/div/div[2]/form/div[1]/div/div/div/input</arg>
<arg>${param}</arg>
<doc>Types the given ``text`` into the text field identified by ``locator``.</doc>
<msg timestamp="20231215 19:47:24.581" level="INFO">Typing text '3' into text field 'xpath:/html/body/div[1]/div[1]/div/div[2]/div[2]/div[1]/div/div/div/div/div[2]/form/div[1]/div/div/div/input'.</msg>
<status status="PASS" starttime="20231215 19:47:24.581" endtime="20231215 19:47:24.921"/>
</kw>
<status status="PASS" starttime="20231215 19:47:24.149" endtime="20231215 19:47:24.921"/>
</kw>
<kw name="Input Bab" library="klasifikasi">
<arg>2</arg>
<kw name="Wait Until Element Is Visible" library="SeleniumLibrary">
<arg>xpath:/html/body/div[1]/div[1]/div/div[2]/div[2]/div[1]/div/div/div/div/div[2]/form/div[2]/div/div/div/input</arg>
<doc>Waits until the element ``locator`` is visible.</doc>
<status status="PASS" starttime="20231215 19:47:24.921" endtime="20231215 19:47:25.136"/>
</kw>
<kw name="Clear Element Text" library="SeleniumLibrary">
<arg>xpath:/html/body/div[1]/div[1]/div/div[2]/div[2]/div[1]/div/div/div/div/div[2]/form/div[2]/div/div/div/input</arg>
<doc>Clears the value of the text-input-element identified by ``locator``.</doc>
<status status="PASS" starttime="20231215 19:47:25.136" endtime="20231215 19:47:25.353"/>
</kw>
<kw name="Input Text" library="SeleniumLibrary">
<arg>xpath:/html/body/div[1]/div[1]/div/div[2]/div[2]/div[1]/div/div/div/div/div[2]/form/div[2]/div/div/div/input</arg>
<arg>${param}</arg>
<doc>Types the given ``text`` into the text field identified by ``locator``.</doc>
<msg timestamp="20231215 19:47:25.353" level="INFO">Typing text '2' into text field 'xpath:/html/body/div[1]/div[1]/div/div[2]/div[2]/div[1]/div/div/div/div/div[2]/form/div[2]/div/div/div/input'.</msg>
<status status="PASS" starttime="20231215 19:47:25.353" endtime="20231215 19:47:25.694"/>
</kw>
<status status="PASS" starttime="20231215 19:47:24.921" endtime="20231215 19:47:25.694"/>
</kw>
<kw name="Input Pasal" library="klasifikasi">
<arg>110</arg>
<kw name="Wait Until Element Is Visible" library="SeleniumLibrary">
<arg>xpath:/html/body/div[1]/div[1]/div/div[2]/div[2]/div[1]/div/div/div/div/div[2]/form/div[3]/div/div/div/input</arg>
<doc>Waits until the element ``locator`` is visible.</doc>
<status status="PASS" starttime="20231215 19:47:25.694" endtime="20231215 19:47:25.908"/>
</kw>
<kw name="Clear Element Text" library="SeleniumLibrary">
<arg>xpath:/html/body/div[1]/div[1]/div/div[2]/div[2]/div[1]/div/div/div/div/div[2]/form/div[3]/div/div/div/input</arg>
<doc>Clears the value of the text-input-element identified by ``locator``.</doc>
<status status="PASS" starttime="20231215 19:47:25.908" endtime="20231215 19:47:26.125"/>
</kw>
<kw name="Input Text" library="SeleniumLibrary">
<arg>xpath:/html/body/div[1]/div[1]/div/div[2]/div[2]/div[1]/div/div/div/div/div[2]/form/div[3]/div/div/div/input</arg>
<arg>${param}</arg>
<doc>Types the given ``text`` into the text field identified by ``locator``.</doc>
<msg timestamp="20231215 19:47:26.125" level="INFO">Typing text '110' into text field 'xpath:/html/body/div[1]/div[1]/div/div[2]/div[2]/div[1]/div/div/div/div/div[2]/form/div[3]/div/div/div/input'.</msg>
<status status="PASS" starttime="20231215 19:47:26.125" endtime="20231215 19:47:26.472"/>
</kw>
<status status="PASS" starttime="20231215 19:47:25.694" endtime="20231215 19:47:26.472"/>
</kw>
<kw name="Input Ayat" library="klasifikasi">
<arg>110</arg>
<kw name="Wait Until Element Is Visible" library="SeleniumLibrary">
<arg>xpath:/html/body/div[1]/div[1]/div/div[2]/div[2]/div[1]/div/div/div/div/div[2]/form/div[6]/div/div/div/input</arg>
<doc>Waits until the element ``locator`` is visible.</doc>
<status status="PASS" starttime="20231215 19:47:26.472" endtime="20231215 19:47:26.688"/>
</kw>
<kw name="Clear Element Text" library="SeleniumLibrary">
<arg>xpath:/html/body/div[1]/div[1]/div/div[2]/div[2]/div[1]/div/div/div/div/div[2]/form/div[6]/div/div/div/input</arg>
<doc>Clears the value of the text-input-element identified by ``locator``.</doc>
<status status="PASS" starttime="20231215 19:47:26.688" endtime="20231215 19:47:26.917"/>
</kw>
<kw name="Input Text" library="SeleniumLibrary">
<arg>xpath:/html/body/div[1]/div[1]/div/div[2]/div[2]/div[1]/div/div/div/div/div[2]/form/div[6]/div/div/div/input</arg>
<arg>${param}</arg>
<doc>Types the given ``text`` into the text field identified by ``locator``.</doc>
<msg timestamp="20231215 19:47:26.917" level="INFO">Typing text '110' into text field 'xpath:/html/body/div[1]/div[1]/div/div[2]/div[2]/div[1]/div/div/div/div/div[2]/form/div[6]/div/div/div/input'.</msg>
<status status="PASS" starttime="20231215 19:47:26.917" endtime="20231215 19:47:27.263"/>
</kw>
<status status="PASS" starttime="20231215 19:47:26.472" endtime="20231215 19:47:27.263"/>
</kw>
<kw name="Input Angka/Huruf/Butir" library="klasifikasi">
<arg>100/A/-</arg>
<kw name="Wait Until Element Is Visible" library="SeleniumLibrary">
<arg>xpath:/html/body/div[1]/div[1]/div/div[2]/div[2]/div[1]/div/div/div/div/div[2]/form/div[9]/div/div/div/input</arg>
<doc>Waits until the element ``locator`` is visible.</doc>
<status status="PASS" starttime="20231215 19:47:27.263" endtime="20231215 19:47:27.478"/>
</kw>
<kw name="Clear Element Text" library="SeleniumLibrary">
<arg>xpath:/html/body/div[1]/div[1]/div/div[2]/div[2]/div[1]/div/div/div/div/div[2]/form/div[9]/div/div/div/input</arg>
<doc>Clears the value of the text-input-element identified by ``locator``.</doc>
<status status="PASS" starttime="20231215 19:47:27.478" endtime="20231215 19:47:27.695"/>
</kw>
<kw name="Input Text" library="SeleniumLibrary">
<arg>xpath:/html/body/div[1]/div[1]/div/div[2]/div[2]/div[1]/div/div/div/div/div[2]/form/div[9]/div/div/div/input</arg>
<arg>${param}</arg>
<doc>Types the given ``text`` into the text field identified by ``locator``.</doc>
<msg timestamp="20231215 19:47:27.695" level="INFO">Typing text '100/A/-' into text field 'xpath:/html/body/div[1]/div[1]/div/div[2]/div[2]/div[1]/div/div/div/div/div[2]/form/div[9]/div/div/div/input'.</msg>
<status status="PASS" starttime="20231215 19:47:27.695" endtime="20231215 19:47:28.049"/>
</kw>
<status status="PASS" starttime="20231215 19:47:27.263" endtime="20231215 19:47:28.049"/>
</kw>
<kw name="Input UU No" library="klasifikasi">
<arg>2</arg>
<kw name="Wait Until Element Is Visible" library="SeleniumLibrary">
<arg>xpath:/html/body/div[1]/div[1]/div/div[2]/div[2]/div[1]/div/div/div/div/div[2]/form/div[12]/div/div/div/input</arg>
<doc>Waits until the element ``locator`` is visible.</doc>
<status status="PASS" starttime="20231215 19:47:28.049" endtime="20231215 19:47:28.264"/>
</kw>
<kw name="Clear Element Text" library="SeleniumLibrary">
<arg>xpath:/html/body/div[1]/div[1]/div/div[2]/div[2]/div[1]/div/div/div/div/div[2]/form/div[12]/div/div/div/input</arg>
<doc>Clears the value of the text-input-element identified by ``locator``.</doc>
<status status="PASS" starttime="20231215 19:47:28.264" endtime="20231215 19:47:28.483"/>
</kw>
<kw name="Input Text" library="SeleniumLibrary">
<arg>xpath:/html/body/div[1]/div[1]/div/div[2]/div[2]/div[1]/div/div/div/div/div[2]/form/div[12]/div/div/div/input</arg>
<arg>${param}</arg>
<doc>Types the given ``text`` into the text field identified by ``locator``.</doc>
<msg timestamp="20231215 19:47:28.483" level="INFO">Typing text '2' into text field 'xpath:/html/body/div[1]/div[1]/div/div[2]/div[2]/div[1]/div/div/div/div/div[2]/form/div[12]/div/div/div/input'.</msg>
<status status="PASS" starttime="20231215 19:47:28.483" endtime="20231215 19:47:28.831"/>
</kw>
<status status="PASS" starttime="20231215 19:47:28.049" endtime="20231215 19:47:28.831"/>
</kw>
<kw name="Input UU Tahun" library="klasifikasi">
<arg>2000</arg>
<kw name="Wait Until Element Is Visible" library="SeleniumLibrary">
<arg>xpath:/html/body/div[1]/div[1]/div/div[2]/div[2]/div[1]/div/div/div/div/div[2]/form/div[15]/div/div/div/input</arg>
<doc>Waits until the element ``locator`` is visible.</doc>
<status status="PASS" starttime="20231215 19:47:28.831" endtime="20231215 19:47:29.046"/>
</kw>
<kw name="Clear Element Text" library="SeleniumLibrary">
<arg>xpath:/html/body/div[1]/div[1]/div/div[2]/div[2]/div[1]/div/div/div/div/div[2]/form/div[15]/div/div/div/input</arg>
<doc>Clears the value of the text-input-element identified by ``locator``.</doc>
<status status="PASS" starttime="20231215 19:47:29.046" endtime="20231215 19:47:29.264"/>
</kw>
<kw name="Input Text" library="SeleniumLibrary">
<arg>xpath:/html/body/div[1]/div[1]/div/div[2]/div[2]/div[1]/div/div/div/div/div[2]/form/div[15]/div/div/div/input</arg>
<arg>${param}</arg>
<doc>Types the given ``text`` into the text field identified by ``locator``.</doc>
<msg timestamp="20231215 19:47:29.264" level="INFO">Typing text '2000' into text field 'xpath:/html/body/div[1]/div[1]/div/div[2]/div[2]/div[1]/div/div/div/div/div[2]/form/div[15]/div/div/div/input'.</msg>
<status status="PASS" starttime="20231215 19:47:29.264" endtime="20231215 19:47:29.615"/>
</kw>
<status status="PASS" starttime="20231215 19:47:28.831" endtime="20231215 19:47:29.615"/>
</kw>
<kw name="Input Penulisan Buku" library="klasifikasi">
<arg>Pasal 110 ayat (110) KUHP</arg>
<kw name="Wait Until Element Is Visible" library="SeleniumLibrary">
<arg>xpath:/html/body/div[1]/div[1]/div/div[2]/div[2]/div[1]/div/div/div/div/div[2]/form/div[18]/div/div/div/input</arg>
<doc>Waits until the element ``locator`` is visible.</doc>
<status status="PASS" starttime="20231215 19:47:29.615" endtime="20231215 19:47:29.830"/>
</kw>
<kw name="Clear Element Text" library="SeleniumLibrary">
<arg>xpath:/html/body/div[1]/div[1]/div/div[2]/div[2]/div[1]/div/div/div/div/div[2]/form/div[18]/div/div/div/input</arg>
<doc>Clears the value of the text-input-element identified by ``locator``.</doc>
<status status="PASS" starttime="20231215 19:47:29.830" endtime="20231215 19:47:30.049"/>
</kw>
<kw name="Input Text" library="SeleniumLibrary">
<arg>xpath:/html/body/div[1]/div[1]/div/div[2]/div[2]/div[1]/div/div/div/div/div[2]/form/div[18]/div/div/div/input</arg>
<arg>${param}</arg>
<doc>Types the given ``text`` into the text field identified by ``locator``.</doc>
<msg timestamp="20231215 19:47:30.049" level="INFO">Typing text 'Pasal 110 ayat (110) KUHP' into text field 'xpath:/html/body/div[1]/div[1]/div/div[2]/div[2]/div[1]/div/div/div/div/div[2]/form/div[18]/div/div/div/input'.</msg>
<status status="PASS" starttime="20231215 19:47:30.049" endtime="20231215 19:47:30.429"/>
</kw>
<status status="PASS" starttime="20231215 19:47:29.615" endtime="20231215 19:47:30.429"/>
</kw>
<kw name="Input Klasifikasi" library="klasifikasi">
<arg>&gt; Kejahatan &gt; Terhadap Negara &gt; Makar &gt; pemerintahan</arg>
<kw name="Wait Until Element Is Visible" library="SeleniumLibrary">
<arg>xpath:/html/body/div[1]/div[1]/div/div[2]/div[2]/div[1]/div/div/div/div/div[2]/form/div[19]/div/div/div/input</arg>
<doc>Waits until the element ``locator`` is visible.</doc>
<status status="PASS" starttime="20231215 19:47:30.429" endtime="20231215 19:47:30.644"/>
</kw>
<kw name="Clear Element Text" library="SeleniumLibrary">
<arg>xpath:/html/body/div[1]/div[1]/div/div[2]/div[2]/div[1]/div/div/div/div/div[2]/form/div[19]/div/div/div/input</arg>
<doc>Clears the value of the text-input-element identified by ``locator``.</doc>
<status status="PASS" starttime="20231215 19:47:30.644" endtime="20231215 19:47:30.863"/>
</kw>
<kw name="Input Text" library="SeleniumLibrary">
<arg>xpath:/html/body/div[1]/div[1]/div/div[2]/div[2]/div[1]/div/div/div/div/div[2]/form/div[19]/div/div/div/input</arg>
<arg>${param}</arg>
<doc>Types the given ``text`` into the text field identified by ``locator``.</doc>
<msg timestamp="20231215 19:47:30.863" level="INFO">Typing text '&gt; Kejahatan &gt; Terhadap Negara &gt; Makar &gt; pemerintahan' into text field 'xpath:/html/body/div[1]/div[1]/div/div[2]/div[2]/div[1]/div/div/div/div/div[2]/form/div[19]/div/div/div/input'.</msg>
<status status="PASS" starttime="20231215 19:47:30.863" endtime="20231215 19:47:31.268"/>
</kw>
<status status="PASS" starttime="20231215 19:47:30.429" endtime="20231215 19:47:31.268"/>
</kw>
<kw name="Input Kualifikasi" library="klasifikasi">
<arg>makar menggulingkan pemerintahan</arg>
<kw name="Wait Until Element Is Visible" library="SeleniumLibrary">
<arg>xpath:/html/body/div[1]/div[1]/div/div[2]/div[2]/div[1]/div/div/div/div/div[2]/form/div[20]/div/div/div/input</arg>
<doc>Waits until the element ``locator`` is visible.</doc>
<status status="PASS" starttime="20231215 19:47:31.268" endtime="20231215 19:47:31.483"/>
</kw>
<kw name="Clear Element Text" library="SeleniumLibrary">
<arg>xpath:/html/body/div[1]/div[1]/div/div[2]/div[2]/div[1]/div/div/div/div/div[2]/form/div[20]/div/div/div/input</arg>
<doc>Clears the value of the text-input-element identified by ``locator``.</doc>
<status status="PASS" starttime="20231215 19:47:31.483" endtime="20231215 19:47:31.701"/>
</kw>
<kw name="Input Text" library="SeleniumLibrary">
<arg>xpath:/html/body/div[1]/div[1]/div/div[2]/div[2]/div[1]/div/div/div/div/div[2]/form/div[20]/div/div/div/input</arg>
<arg>${param}</arg>
<doc>Types the given ``text`` into the text field identified by ``locator``.</doc>
<msg timestamp="20231215 19:47:31.701" level="INFO">Typing text 'makar menggulingkan pemerintahan' into text field 'xpath:/html/body/div[1]/div[1]/div/div[2]/div[2]/div[1]/div/div/div/div/div[2]/form/div[20]/div/div/div/input'.</msg>
<status status="PASS" starttime="20231215 19:47:31.701" endtime="20231215 19:47:32.079"/>
</kw>
<status status="PASS" starttime="20231215 19:47:31.268" endtime="20231215 19:47:32.079"/>
</kw>
<kw name="Select Status" library="klasifikasi">
<kw name="Wait Until Element Is Visible" library="SeleniumLibrary">
<arg>//*[@placeholder="Status"]</arg>
<doc>Waits until the element ``locator`` is visible.</doc>
<status status="PASS" starttime="20231215 19:47:32.079" endtime="20231215 19:47:32.294"/>
</kw>
<kw name="Click Element" library="SeleniumLibrary">
<arg>//*[@placeholder="Status"]</arg>
<doc>Click the element identified by ``locator``.</doc>
<msg timestamp="20231215 19:47:32.294" level="INFO">Clicking element '//*[@placeholder="Status"]'.</msg>
<status status="PASS" starttime="20231215 19:47:32.294" endtime="20231215 19:47:32.526"/>
</kw>
<kw name="Sleep" library="BuiltIn">
<arg>0.5s</arg>
<doc>Pauses the test executed for the given time.</doc>
<msg timestamp="20231215 19:47:33.027" level="INFO">Slept 500 milliseconds</msg>
<status status="PASS" starttime="20231215 19:47:32.526" endtime="20231215 19:47:33.027"/>
</kw>
<kw name="Press Keys" library="SeleniumLibrary">
<arg>None</arg>
<arg>ARROW_DOWN</arg>
<doc>Simulates the user pressing key(s) to an element or on the active browser.</doc>
<msg timestamp="20231215 19:47:33.027" level="INFO">Sending key(s) ('ARROW_DOWN',) to page.</msg>
<msg timestamp="20231215 19:47:33.027" level="INFO">Pressing special key ARROW_DOWN to browser.</msg>
<msg timestamp="20231215 19:47:33.027" level="INFO">Releasing special key ARROW_DOWN.</msg>
<status status="PASS" starttime="20231215 19:47:33.027" endtime="20231215 19:47:33.133"/>
</kw>
<kw name="Sleep" library="BuiltIn">
<arg>0.5s</arg>
<doc>Pauses the test executed for the given time.</doc>
<msg timestamp="20231215 19:47:33.634" level="INFO">Slept 500 milliseconds</msg>
<status status="PASS" starttime="20231215 19:47:33.133" endtime="20231215 19:47:33.634"/>
</kw>
<kw name="Press Keys" library="SeleniumLibrary">
<arg>None</arg>
<arg>ENTER</arg>
<doc>Simulates the user pressing key(s) to an element or on the active browser.</doc>
<msg timestamp="20231215 19:47:33.634" level="INFO">Sending key(s) ('ENTER',) to page.</msg>
<msg timestamp="20231215 19:47:33.634" level="INFO">Pressing special key ENTER to browser.</msg>
<msg timestamp="20231215 19:47:33.634" level="INFO">Releasing special key ENTER.</msg>
<status status="PASS" starttime="20231215 19:47:33.634" endtime="20231215 19:47:33.744"/>
</kw>
<status status="PASS" starttime="20231215 19:47:32.079" endtime="20231215 19:47:33.744"/>
</kw>
<kw name="Click Btn Submit" library="klasifikasi">
<kw name="Wait Until Element Is Visible" library="SeleniumLibrary">
<arg>//*[@class="el-button el-button--primary ms-3"]</arg>
<doc>Waits until the element ``locator`` is visible.</doc>
<status status="PASS" starttime="20231215 19:47:33.744" endtime="20231215 19:47:33.959"/>
</kw>
<kw name="Click Button" library="SeleniumLibrary">
<arg>//*[@class="el-button el-button--primary ms-3"]</arg>
<doc>Clicks the button identified by ``locator``.</doc>
<msg timestamp="20231215 19:47:33.959" level="INFO">Clicking button '//*[@class="el-button el-button--primary ms-3"]'.</msg>
<status status="PASS" starttime="20231215 19:47:33.959" endtime="20231215 19:47:34.510"/>
</kw>
<kw name="Sleep" library="BuiltIn">
<arg>3s</arg>
<doc>Pauses the test executed for the given time.</doc>
<msg timestamp="20231215 19:47:37.510" level="INFO">Slept 3 seconds</msg>
<status status="PASS" starttime="20231215 19:47:34.510" endtime="20231215 19:47:37.510"/>
</kw>
<status status="PASS" starttime="20231215 19:47:33.744" endtime="20231215 19:47:37.510"/>
</kw>
<kw name="Sleep" library="BuiltIn">
<arg>3s</arg>
<doc>Pauses the test executed for the given time.</doc>
<msg timestamp="20231215 19:47:40.510" level="INFO">Slept 3 seconds</msg>
<status status="PASS" starttime="20231215 19:47:37.510" endtime="20231215 19:47:40.510"/>
</kw>
<kw name="Capture Page Screenshot" library="SeleniumLibrary">
<doc>Takes a screenshot of the current page and embeds it into a log file.</doc>
<msg timestamp="20231215 19:47:40.719" level="INFO" html="true">&lt;/td&gt;&lt;/tr&gt;&lt;tr&gt;&lt;td colspan="3"&gt;&lt;a href="selenium-screenshot-1.png"&gt;&lt;img src="selenium-screenshot-1.png" width="800px"&gt;&lt;/a&gt;</msg>
<status status="PASS" starttime="20231215 19:47:40.510" endtime="20231215 19:47:40.719"/>
</kw>
<kw name="Close Browser" library="SeleniumLibrary" type="TEARDOWN">
<doc>Closes the current browser.</doc>
<status status="PASS" starttime="20231215 19:47:40.720" endtime="20231215 19:47:42.883"/>
</kw>
<doc>SC02 - Create Master Data - Klasifikasi</doc>
<tag>TC01 - Create Master Data - Klasifikasi</tag>
<status status="PASS" starttime="20231215 19:47:10.720" endtime="20231215 19:47:42.883"/>
</test>
<doc>SC02 - Create Master Data - Klasifikasi</doc>
<status status="PASS" starttime="20231215 19:47:10.565" endtime="20231215 19:47:42.884"/>
</suite>
<statistics>
<total>
<stat pass="1" fail="0" skip="0">All Tests</stat>
</total>
<tag>
<stat pass="1" fail="0" skip="0">TC01 - Create Master Data - Klasifikasi</stat>
</tag>
<suite>
<stat pass="1" fail="0" skip="0" id="s1" name="SC02 - Create Master Data - Klasifikasi">SC02 - Create Master Data - Klasifikasi</stat>
</suite>
</statistics>
<errors>
</errors>
</robot>
