<?xml version="1.0" encoding="UTF-8"?>
<robot generator="Robot 6.1.1 (Python 3.12.0 on win32)" generated="20231215 21:03:51.749" rpa="false" schemaversion="4">
<suite id="s1" name="SC01 - View Page Data Hasil" source="C:\Users\ReiKa\PycharmProjects\spptti\tests\R19 - Klasifikasi - Data Hasil\SC01 - View Page Data Hasil\SC01 - View Page Data Hasil.robot">
<test id="s1-t1" name="TC01 - View Data Hasil" line="8">
<kw name="Open Browser Website" library="login">
<kw name="Open Browser" library="SeleniumLibrary">
<arg>${LOGIN URL}</arg>
<arg>${BROWSER}</arg>
<arg>options=add_argument("--incognito")</arg>
<doc>Opens a new browser instance to the optional ``url``.</doc>
<msg timestamp="20231215 21:03:51.906" level="INFO">Opening browser 'Chrome' to base url 'http://10.31.31.107/sign-in'.</msg>
<status status="PASS" starttime="20231215 21:03:51.905" endtime="20231215 21:03:57.715"/>
</kw>
<kw name="Maximize Browser Window" library="SeleniumLibrary">
<doc>Maximizes current browser window.</doc>
<status status="PASS" starttime="20231215 21:03:57.715" endtime="20231215 21:03:57.853"/>
</kw>
<kw name="Wait Until Page Contains" library="SeleniumLibrary">
<arg>Login</arg>
<doc>Waits until ``text`` appears on the current page.</doc>
<status status="PASS" starttime="20231215 21:03:57.853" endtime="20231215 21:03:57.868"/>
</kw>
<kw name="Set Selenium Speed" library="SeleniumLibrary">
<arg>${SPEED}</arg>
<doc>Sets the delay that is waited after each Selenium command.</doc>
<status status="PASS" starttime="20231215 21:03:57.868" endtime="20231215 21:03:57.869"/>
</kw>
<status status="PASS" starttime="20231215 21:03:51.905" endtime="20231215 21:03:57.869"/>
</kw>
<kw name="Input Email" library="login">
<arg>superadmin@gmail.com</arg>
<kw name="Clear Element Text" library="SeleniumLibrary">
<arg>email</arg>
<doc>Clears the value of the text-input-element identified by ``locator``.</doc>
<status status="PASS" starttime="20231215 21:03:57.869" endtime="20231215 21:03:58.101"/>
</kw>
<kw name="Input Text" library="SeleniumLibrary">
<arg>email</arg>
<arg>${email}</arg>
<doc>Types the given ``text`` into the text field identified by ``locator``.</doc>
<msg timestamp="20231215 21:03:58.101" level="INFO">Typing text 'superadmin@gmail.com' into text field 'email'.</msg>
<status status="PASS" starttime="20231215 21:03:58.101" endtime="20231215 21:03:58.458"/>
</kw>
<kw name="Textfield Value Should Be" library="SeleniumLibrary">
<arg>email</arg>
<arg>${email}</arg>
<doc>Verifies text field ``locator`` has exactly text ``expected``.</doc>
<msg timestamp="20231215 21:03:58.777" level="INFO">Content of text field 'email' is 'superadmin@gmail.com'.</msg>
<status status="PASS" starttime="20231215 21:03:58.458" endtime="20231215 21:03:58.777"/>
</kw>
<status status="PASS" starttime="20231215 21:03:57.869" endtime="20231215 21:03:58.777"/>
</kw>
<kw name="Input Password" library="login">
<arg>Superadmin123*@#</arg>
<kw name="Clear Element Text" library="SeleniumLibrary">
<arg>password</arg>
<doc>Clears the value of the text-input-element identified by ``locator``.</doc>
<status status="PASS" starttime="20231215 21:03:58.777" endtime="20231215 21:03:59.002"/>
</kw>
<kw name="Input Text" library="SeleniumLibrary">
<arg>password</arg>
<arg>${password}</arg>
<doc>Types the given ``text`` into the text field identified by ``locator``.</doc>
<msg timestamp="20231215 21:03:59.002" level="INFO">Typing text 'Superadmin123*@#' into text field 'password'.</msg>
<status status="PASS" starttime="20231215 21:03:59.002" endtime="20231215 21:03:59.347"/>
</kw>
<kw name="Textfield Value Should Be" library="SeleniumLibrary">
<arg>password</arg>
<arg>${password}</arg>
<doc>Verifies text field ``locator`` has exactly text ``expected``.</doc>
<msg timestamp="20231215 21:03:59.666" level="INFO">Content of text field 'password' is 'Superadmin123*@#'.</msg>
<status status="PASS" starttime="20231215 21:03:59.347" endtime="20231215 21:03:59.666"/>
</kw>
<status status="PASS" starttime="20231215 21:03:58.777" endtime="20231215 21:03:59.666"/>
</kw>
<kw name="Click Btn Login" library="login">
<kw name="Wait Until Element Is Visible" library="SeleniumLibrary">
<arg>id:kt_sign_in_submit</arg>
<doc>Waits until the element ``locator`` is visible.</doc>
<status status="PASS" starttime="20231215 21:03:59.666" endtime="20231215 21:03:59.883"/>
</kw>
<kw name="Click Button" library="SeleniumLibrary">
<arg>id:kt_sign_in_submit</arg>
<doc>Clicks the button identified by ``locator``.</doc>
<msg timestamp="20231215 21:03:59.883" level="INFO">Clicking button 'id:kt_sign_in_submit'.</msg>
<status status="PASS" starttime="20231215 21:03:59.883" endtime="20231215 21:04:00.420"/>
</kw>
<kw name="Wait Until Element Is Visible" library="SeleniumLibrary">
<arg>id:swal2-html-container</arg>
<doc>Waits until the element ``locator`` is visible.</doc>
<status status="PASS" starttime="20231215 21:04:00.420" endtime="20231215 21:04:04.295"/>
</kw>
<kw name="Get Text" library="SeleniumLibrary">
<var>${text}</var>
<arg>id:swal2-html-container</arg>
<doc>Returns the text value of the element identified by ``locator``.</doc>
<msg timestamp="20231215 21:04:04.509" level="INFO">${text} = You have successfully logged in!</msg>
<status status="PASS" starttime="20231215 21:04:04.295" endtime="20231215 21:04:04.509"/>
</kw>
<kw name="Run Keyword If" library="BuiltIn">
<arg>'${text} == "You have successfully logged in!"'</arg>
<arg>Press Keys</arg>
<arg>None</arg>
<arg>ENTER</arg>
<arg>Wait Until Location Is</arg>
<arg>http://10.31.31.107/home</arg>
<arg>ELSE IF</arg>
<arg>'${text} == "Gagal Login"'</arg>
<arg>Wait Until Element Contains</arg>
<arg>id:swal2-html-container</arg>
<arg>Gagal Login</arg>
<arg>ELSE</arg>
<arg>Wait Until Element Contains</arg>
<arg>id:swal2-html-container</arg>
<arg>Gagal Login</arg>
<doc>Runs the given keyword with the given arguments, if ``condition`` is true.</doc>
<kw name="Press Keys" library="SeleniumLibrary">
<arg>None</arg>
<arg>ENTER</arg>
<arg>Wait Until Location Is</arg>
<arg>http://10.31.31.107/home</arg>
<doc>Simulates the user pressing key(s) to an element or on the active browser.</doc>
<msg timestamp="20231215 21:04:04.510" level="INFO">Sending key(s) ('ENTER', 'Wait Until Location Is', 'http://10.31.31.107/home') to page.</msg>
<msg timestamp="20231215 21:04:04.510" level="INFO">Pressing special key ENTER to browser.</msg>
<msg timestamp="20231215 21:04:04.510" level="INFO">Releasing special key ENTER.</msg>
<msg timestamp="20231215 21:04:04.617" level="INFO">Sending keys Wait Until Location Is</msg>
<msg timestamp="20231215 21:04:04.911" level="INFO">Sending keys http://10.31.31.107/home</msg>
<status status="PASS" starttime="20231215 21:04:04.509" endtime="20231215 21:04:05.025"/>
</kw>
<status status="PASS" starttime="20231215 21:04:04.509" endtime="20231215 21:04:05.025"/>
</kw>
<status status="PASS" starttime="20231215 21:03:59.666" endtime="20231215 21:04:05.025"/>
</kw>
<kw name="Move To Module Data Hasil Klasifikasi" library="data_hasil_klasifikasi">
<kw name="Go To" library="SeleniumLibrary">
<arg>http://10.31.31.107/klasifikasi/data-hasil-klasifikasi</arg>
<doc>Navigates the current browser window to the provided ``url``.</doc>
<msg timestamp="20231215 21:04:05.025" level="INFO">Opening url 'http://10.31.31.107/klasifikasi/data-hasil-klasifikasi'</msg>
<status status="PASS" starttime="20231215 21:04:05.025" endtime="20231215 21:04:05.883"/>
</kw>
<kw name="Wait Until Location Is" library="SeleniumLibrary">
<arg>http://10.31.31.107/klasifikasi/data-hasil-klasifikasi</arg>
<doc>Waits until the current URL is ``expected``.</doc>
<status status="PASS" starttime="20231215 21:04:05.883" endtime="20231215 21:04:05.986"/>
</kw>
<kw name="Sleep" library="BuiltIn">
<arg>10s</arg>
<doc>Pauses the test executed for the given time.</doc>
<msg timestamp="20231215 21:04:15.987" level="INFO">Slept 10 seconds</msg>
<status status="PASS" starttime="20231215 21:04:05.986" endtime="20231215 21:04:15.987"/>
</kw>
<status status="PASS" starttime="20231215 21:04:05.025" endtime="20231215 21:04:15.987"/>
</kw>
<kw name="Sleep" library="BuiltIn">
<arg>3s</arg>
<doc>Pauses the test executed for the given time.</doc>
<msg timestamp="20231215 21:04:18.987" level="INFO">Slept 3 seconds</msg>
<status status="PASS" starttime="20231215 21:04:15.987" endtime="20231215 21:04:18.987"/>
</kw>
<kw name="Capture Page Screenshot" library="SeleniumLibrary">
<doc>Takes a screenshot of the current page and embeds it into a log file.</doc>
<msg timestamp="20231215 21:04:19.199" level="INFO" html="true">&lt;/td&gt;&lt;/tr&gt;&lt;tr&gt;&lt;td colspan="3"&gt;&lt;a href="selenium-screenshot-1.png"&gt;&lt;img src="selenium-screenshot-1.png" width="800px"&gt;&lt;/a&gt;</msg>
<status status="PASS" starttime="20231215 21:04:18.987" endtime="20231215 21:04:19.199"/>
</kw>
<kw name="Close Browser" library="SeleniumLibrary" type="TEARDOWN">
<doc>Closes the current browser.</doc>
<status status="PASS" starttime="20231215 21:04:19.199" endtime="20231215 21:04:21.369"/>
</kw>
<doc>SC01 - View Page Data Hasil</doc>
<tag>TC01 - View Data Hasil</tag>
<status status="PASS" starttime="20231215 21:03:51.905" endtime="20231215 21:04:21.369"/>
</test>
<test id="s1-t2" name="TC02 - Search Data Data Hasil" line="20">
<kw name="Open Browser Website" library="login">
<kw name="Open Browser" library="SeleniumLibrary">
<arg>${LOGIN URL}</arg>
<arg>${BROWSER}</arg>
<arg>options=add_argument("--incognito")</arg>
<doc>Opens a new browser instance to the optional ``url``.</doc>
<msg timestamp="20231215 21:04:21.370" level="INFO">Opening browser 'Chrome' to base url 'http://10.31.31.107/sign-in'.</msg>
<status status="PASS" starttime="20231215 21:04:21.370" endtime="20231215 21:04:23.784"/>
</kw>
<kw name="Maximize Browser Window" library="SeleniumLibrary">
<doc>Maximizes current browser window.</doc>
<status status="PASS" starttime="20231215 21:04:23.784" endtime="20231215 21:04:24.003"/>
</kw>
<kw name="Wait Until Page Contains" library="SeleniumLibrary">
<arg>Login</arg>
<doc>Waits until ``text`` appears on the current page.</doc>
<status status="PASS" starttime="20231215 21:04:24.003" endtime="20231215 21:04:24.112"/>
</kw>
<kw name="Set Selenium Speed" library="SeleniumLibrary">
<arg>${SPEED}</arg>
<doc>Sets the delay that is waited after each Selenium command.</doc>
<status status="PASS" starttime="20231215 21:04:24.112" endtime="20231215 21:04:24.112"/>
</kw>
<status status="PASS" starttime="20231215 21:04:21.370" endtime="20231215 21:04:24.112"/>
</kw>
<kw name="Input Email" library="login">
<arg>superadmin@gmail.com</arg>
<kw name="Clear Element Text" library="SeleniumLibrary">
<arg>email</arg>
<doc>Clears the value of the text-input-element identified by ``locator``.</doc>
<status status="PASS" starttime="20231215 21:04:24.113" endtime="20231215 21:04:24.343"/>
</kw>
<kw name="Input Text" library="SeleniumLibrary">
<arg>email</arg>
<arg>${email}</arg>
<doc>Types the given ``text`` into the text field identified by ``locator``.</doc>
<msg timestamp="20231215 21:04:24.343" level="INFO">Typing text 'superadmin@gmail.com' into text field 'email'.</msg>
<status status="PASS" starttime="20231215 21:04:24.343" endtime="20231215 21:04:24.698"/>
</kw>
<kw name="Textfield Value Should Be" library="SeleniumLibrary">
<arg>email</arg>
<arg>${email}</arg>
<doc>Verifies text field ``locator`` has exactly text ``expected``.</doc>
<msg timestamp="20231215 21:04:25.017" level="INFO">Content of text field 'email' is 'superadmin@gmail.com'.</msg>
<status status="PASS" starttime="20231215 21:04:24.698" endtime="20231215 21:04:25.017"/>
</kw>
<status status="PASS" starttime="20231215 21:04:24.112" endtime="20231215 21:04:25.017"/>
</kw>
<kw name="Input Password" library="login">
<arg>Superadmin123*@#</arg>
<kw name="Clear Element Text" library="SeleniumLibrary">
<arg>password</arg>
<doc>Clears the value of the text-input-element identified by ``locator``.</doc>
<status status="PASS" starttime="20231215 21:04:25.017" endtime="20231215 21:04:25.241"/>
</kw>
<kw name="Input Text" library="SeleniumLibrary">
<arg>password</arg>
<arg>${password}</arg>
<doc>Types the given ``text`` into the text field identified by ``locator``.</doc>
<msg timestamp="20231215 21:04:25.241" level="INFO">Typing text 'Superadmin123*@#' into text field 'password'.</msg>
<status status="PASS" starttime="20231215 21:04:25.241" endtime="20231215 21:04:25.585"/>
</kw>
<kw name="Textfield Value Should Be" library="SeleniumLibrary">
<arg>password</arg>
<arg>${password}</arg>
<doc>Verifies text field ``locator`` has exactly text ``expected``.</doc>
<msg timestamp="20231215 21:04:25.902" level="INFO">Content of text field 'password' is 'Superadmin123*@#'.</msg>
<status status="PASS" starttime="20231215 21:04:25.585" endtime="20231215 21:04:25.902"/>
</kw>
<status status="PASS" starttime="20231215 21:04:25.017" endtime="20231215 21:04:25.902"/>
</kw>
<kw name="Click Btn Login" library="login">
<kw name="Wait Until Element Is Visible" library="SeleniumLibrary">
<arg>id:kt_sign_in_submit</arg>
<doc>Waits until the element ``locator`` is visible.</doc>
<status status="PASS" starttime="20231215 21:04:25.902" endtime="20231215 21:04:26.117"/>
</kw>
<kw name="Click Button" library="SeleniumLibrary">
<arg>id:kt_sign_in_submit</arg>
<doc>Clicks the button identified by ``locator``.</doc>
<msg timestamp="20231215 21:04:26.117" level="INFO">Clicking button 'id:kt_sign_in_submit'.</msg>
<status status="PASS" starttime="20231215 21:04:26.117" endtime="20231215 21:04:26.653"/>
</kw>
<kw name="Wait Until Element Is Visible" library="SeleniumLibrary">
<arg>id:swal2-html-container</arg>
<doc>Waits until the element ``locator`` is visible.</doc>
<status status="PASS" starttime="20231215 21:04:26.653" endtime="20231215 21:04:29.920"/>
</kw>
<kw name="Get Text" library="SeleniumLibrary">
<var>${text}</var>
<arg>id:swal2-html-container</arg>
<doc>Returns the text value of the element identified by ``locator``.</doc>
<msg timestamp="20231215 21:04:30.135" level="INFO">${text} = You have successfully logged in!</msg>
<status status="PASS" starttime="20231215 21:04:29.920" endtime="20231215 21:04:30.135"/>
</kw>
<kw name="Run Keyword If" library="BuiltIn">
<arg>'${text} == "You have successfully logged in!"'</arg>
<arg>Press Keys</arg>
<arg>None</arg>
<arg>ENTER</arg>
<arg>Wait Until Location Is</arg>
<arg>http://10.31.31.107/home</arg>
<arg>ELSE IF</arg>
<arg>'${text} == "Gagal Login"'</arg>
<arg>Wait Until Element Contains</arg>
<arg>id:swal2-html-container</arg>
<arg>Gagal Login</arg>
<arg>ELSE</arg>
<arg>Wait Until Element Contains</arg>
<arg>id:swal2-html-container</arg>
<arg>Gagal Login</arg>
<doc>Runs the given keyword with the given arguments, if ``condition`` is true.</doc>
<kw name="Press Keys" library="SeleniumLibrary">
<arg>None</arg>
<arg>ENTER</arg>
<arg>Wait Until Location Is</arg>
<arg>http://10.31.31.107/home</arg>
<doc>Simulates the user pressing key(s) to an element or on the active browser.</doc>
<msg timestamp="20231215 21:04:30.137" level="INFO">Sending key(s) ('ENTER', 'Wait Until Location Is', 'http://10.31.31.107/home') to page.</msg>
<msg timestamp="20231215 21:04:30.137" level="INFO">Pressing special key ENTER to browser.</msg>
<msg timestamp="20231215 21:04:30.137" level="INFO">Releasing special key ENTER.</msg>
<msg timestamp="20231215 21:04:30.243" level="INFO">Sending keys Wait Until Location Is</msg>
<msg timestamp="20231215 21:04:30.484" level="INFO">Sending keys http://10.31.31.107/home</msg>
<status status="PASS" starttime="20231215 21:04:30.135" endtime="20231215 21:04:30.598"/>
</kw>
<status status="PASS" starttime="20231215 21:04:30.135" endtime="20231215 21:04:30.598"/>
</kw>
<status status="PASS" starttime="20231215 21:04:25.902" endtime="20231215 21:04:30.598"/>
</kw>
<kw name="Move To Module Data Hasil Klasifikasi" library="data_hasil_klasifikasi">
<kw name="Go To" library="SeleniumLibrary">
<arg>http://10.31.31.107/klasifikasi/data-hasil-klasifikasi</arg>
<doc>Navigates the current browser window to the provided ``url``.</doc>
<msg timestamp="20231215 21:04:30.598" level="INFO">Opening url 'http://10.31.31.107/klasifikasi/data-hasil-klasifikasi'</msg>
<status status="PASS" starttime="20231215 21:04:30.598" endtime="20231215 21:04:30.875"/>
</kw>
<kw name="Wait Until Location Is" library="SeleniumLibrary">
<arg>http://10.31.31.107/klasifikasi/data-hasil-klasifikasi</arg>
<doc>Waits until the current URL is ``expected``.</doc>
<status status="PASS" starttime="20231215 21:04:30.875" endtime="20231215 21:04:30.978"/>
</kw>
<kw name="Sleep" library="BuiltIn">
<arg>10s</arg>
<doc>Pauses the test executed for the given time.</doc>
<msg timestamp="20231215 21:04:40.978" level="INFO">Slept 10 seconds</msg>
<status status="PASS" starttime="20231215 21:04:30.978" endtime="20231215 21:04:40.978"/>
</kw>
<status status="PASS" starttime="20231215 21:04:30.598" endtime="20231215 21:04:40.978"/>
</kw>
<kw name="Input Kata Kunci" library="data_hasil_klasifikasi">
<arg>80db3765-0376-484e-8625-326d8280cc59</arg>
<kw name="Wait Until Element Is Visible" library="SeleniumLibrary">
<arg>//*[@class="form-control form-control p-2"]</arg>
<doc>Waits until the element ``locator`` is visible.</doc>
<status status="PASS" starttime="20231215 21:04:40.978" endtime="20231215 21:04:41.193"/>
</kw>
<kw name="Input Text" library="SeleniumLibrary">
<arg>//*[@class="form-control form-control p-2"]</arg>
<arg>${param}</arg>
<doc>Types the given ``text`` into the text field identified by ``locator``.</doc>
<msg timestamp="20231215 21:04:41.193" level="INFO">Typing text '80db3765-0376-484e-8625-326d8280cc59' into text field '//*[@class="form-control form-control p-2"]'.</msg>
<status status="PASS" starttime="20231215 21:04:41.193" endtime="20231215 21:04:41.542"/>
</kw>
<kw name="Textfield Value Should Be" library="SeleniumLibrary">
<arg>//*[@class="form-control form-control p-2"]</arg>
<arg>${param}</arg>
<doc>Verifies text field ``locator`` has exactly text ``expected``.</doc>
<msg timestamp="20231215 21:04:41.963" level="INFO">Content of text field '//*[@class="form-control form-control p-2"]' is '80db3765-0376-484e-8625-326d8280cc59'.</msg>
<status status="PASS" starttime="20231215 21:04:41.542" endtime="20231215 21:04:41.963"/>
</kw>
<status status="PASS" starttime="20231215 21:04:40.978" endtime="20231215 21:04:41.963"/>
</kw>
<kw name="Sleep" library="BuiltIn">
<arg>3s</arg>
<doc>Pauses the test executed for the given time.</doc>
<msg timestamp="20231215 21:04:44.964" level="INFO">Slept 3 seconds</msg>
<status status="PASS" starttime="20231215 21:04:41.963" endtime="20231215 21:04:44.964"/>
</kw>
<kw name="Capture Page Screenshot" library="SeleniumLibrary">
<doc>Takes a screenshot of the current page and embeds it into a log file.</doc>
<msg timestamp="20231215 21:04:45.211" level="INFO" html="true">&lt;/td&gt;&lt;/tr&gt;&lt;tr&gt;&lt;td colspan="3"&gt;&lt;a href="selenium-screenshot-2.png"&gt;&lt;img src="selenium-screenshot-2.png" width="800px"&gt;&lt;/a&gt;</msg>
<status status="PASS" starttime="20231215 21:04:44.964" endtime="20231215 21:04:45.211"/>
</kw>
<kw name="Close Browser" library="SeleniumLibrary" type="TEARDOWN">
<doc>Closes the current browser.</doc>
<status status="PASS" starttime="20231215 21:04:45.211" endtime="20231215 21:04:47.346"/>
</kw>
<doc>SC01 - View Page Data Hasil</doc>
<tag>TC02 - Search Data Data Hasil</tag>
<status status="PASS" starttime="20231215 21:04:21.370" endtime="20231215 21:04:47.346"/>
</test>
<test id="s1-t3" name="TC03 - View Detail Data Hasil" line="33">
<kw name="Open Browser Website" library="login">
<kw name="Open Browser" library="SeleniumLibrary">
<arg>${LOGIN URL}</arg>
<arg>${BROWSER}</arg>
<arg>options=add_argument("--incognito")</arg>
<doc>Opens a new browser instance to the optional ``url``.</doc>
<msg timestamp="20231215 21:04:47.348" level="INFO">Opening browser 'Chrome' to base url 'http://10.31.31.107/sign-in'.</msg>
<status status="PASS" starttime="20231215 21:04:47.347" endtime="20231215 21:04:50.308"/>
</kw>
<kw name="Maximize Browser Window" library="SeleniumLibrary">
<doc>Maximizes current browser window.</doc>
<status status="PASS" starttime="20231215 21:04:50.308" endtime="20231215 21:04:50.526"/>
</kw>
<kw name="Wait Until Page Contains" library="SeleniumLibrary">
<arg>Login</arg>
<doc>Waits until ``text`` appears on the current page.</doc>
<status status="PASS" starttime="20231215 21:04:50.526" endtime="20231215 21:04:50.636"/>
</kw>
<kw name="Set Selenium Speed" library="SeleniumLibrary">
<arg>${SPEED}</arg>
<doc>Sets the delay that is waited after each Selenium command.</doc>
<status status="PASS" starttime="20231215 21:04:50.636" endtime="20231215 21:04:50.636"/>
</kw>
<status status="PASS" starttime="20231215 21:04:47.347" endtime="20231215 21:04:50.636"/>
</kw>
<kw name="Input Email" library="login">
<arg>superadmin@gmail.com</arg>
<kw name="Clear Element Text" library="SeleniumLibrary">
<arg>email</arg>
<doc>Clears the value of the text-input-element identified by ``locator``.</doc>
<status status="PASS" starttime="20231215 21:04:50.636" endtime="20231215 21:04:50.866"/>
</kw>
<kw name="Input Text" library="SeleniumLibrary">
<arg>email</arg>
<arg>${email}</arg>
<doc>Types the given ``text`` into the text field identified by ``locator``.</doc>
<msg timestamp="20231215 21:04:50.866" level="INFO">Typing text 'superadmin@gmail.com' into text field 'email'.</msg>
<status status="PASS" starttime="20231215 21:04:50.866" endtime="20231215 21:04:51.221"/>
</kw>
<kw name="Textfield Value Should Be" library="SeleniumLibrary">
<arg>email</arg>
<arg>${email}</arg>
<doc>Verifies text field ``locator`` has exactly text ``expected``.</doc>
<msg timestamp="20231215 21:04:51.540" level="INFO">Content of text field 'email' is 'superadmin@gmail.com'.</msg>
<status status="PASS" starttime="20231215 21:04:51.221" endtime="20231215 21:04:51.540"/>
</kw>
<status status="PASS" starttime="20231215 21:04:50.636" endtime="20231215 21:04:51.540"/>
</kw>
<kw name="Input Password" library="login">
<arg>Superadmin123*@#</arg>
<kw name="Clear Element Text" library="SeleniumLibrary">
<arg>password</arg>
<doc>Clears the value of the text-input-element identified by ``locator``.</doc>
<status status="PASS" starttime="20231215 21:04:51.540" endtime="20231215 21:04:51.766"/>
</kw>
<kw name="Input Text" library="SeleniumLibrary">
<arg>password</arg>
<arg>${password}</arg>
<doc>Types the given ``text`` into the text field identified by ``locator``.</doc>
<msg timestamp="20231215 21:04:51.766" level="INFO">Typing text 'Superadmin123*@#' into text field 'password'.</msg>
<status status="PASS" starttime="20231215 21:04:51.766" endtime="20231215 21:04:52.114"/>
</kw>
<kw name="Textfield Value Should Be" library="SeleniumLibrary">
<arg>password</arg>
<arg>${password}</arg>
<doc>Verifies text field ``locator`` has exactly text ``expected``.</doc>
<msg timestamp="20231215 21:04:52.431" level="INFO">Content of text field 'password' is 'Superadmin123*@#'.</msg>
<status status="PASS" starttime="20231215 21:04:52.114" endtime="20231215 21:04:52.431"/>
</kw>
<status status="PASS" starttime="20231215 21:04:51.540" endtime="20231215 21:04:52.431"/>
</kw>
<kw name="Click Btn Login" library="login">
<kw name="Wait Until Element Is Visible" library="SeleniumLibrary">
<arg>id:kt_sign_in_submit</arg>
<doc>Waits until the element ``locator`` is visible.</doc>
<status status="PASS" starttime="20231215 21:04:52.431" endtime="20231215 21:04:52.647"/>
</kw>
<kw name="Click Button" library="SeleniumLibrary">
<arg>id:kt_sign_in_submit</arg>
<doc>Clicks the button identified by ``locator``.</doc>
<msg timestamp="20231215 21:04:52.647" level="INFO">Clicking button 'id:kt_sign_in_submit'.</msg>
<status status="PASS" starttime="20231215 21:04:52.647" endtime="20231215 21:04:53.185"/>
</kw>
<kw name="Wait Until Element Is Visible" library="SeleniumLibrary">
<arg>id:swal2-html-container</arg>
<doc>Waits until the element ``locator`` is visible.</doc>
<status status="PASS" starttime="20231215 21:04:53.185" endtime="20231215 21:04:56.451"/>
</kw>
<kw name="Get Text" library="SeleniumLibrary">
<var>${text}</var>
<arg>id:swal2-html-container</arg>
<doc>Returns the text value of the element identified by ``locator``.</doc>
<msg timestamp="20231215 21:04:56.667" level="INFO">${text} = You have successfully logged in!</msg>
<status status="PASS" starttime="20231215 21:04:56.451" endtime="20231215 21:04:56.667"/>
</kw>
<kw name="Run Keyword If" library="BuiltIn">
<arg>'${text} == "You have successfully logged in!"'</arg>
<arg>Press Keys</arg>
<arg>None</arg>
<arg>ENTER</arg>
<arg>Wait Until Location Is</arg>
<arg>http://10.31.31.107/home</arg>
<arg>ELSE IF</arg>
<arg>'${text} == "Gagal Login"'</arg>
<arg>Wait Until Element Contains</arg>
<arg>id:swal2-html-container</arg>
<arg>Gagal Login</arg>
<arg>ELSE</arg>
<arg>Wait Until Element Contains</arg>
<arg>id:swal2-html-container</arg>
<arg>Gagal Login</arg>
<doc>Runs the given keyword with the given arguments, if ``condition`` is true.</doc>
<kw name="Press Keys" library="SeleniumLibrary">
<arg>None</arg>
<arg>ENTER</arg>
<arg>Wait Until Location Is</arg>
<arg>http://10.31.31.107/home</arg>
<doc>Simulates the user pressing key(s) to an element or on the active browser.</doc>
<msg timestamp="20231215 21:04:56.668" level="INFO">Sending key(s) ('ENTER', 'Wait Until Location Is', 'http://10.31.31.107/home') to page.</msg>
<msg timestamp="20231215 21:04:56.668" level="INFO">Pressing special key ENTER to browser.</msg>
<msg timestamp="20231215 21:04:56.668" level="INFO">Releasing special key ENTER.</msg>
<msg timestamp="20231215 21:04:56.774" level="INFO">Sending keys Wait Until Location Is</msg>
<msg timestamp="20231215 21:04:57.000" level="INFO">Sending keys http://10.31.31.107/home</msg>
<status status="PASS" starttime="20231215 21:04:56.667" endtime="20231215 21:04:57.114"/>
</kw>
<status status="PASS" starttime="20231215 21:04:56.667" endtime="20231215 21:04:57.114"/>
</kw>
<status status="PASS" starttime="20231215 21:04:52.431" endtime="20231215 21:04:57.114"/>
</kw>
<kw name="Move To Module Data Hasil Klasifikasi" library="data_hasil_klasifikasi">
<kw name="Go To" library="SeleniumLibrary">
<arg>http://10.31.31.107/klasifikasi/data-hasil-klasifikasi</arg>
<doc>Navigates the current browser window to the provided ``url``.</doc>
<msg timestamp="20231215 21:04:57.114" level="INFO">Opening url 'http://10.31.31.107/klasifikasi/data-hasil-klasifikasi'</msg>
<status status="PASS" starttime="20231215 21:04:57.114" endtime="20231215 21:04:57.385"/>
</kw>
<kw name="Wait Until Location Is" library="SeleniumLibrary">
<arg>http://10.31.31.107/klasifikasi/data-hasil-klasifikasi</arg>
<doc>Waits until the current URL is ``expected``.</doc>
<status status="PASS" starttime="20231215 21:04:57.385" endtime="20231215 21:04:57.489"/>
</kw>
<kw name="Sleep" library="BuiltIn">
<arg>10s</arg>
<doc>Pauses the test executed for the given time.</doc>
<msg timestamp="20231215 21:05:07.489" level="INFO">Slept 10 seconds</msg>
<status status="PASS" starttime="20231215 21:04:57.489" endtime="20231215 21:05:07.489"/>
</kw>
<status status="PASS" starttime="20231215 21:04:57.114" endtime="20231215 21:05:07.489"/>
</kw>
<kw name="Detail" library="data_hasil_klasifikasi">
<kw name="Wait Until Element Is Visible" library="SeleniumLibrary">
<arg>//*[@class="ki-solid ki-eye fs-5"]</arg>
<doc>Waits until the element ``locator`` is visible.</doc>
<status status="PASS" starttime="20231215 21:05:07.489" endtime="20231215 21:05:10.756"/>
</kw>
<kw name="Click Element" library="SeleniumLibrary">
<arg>//*[@class="ki-solid ki-eye fs-5"]</arg>
<doc>Click the element identified by ``locator``.</doc>
<msg timestamp="20231215 21:05:10.756" level="INFO">Clicking element '//*[@class="ki-solid ki-eye fs-5"]'.</msg>
<status status="PASS" starttime="20231215 21:05:10.756" endtime="20231215 21:05:10.987"/>
</kw>
<kw name="Wait Until Element Is Visible" library="SeleniumLibrary">
<arg>//*[@class="p-0 m-0"]</arg>
<doc>Waits until the element ``locator`` is visible.</doc>
<status status="PASS" starttime="20231215 21:05:10.987" endtime="20231215 21:05:11.203"/>
</kw>
<status status="PASS" starttime="20231215 21:05:07.489" endtime="20231215 21:05:11.203"/>
</kw>
<kw name="Sleep" library="BuiltIn">
<arg>3s</arg>
<doc>Pauses the test executed for the given time.</doc>
<msg timestamp="20231215 21:05:14.204" level="INFO">Slept 3 seconds</msg>
<status status="PASS" starttime="20231215 21:05:11.203" endtime="20231215 21:05:14.204"/>
</kw>
<kw name="Capture Page Screenshot" library="SeleniumLibrary">
<doc>Takes a screenshot of the current page and embeds it into a log file.</doc>
<msg timestamp="20231215 21:05:14.406" level="INFO" html="true">&lt;/td&gt;&lt;/tr&gt;&lt;tr&gt;&lt;td colspan="3"&gt;&lt;a href="selenium-screenshot-3.png"&gt;&lt;img src="selenium-screenshot-3.png" width="800px"&gt;&lt;/a&gt;</msg>
<status status="PASS" starttime="20231215 21:05:14.204" endtime="20231215 21:05:14.406"/>
</kw>
<kw name="Close Browser" library="SeleniumLibrary" type="TEARDOWN">
<doc>Closes the current browser.</doc>
<status status="PASS" starttime="20231215 21:05:14.406" endtime="20231215 21:05:16.548"/>
</kw>
<doc>SC01 - View Page Data Hasil</doc>
<tag>TC03 - View Detail Data Hasil</tag>
<status status="PASS" starttime="20231215 21:04:47.347" endtime="20231215 21:05:16.548"/>
</test>
<doc>SC01 - View Page Data Hasil</doc>
<status status="PASS" starttime="20231215 21:03:51.750" endtime="20231215 21:05:16.549"/>
</suite>
<statistics>
<total>
<stat pass="3" fail="0" skip="0">All Tests</stat>
</total>
<tag>
<stat pass="1" fail="0" skip="0">TC01 - View Data Hasil</stat>
<stat pass="1" fail="0" skip="0">TC02 - Search Data Data Hasil</stat>
<stat pass="1" fail="0" skip="0">TC03 - View Detail Data Hasil</stat>
</tag>
<suite>
<stat pass="3" fail="0" skip="0" id="s1" name="SC01 - View Page Data Hasil">SC01 - View Page Data Hasil</stat>
</suite>
</statistics>
<errors>
</errors>
</robot>
