<?xml version="1.0" encoding="UTF-8"?>
<robot generator="Robot 6.1.1 (Python 3.12.0 on win32)" generated="20231207 19:58:55.576" rpa="false" schemaversion="4">
<suite id="s1" name="SC02 - Filter Manajemen Role" source="C:\Users\ReiKa\PycharmProjects\spptti\tests\R07 - Management Role\SC02 - Filter Manajemen Role\SC02 - Filter Manajemen Role.robot">
<test id="s1-t1" name="TC01 - Filter Kata Kunci" line="8">
<kw name="Open Browser Website" library="login">
<kw name="Open Browser" library="SeleniumLibrary">
<arg>${LOGIN URL}</arg>
<arg>${BROWSER}</arg>
<arg>options=add_argument("--incognito")</arg>
<doc>Opens a new browser instance to the optional ``url``.</doc>
<msg timestamp="20231207 19:58:55.731" level="INFO">Opening browser 'Chrome' to base url 'http://10.31.31.107/sign-in'.</msg>
<status status="PASS" starttime="20231207 19:58:55.731" endtime="20231207 19:58:57.658"/>
</kw>
<kw name="Maximize Browser Window" library="SeleniumLibrary">
<doc>Maximizes current browser window.</doc>
<status status="PASS" starttime="20231207 19:58:57.658" endtime="20231207 19:58:57.774"/>
</kw>
<kw name="Wait Until Page Contains" library="SeleniumLibrary">
<arg>Login</arg>
<doc>Waits until ``text`` appears on the current page.</doc>
<status status="PASS" starttime="20231207 19:58:57.775" endtime="20231207 19:58:57.805"/>
</kw>
<kw name="Set Selenium Speed" library="SeleniumLibrary">
<arg>${SPEED}</arg>
<doc>Sets the delay that is waited after each Selenium command.</doc>
<status status="PASS" starttime="20231207 19:58:57.805" endtime="20231207 19:58:57.806"/>
</kw>
<status status="PASS" starttime="20231207 19:58:55.730" endtime="20231207 19:58:57.806"/>
</kw>
<kw name="Input Email" library="login">
<arg>superadmin@gmail.com</arg>
<kw name="Clear Element Text" library="SeleniumLibrary">
<arg>email</arg>
<doc>Clears the value of the text-input-element identified by ``locator``.</doc>
<status status="PASS" starttime="20231207 19:58:57.806" endtime="20231207 19:58:58.039"/>
</kw>
<kw name="Input Text" library="SeleniumLibrary">
<arg>email</arg>
<arg>${email}</arg>
<doc>Types the given ``text`` into the text field identified by ``locator``.</doc>
<msg timestamp="20231207 19:58:58.039" level="INFO">Typing text 'superadmin@gmail.com' into text field 'email'.</msg>
<status status="PASS" starttime="20231207 19:58:58.039" endtime="20231207 19:58:58.395"/>
</kw>
<kw name="Textfield Value Should Be" library="SeleniumLibrary">
<arg>email</arg>
<arg>${email}</arg>
<doc>Verifies text field ``locator`` has exactly text ``expected``.</doc>
<msg timestamp="20231207 19:58:58.714" level="INFO">Content of text field 'email' is 'superadmin@gmail.com'.</msg>
<status status="PASS" starttime="20231207 19:58:58.395" endtime="20231207 19:58:58.714"/>
</kw>
<status status="PASS" starttime="20231207 19:58:57.806" endtime="20231207 19:58:58.714"/>
</kw>
<kw name="Input Password" library="login">
<arg>Superadmin123*@#</arg>
<kw name="Clear Element Text" library="SeleniumLibrary">
<arg>password</arg>
<doc>Clears the value of the text-input-element identified by ``locator``.</doc>
<status status="PASS" starttime="20231207 19:58:58.714" endtime="20231207 19:58:58.939"/>
</kw>
<kw name="Input Text" library="SeleniumLibrary">
<arg>password</arg>
<arg>${password}</arg>
<doc>Types the given ``text`` into the text field identified by ``locator``.</doc>
<msg timestamp="20231207 19:58:58.939" level="INFO">Typing text 'Superadmin123*@#' into text field 'password'.</msg>
<status status="PASS" starttime="20231207 19:58:58.939" endtime="20231207 19:58:59.289"/>
</kw>
<kw name="Textfield Value Should Be" library="SeleniumLibrary">
<arg>password</arg>
<arg>${password}</arg>
<doc>Verifies text field ``locator`` has exactly text ``expected``.</doc>
<msg timestamp="20231207 19:58:59.607" level="INFO">Content of text field 'password' is 'Superadmin123*@#'.</msg>
<status status="PASS" starttime="20231207 19:58:59.289" endtime="20231207 19:58:59.607"/>
</kw>
<status status="PASS" starttime="20231207 19:58:58.714" endtime="20231207 19:58:59.607"/>
</kw>
<kw name="Click Btn Login" library="login">
<kw name="Wait Until Element Is Visible" library="SeleniumLibrary">
<arg>id:kt_sign_in_submit</arg>
<doc>Waits until the element ``locator`` is visible.</doc>
<status status="PASS" starttime="20231207 19:58:59.607" endtime="20231207 19:58:59.822"/>
</kw>
<kw name="Click Button" library="SeleniumLibrary">
<arg>id:kt_sign_in_submit</arg>
<doc>Clicks the button identified by ``locator``.</doc>
<msg timestamp="20231207 19:58:59.822" level="INFO">Clicking button 'id:kt_sign_in_submit'.</msg>
<status status="PASS" starttime="20231207 19:58:59.822" endtime="20231207 19:59:00.359"/>
</kw>
<kw name="Wait Until Element Is Visible" library="SeleniumLibrary">
<arg>id:swal2-html-container</arg>
<doc>Waits until the element ``locator`` is visible.</doc>
<status status="PASS" starttime="20231207 19:59:00.359" endtime="20231207 19:59:04.230"/>
</kw>
<kw name="Get Text" library="SeleniumLibrary">
<var>${text}</var>
<arg>id:swal2-html-container</arg>
<doc>Returns the text value of the element identified by ``locator``.</doc>
<msg timestamp="20231207 19:59:04.443" level="INFO">${text} = You have successfully logged in!</msg>
<status status="PASS" starttime="20231207 19:59:04.230" endtime="20231207 19:59:04.443"/>
</kw>
<kw name="Run Keyword If" library="BuiltIn">
<arg>'${text} == "You have successfully logged in!"'</arg>
<arg>Press Keys</arg>
<arg>None</arg>
<arg>ENTER</arg>
<arg>Wait Until Location Is</arg>
<arg>http://10.31.31.107/home</arg>
<arg>ELSE IF</arg>
<arg>'${text} == "Gagal Login"'</arg>
<arg>Wait Until Element Contains</arg>
<arg>id:swal2-html-container</arg>
<arg>Gagal Login</arg>
<arg>ELSE</arg>
<arg>Wait Until Element Contains</arg>
<arg>id:swal2-html-container</arg>
<arg>Gagal Login</arg>
<doc>Runs the given keyword with the given arguments, if ``condition`` is true.</doc>
<kw name="Press Keys" library="SeleniumLibrary">
<arg>None</arg>
<arg>ENTER</arg>
<arg>Wait Until Location Is</arg>
<arg>http://10.31.31.107/home</arg>
<doc>Simulates the user pressing key(s) to an element or on the active browser.</doc>
<msg timestamp="20231207 19:59:04.444" level="INFO">Sending key(s) ('ENTER', 'Wait Until Location Is', 'http://10.31.31.107/home') to page.</msg>
<msg timestamp="20231207 19:59:04.444" level="INFO">Pressing special key ENTER to browser.</msg>
<msg timestamp="20231207 19:59:04.444" level="INFO">Releasing special key ENTER.</msg>
<msg timestamp="20231207 19:59:04.550" level="INFO">Sending keys Wait Until Location Is</msg>
<msg timestamp="20231207 19:59:04.780" level="INFO">Sending keys http://10.31.31.107/home</msg>
<status status="PASS" starttime="20231207 19:59:04.443" endtime="20231207 19:59:04.894"/>
</kw>
<status status="PASS" starttime="20231207 19:59:04.443" endtime="20231207 19:59:04.894"/>
</kw>
<status status="PASS" starttime="20231207 19:58:59.607" endtime="20231207 19:59:04.894"/>
</kw>
<kw name="Move To Management Role Module" library="management_role">
<kw name="Go To" library="SeleniumLibrary">
<arg>http://10.31.31.107/admin/manajemen-role/</arg>
<doc>Navigates the current browser window to the provided ``url``.</doc>
<msg timestamp="20231207 19:59:04.894" level="INFO">Opening url 'http://10.31.31.107/admin/manajemen-role/'</msg>
<status status="PASS" starttime="20231207 19:59:04.894" endtime="20231207 19:59:05.185"/>
</kw>
<kw name="Wait Until Location Is" library="SeleniumLibrary">
<arg>http://10.31.31.107/admin/manajemen-role/</arg>
<doc>Waits until the current URL is ``expected``.</doc>
<status status="PASS" starttime="20231207 19:59:05.185" endtime="20231207 19:59:05.288"/>
</kw>
<status status="PASS" starttime="20231207 19:59:04.894" endtime="20231207 19:59:05.288"/>
</kw>
<kw name="Search" library="management_role">
<arg>Admin</arg>
<kw name="Wait Until Element Is Visible" library="SeleniumLibrary">
<arg>//*[@class="form-control form-control p-2"]</arg>
<doc>Waits until the element ``locator`` is visible.</doc>
<status status="PASS" starttime="20231207 19:59:05.288" endtime="20231207 19:59:05.503"/>
</kw>
<kw name="Input Text" library="SeleniumLibrary">
<arg>//*[@class="form-control form-control p-2"]</arg>
<arg>${param}</arg>
<doc>Types the given ``text`` into the text field identified by ``locator``.</doc>
<msg timestamp="20231207 19:59:05.503" level="INFO">Typing text 'Admin' into text field '//*[@class="form-control form-control p-2"]'.</msg>
<status status="PASS" starttime="20231207 19:59:05.503" endtime="20231207 19:59:05.843"/>
</kw>
<kw name="Textfield Value Should Be" library="SeleniumLibrary">
<arg>//*[@class="form-control form-control p-2"]</arg>
<arg>${param}</arg>
<doc>Verifies text field ``locator`` has exactly text ``expected``.</doc>
<msg timestamp="20231207 19:59:06.265" level="INFO">Content of text field '//*[@class="form-control form-control p-2"]' is 'Admin'.</msg>
<status status="PASS" starttime="20231207 19:59:05.843" endtime="20231207 19:59:06.265"/>
</kw>
<status status="PASS" starttime="20231207 19:59:05.288" endtime="20231207 19:59:06.265"/>
</kw>
<kw name="Click Btn Cari" library="management_role">
<kw name="Wait Until Element Is Visible" library="SeleniumLibrary">
<arg>//*[@class="btn btn-sm btn-primary text-center"]</arg>
<doc>Waits until the element ``locator`` is visible.</doc>
<status status="PASS" starttime="20231207 19:59:06.265" endtime="20231207 19:59:06.479"/>
</kw>
<kw name="Click Element" library="SeleniumLibrary">
<arg>//*[@class="btn btn-sm btn-primary text-center"]</arg>
<doc>Click the element identified by ``locator``.</doc>
<msg timestamp="20231207 19:59:06.479" level="INFO">Clicking element '//*[@class="btn btn-sm btn-primary text-center"]'.</msg>
<status status="PASS" starttime="20231207 19:59:06.479" endtime="20231207 19:59:06.710"/>
</kw>
<kw name="Sleep" library="BuiltIn">
<arg>3s</arg>
<doc>Pauses the test executed for the given time.</doc>
<msg timestamp="20231207 19:59:09.710" level="INFO">Slept 3 seconds</msg>
<status status="PASS" starttime="20231207 19:59:06.710" endtime="20231207 19:59:09.710"/>
</kw>
<status status="PASS" starttime="20231207 19:59:06.265" endtime="20231207 19:59:09.710"/>
</kw>
<kw name="Sleep" library="BuiltIn">
<arg>2s</arg>
<doc>Pauses the test executed for the given time.</doc>
<msg timestamp="20231207 19:59:11.711" level="INFO">Slept 2 seconds</msg>
<status status="PASS" starttime="20231207 19:59:09.710" endtime="20231207 19:59:11.711"/>
</kw>
<kw name="Capture Page Screenshot" library="SeleniumLibrary">
<doc>Takes a screenshot of the current page and embeds it into a log file.</doc>
<msg timestamp="20231207 19:59:11.918" level="INFO" html="true">&lt;/td&gt;&lt;/tr&gt;&lt;tr&gt;&lt;td colspan="3"&gt;&lt;a href="selenium-screenshot-1.png"&gt;&lt;img src="selenium-screenshot-1.png" width="800px"&gt;&lt;/a&gt;</msg>
<status status="PASS" starttime="20231207 19:59:11.711" endtime="20231207 19:59:11.918"/>
</kw>
<kw name="Close Browser" library="SeleniumLibrary" type="TEARDOWN">
<doc>Closes the current browser.</doc>
<status status="PASS" starttime="20231207 19:59:11.919" endtime="20231207 19:59:14.077"/>
</kw>
<doc>SC02 - Filter Manajemen Role</doc>
<tag>TC01 - Filter Kata Kunci</tag>
<status status="PASS" starttime="20231207 19:58:55.730" endtime="20231207 19:59:14.077"/>
</test>
<doc>SC02 - Filter Manajemen Role</doc>
<status status="PASS" starttime="20231207 19:58:55.577" endtime="20231207 19:59:14.078"/>
</suite>
<statistics>
<total>
<stat pass="1" fail="0" skip="0">All Tests</stat>
</total>
<tag>
<stat pass="1" fail="0" skip="0">TC01 - Filter Kata Kunci</stat>
</tag>
<suite>
<stat pass="1" fail="0" skip="0" id="s1" name="SC02 - Filter Manajemen Role">SC02 - Filter Manajemen Role</stat>
</suite>
</statistics>
<errors>
</errors>
</robot>
