<?xml version="1.0" encoding="UTF-8"?>
<robot generator="Robot 6.1.1 (Python 3.12.0 on win32)" generated="20231206 17:35:15.759" rpa="false" schemaversion="4">
<suite id="s1" name="SC05 - Update Data Master" source="C:\Users\ReiKa\PycharmProjects\spptti\tests\R04 - Layanan\SC05 - Update Data Master\SC05 - Update Data Master.robot">
<test id="s1-t1" name="TC01 - Update Data Masterr" line="8">
<kw name="Open Browser Website" library="login">
<kw name="Open Browser" library="SeleniumLibrary">
<arg>${LOGIN URL}</arg>
<arg>${BROWSER}</arg>
<arg>options=add_argument("--incognito")</arg>
<doc>Opens a new browser instance to the optional ``url``.</doc>
<msg timestamp="20231206 17:35:15.919" level="INFO">Opening browser 'Chrome' to base url 'http://10.31.31.107/sign-in'.</msg>
<status status="PASS" starttime="20231206 17:35:15.918" endtime="20231206 17:35:18.031"/>
</kw>
<kw name="Maximize Browser Window" library="SeleniumLibrary">
<doc>Maximizes current browser window.</doc>
<status status="PASS" starttime="20231206 17:35:18.031" endtime="20231206 17:35:18.143"/>
</kw>
<kw name="Wait Until Page Contains" library="SeleniumLibrary">
<arg>Login</arg>
<doc>Waits until ``text`` appears on the current page.</doc>
<status status="PASS" starttime="20231206 17:35:18.143" endtime="20231206 17:35:18.173"/>
</kw>
<kw name="Set Selenium Speed" library="SeleniumLibrary">
<arg>${SPEED}</arg>
<doc>Sets the delay that is waited after each Selenium command.</doc>
<status status="PASS" starttime="20231206 17:35:18.173" endtime="20231206 17:35:18.173"/>
</kw>
<status status="PASS" starttime="20231206 17:35:15.918" endtime="20231206 17:35:18.174"/>
</kw>
<kw name="Input Email" library="login">
<arg>superadmin@gmail.com</arg>
<kw name="Clear Element Text" library="SeleniumLibrary">
<arg>email</arg>
<doc>Clears the value of the text-input-element identified by ``locator``.</doc>
<status status="PASS" starttime="20231206 17:35:18.174" endtime="20231206 17:35:18.405"/>
</kw>
<kw name="Input Text" library="SeleniumLibrary">
<arg>email</arg>
<arg>${email}</arg>
<doc>Types the given ``text`` into the text field identified by ``locator``.</doc>
<msg timestamp="20231206 17:35:18.405" level="INFO">Typing text 'superadmin@gmail.com' into text field 'email'.</msg>
<status status="PASS" starttime="20231206 17:35:18.405" endtime="20231206 17:35:18.767"/>
</kw>
<kw name="Textfield Value Should Be" library="SeleniumLibrary">
<arg>email</arg>
<arg>${email}</arg>
<doc>Verifies text field ``locator`` has exactly text ``expected``.</doc>
<msg timestamp="20231206 17:35:19.086" level="INFO">Content of text field 'email' is 'superadmin@gmail.com'.</msg>
<status status="PASS" starttime="20231206 17:35:18.767" endtime="20231206 17:35:19.086"/>
</kw>
<status status="PASS" starttime="20231206 17:35:18.174" endtime="20231206 17:35:19.086"/>
</kw>
<kw name="Input Password" library="login">
<arg>Superadmin123*@#</arg>
<kw name="Clear Element Text" library="SeleniumLibrary">
<arg>password</arg>
<doc>Clears the value of the text-input-element identified by ``locator``.</doc>
<status status="PASS" starttime="20231206 17:35:19.086" endtime="20231206 17:35:19.311"/>
</kw>
<kw name="Input Text" library="SeleniumLibrary">
<arg>password</arg>
<arg>${password}</arg>
<doc>Types the given ``text`` into the text field identified by ``locator``.</doc>
<msg timestamp="20231206 17:35:19.311" level="INFO">Typing text 'Superadmin123*@#' into text field 'password'.</msg>
<status status="PASS" starttime="20231206 17:35:19.311" endtime="20231206 17:35:19.656"/>
</kw>
<kw name="Textfield Value Should Be" library="SeleniumLibrary">
<arg>password</arg>
<arg>${password}</arg>
<doc>Verifies text field ``locator`` has exactly text ``expected``.</doc>
<msg timestamp="20231206 17:35:19.974" level="INFO">Content of text field 'password' is 'Superadmin123*@#'.</msg>
<status status="PASS" starttime="20231206 17:35:19.656" endtime="20231206 17:35:19.974"/>
</kw>
<status status="PASS" starttime="20231206 17:35:19.086" endtime="20231206 17:35:19.974"/>
</kw>
<kw name="Click Btn Login" library="login">
<kw name="Wait Until Element Is Visible" library="SeleniumLibrary">
<arg>id:kt_sign_in_submit</arg>
<doc>Waits until the element ``locator`` is visible.</doc>
<status status="PASS" starttime="20231206 17:35:19.974" endtime="20231206 17:35:20.190"/>
</kw>
<kw name="Click Button" library="SeleniumLibrary">
<arg>id:kt_sign_in_submit</arg>
<doc>Clicks the button identified by ``locator``.</doc>
<msg timestamp="20231206 17:35:20.190" level="INFO">Clicking button 'id:kt_sign_in_submit'.</msg>
<status status="PASS" starttime="20231206 17:35:20.190" endtime="20231206 17:35:20.726"/>
</kw>
<kw name="Wait Until Element Is Visible" library="SeleniumLibrary">
<arg>id:swal2-html-container</arg>
<doc>Waits until the element ``locator`` is visible.</doc>
<status status="PASS" starttime="20231206 17:35:20.726" endtime="20231206 17:35:23.400"/>
</kw>
<kw name="Get Text" library="SeleniumLibrary">
<var>${text}</var>
<arg>id:swal2-html-container</arg>
<doc>Returns the text value of the element identified by ``locator``.</doc>
<msg timestamp="20231206 17:35:23.616" level="INFO">${text} = You have successfully logged in!</msg>
<status status="PASS" starttime="20231206 17:35:23.400" endtime="20231206 17:35:23.616"/>
</kw>
<kw name="Run Keyword If" library="BuiltIn">
<arg>'${text} == "You have successfully logged in!"'</arg>
<arg>Press Keys</arg>
<arg>None</arg>
<arg>ENTER</arg>
<arg>Wait Until Location Is</arg>
<arg>http://10.31.31.107/home</arg>
<arg>ELSE IF</arg>
<arg>'${text} == "Gagal Login"'</arg>
<arg>Wait Until Element Contains</arg>
<arg>id:swal2-html-container</arg>
<arg>Gagal Login</arg>
<arg>ELSE</arg>
<arg>Wait Until Element Contains</arg>
<arg>id:swal2-html-container</arg>
<arg>Gagal Login</arg>
<doc>Runs the given keyword with the given arguments, if ``condition`` is true.</doc>
<kw name="Press Keys" library="SeleniumLibrary">
<arg>None</arg>
<arg>ENTER</arg>
<arg>Wait Until Location Is</arg>
<arg>http://10.31.31.107/home</arg>
<doc>Simulates the user pressing key(s) to an element or on the active browser.</doc>
<msg timestamp="20231206 17:35:23.617" level="INFO">Sending key(s) ('ENTER', 'Wait Until Location Is', 'http://10.31.31.107/home') to page.</msg>
<msg timestamp="20231206 17:35:23.617" level="INFO">Pressing special key ENTER to browser.</msg>
<msg timestamp="20231206 17:35:23.617" level="INFO">Releasing special key ENTER.</msg>
<msg timestamp="20231206 17:35:23.723" level="INFO">Sending keys Wait Until Location Is</msg>
<msg timestamp="20231206 17:35:23.920" level="INFO">Sending keys http://10.31.31.107/home</msg>
<status status="PASS" starttime="20231206 17:35:23.616" endtime="20231206 17:35:24.033"/>
</kw>
<status status="PASS" starttime="20231206 17:35:23.616" endtime="20231206 17:35:24.033"/>
</kw>
<status status="PASS" starttime="20231206 17:35:19.974" endtime="20231206 17:35:24.033"/>
</kw>
<kw name="Move To Module Layanan" library="layanan">
<kw name="Go To" library="SeleniumLibrary">
<arg>http://10.31.31.107/layanan/master</arg>
<doc>Navigates the current browser window to the provided ``url``.</doc>
<msg timestamp="20231206 17:35:24.033" level="INFO">Opening url 'http://10.31.31.107/layanan/master'</msg>
<status status="PASS" starttime="20231206 17:35:24.033" endtime="20231206 17:35:24.307"/>
</kw>
<kw name="Wait Until Location Is" library="SeleniumLibrary">
<arg>http://10.31.31.107/layanan/master</arg>
<doc>Waits until the current URL is ``expected``.</doc>
<status status="PASS" starttime="20231206 17:35:24.307" endtime="20231206 17:35:24.410"/>
</kw>
<status status="PASS" starttime="20231206 17:35:24.033" endtime="20231206 17:35:24.410"/>
</kw>
<kw name="Click Btn Edit" library="layanan">
<kw name="Wait Until Element Is Visible" library="SeleniumLibrary">
<arg>//*[@class="ki-solid ki-pencil fs-5"]</arg>
<doc>Waits until the element ``locator`` is visible.</doc>
<status status="PASS" starttime="20231206 17:35:24.410" endtime="20231206 17:35:24.625"/>
</kw>
<kw name="Click Element" library="SeleniumLibrary">
<arg>//*[@class="ki-solid ki-pencil fs-5"]</arg>
<doc>Click the element identified by ``locator``.</doc>
<msg timestamp="20231206 17:35:24.625" level="INFO">Clicking element '//*[@class="ki-solid ki-pencil fs-5"]'.</msg>
<status status="PASS" starttime="20231206 17:35:24.625" endtime="20231206 17:35:24.851"/>
</kw>
<kw name="Wait Until Page Contains" library="SeleniumLibrary">
<arg>Edit Data</arg>
<doc>Waits until ``text`` appears on the current page.</doc>
<status status="PASS" starttime="20231206 17:35:24.851" endtime="20231206 17:35:24.963"/>
</kw>
<status status="PASS" starttime="20231206 17:35:24.410" endtime="20231206 17:35:24.963"/>
</kw>
<kw name="Input Kode" library="layanan">
<arg>3</arg>
<kw name="Wait Until Element Is Visible" library="SeleniumLibrary">
<arg>name=kode</arg>
<doc>Waits until the element ``locator`` is visible.</doc>
<status status="PASS" starttime="20231206 17:35:24.963" endtime="20231206 17:35:25.177"/>
</kw>
<kw name="Clear Element Text" library="SeleniumLibrary">
<arg>name:kode</arg>
<doc>Clears the value of the text-input-element identified by ``locator``.</doc>
<status status="PASS" starttime="20231206 17:35:25.177" endtime="20231206 17:35:25.397"/>
</kw>
<kw name="Input Text" library="SeleniumLibrary">
<arg>name=kode</arg>
<arg>${param}</arg>
<doc>Types the given ``text`` into the text field identified by ``locator``.</doc>
<msg timestamp="20231206 17:35:25.397" level="INFO">Typing text '3' into text field 'name=kode'.</msg>
<status status="PASS" starttime="20231206 17:35:25.397" endtime="20231206 17:35:25.737"/>
</kw>
<status status="PASS" starttime="20231206 17:35:24.963" endtime="20231206 17:35:25.737"/>
</kw>
<kw name="Input Nama" library="layanan">
<arg>namaRianTigaUpdate</arg>
<kw name="Wait Until Element Is Visible" library="SeleniumLibrary">
<arg>name=nama</arg>
<doc>Waits until the element ``locator`` is visible.</doc>
<status status="PASS" starttime="20231206 17:35:25.737" endtime="20231206 17:35:25.954"/>
</kw>
<kw name="Clear Element Text" library="SeleniumLibrary">
<arg>name:nama</arg>
<doc>Clears the value of the text-input-element identified by ``locator``.</doc>
<status status="PASS" starttime="20231206 17:35:25.954" endtime="20231206 17:35:26.174"/>
</kw>
<kw name="Input Text" library="SeleniumLibrary">
<arg>name=nama</arg>
<arg>${param}</arg>
<doc>Types the given ``text`` into the text field identified by ``locator``.</doc>
<msg timestamp="20231206 17:35:26.174" level="INFO">Typing text 'namaRianTigaUpdate' into text field 'name=nama'.</msg>
<status status="PASS" starttime="20231206 17:35:26.174" endtime="20231206 17:35:26.524"/>
</kw>
<status status="PASS" starttime="20231206 17:35:25.737" endtime="20231206 17:35:26.524"/>
</kw>
<kw name="Select Versi" library="layanan">
<arg>2023-12-01</arg>
<kw name="Wait Until Element Is Visible" library="SeleniumLibrary">
<arg>//*[@placeholder="Pick a day"]</arg>
<doc>Waits until the element ``locator`` is visible.</doc>
<status status="PASS" starttime="20231206 17:35:26.524" endtime="20231206 17:35:26.738"/>
</kw>
<kw name="Click Element" library="SeleniumLibrary">
<arg>//*[@placeholder="Pick a day"]</arg>
<doc>Click the element identified by ``locator``.</doc>
<msg timestamp="20231206 17:35:26.738" level="INFO">Clicking element '//*[@placeholder="Pick a day"]'.</msg>
<status status="PASS" starttime="20231206 17:35:26.738" endtime="20231206 17:35:26.985"/>
</kw>
<kw name="Press Keys" library="SeleniumLibrary">
<arg>None</arg>
<arg>${param}</arg>
<doc>Simulates the user pressing key(s) to an element or on the active browser.</doc>
<msg timestamp="20231206 17:35:26.985" level="INFO">Sending key(s) ('2023-12-01',) to page.</msg>
<msg timestamp="20231206 17:35:26.985" level="INFO">Sending keys 2023-12-01</msg>
<status status="PASS" starttime="20231206 17:35:26.985" endtime="20231206 17:35:27.103"/>
</kw>
<kw name="Press Keys" library="SeleniumLibrary">
<arg>None</arg>
<arg>TAB</arg>
<doc>Simulates the user pressing key(s) to an element or on the active browser.</doc>
<msg timestamp="20231206 17:35:27.103" level="INFO">Sending key(s) ('TAB',) to page.</msg>
<msg timestamp="20231206 17:35:27.103" level="INFO">Pressing special key TAB to browser.</msg>
<msg timestamp="20231206 17:35:27.103" level="INFO">Releasing special key TAB.</msg>
<status status="PASS" starttime="20231206 17:35:27.103" endtime="20231206 17:35:27.229"/>
</kw>
<status status="PASS" starttime="20231206 17:35:26.524" endtime="20231206 17:35:27.229"/>
</kw>
<kw name="Click Btn Submit" library="layanan">
<kw name="Wait Until Element Is Visible" library="SeleniumLibrary">
<arg>//*[@class="btn btn-primary btn-sm ms-5"]</arg>
<doc>Waits until the element ``locator`` is visible.</doc>
<status status="PASS" starttime="20231206 17:35:27.229" endtime="20231206 17:35:27.444"/>
</kw>
<kw name="Click Button" library="SeleniumLibrary">
<arg>//*[@class="btn btn-primary btn-sm ms-5"]</arg>
<doc>Clicks the button identified by ``locator``.</doc>
<msg timestamp="20231206 17:35:27.444" level="INFO">Clicking button '//*[@class="btn btn-primary btn-sm ms-5"]'.</msg>
<status status="PASS" starttime="20231206 17:35:27.444" endtime="20231206 17:35:27.981"/>
</kw>
<kw name="Sleep" library="BuiltIn">
<arg>1s</arg>
<doc>Pauses the test executed for the given time.</doc>
<msg timestamp="20231206 17:35:28.981" level="INFO">Slept 1 second</msg>
<status status="PASS" starttime="20231206 17:35:27.981" endtime="20231206 17:35:28.981"/>
</kw>
<status status="PASS" starttime="20231206 17:35:27.229" endtime="20231206 17:35:28.981"/>
</kw>
<kw name="Sleep" library="BuiltIn">
<arg>2s</arg>
<doc>Pauses the test executed for the given time.</doc>
<msg timestamp="20231206 17:35:30.982" level="INFO">Slept 2 seconds</msg>
<status status="PASS" starttime="20231206 17:35:28.981" endtime="20231206 17:35:30.982"/>
</kw>
<kw name="Capture Page Screenshot" library="SeleniumLibrary">
<doc>Takes a screenshot of the current page and embeds it into a log file.</doc>
<msg timestamp="20231206 17:35:31.201" level="INFO" html="true">&lt;/td&gt;&lt;/tr&gt;&lt;tr&gt;&lt;td colspan="3"&gt;&lt;a href="selenium-screenshot-1.png"&gt;&lt;img src="selenium-screenshot-1.png" width="800px"&gt;&lt;/a&gt;</msg>
<status status="PASS" starttime="20231206 17:35:30.982" endtime="20231206 17:35:31.202"/>
</kw>
<kw name="Close Browser" library="SeleniumLibrary" type="TEARDOWN">
<doc>Closes the current browser.</doc>
<status status="PASS" starttime="20231206 17:35:31.202" endtime="20231206 17:35:33.355"/>
</kw>
<doc>SC05 - Update Data Master</doc>
<tag>TC01 - Update Data Master</tag>
<status status="PASS" starttime="20231206 17:35:15.918" endtime="20231206 17:35:33.355"/>
</test>
<doc>SC05 - Update Data Master</doc>
<status status="PASS" starttime="20231206 17:35:15.760" endtime="20231206 17:35:33.356"/>
</suite>
<statistics>
<total>
<stat pass="1" fail="0" skip="0">All Tests</stat>
</total>
<tag>
<stat pass="1" fail="0" skip="0">TC01 - Update Data Master</stat>
</tag>
<suite>
<stat pass="1" fail="0" skip="0" id="s1" name="SC05 - Update Data Master">SC05 - Update Data Master</stat>
</suite>
</statistics>
<errors>
</errors>
</robot>
