<?xml version="1.0" encoding="UTF-8"?>
<robot generator="Robot 6.1.1 (Python 3.12.0 on win32)" generated="20231207 21:42:50.827" rpa="false" schemaversion="4">
<suite id="s1" name="SC03 - Create Data User Management" source="C:\Users\ReiKa\PycharmProjects\spptti\tests\R08 - User Management\SC03 - Create Data User Management\SC03 - Create Data User Management.robot">
<test id="s1-t1" name="TC01 - Create Data User Management" line="8">
<kw name="Open Browser Website" library="login">
<kw name="Open Browser" library="SeleniumLibrary">
<arg>${LOGIN URL}</arg>
<arg>${BROWSER}</arg>
<arg>options=add_argument("--incognito")</arg>
<doc>Opens a new browser instance to the optional ``url``.</doc>
<msg timestamp="20231207 21:42:50.983" level="INFO">Opening browser 'Chrome' to base url 'http://10.31.31.107/sign-in'.</msg>
<status status="PASS" starttime="20231207 21:42:50.983" endtime="20231207 21:42:52.948"/>
</kw>
<kw name="Maximize Browser Window" library="SeleniumLibrary">
<doc>Maximizes current browser window.</doc>
<status status="PASS" starttime="20231207 21:42:52.948" endtime="20231207 21:42:53.080"/>
</kw>
<kw name="Wait Until Page Contains" library="SeleniumLibrary">
<arg>Login</arg>
<doc>Waits until ``text`` appears on the current page.</doc>
<status status="PASS" starttime="20231207 21:42:53.080" endtime="20231207 21:42:53.089"/>
</kw>
<kw name="Set Selenium Speed" library="SeleniumLibrary">
<arg>${SPEED}</arg>
<doc>Sets the delay that is waited after each Selenium command.</doc>
<status status="PASS" starttime="20231207 21:42:53.089" endtime="20231207 21:42:53.089"/>
</kw>
<status status="PASS" starttime="20231207 21:42:50.982" endtime="20231207 21:42:53.089"/>
</kw>
<kw name="Input Email" library="login">
<arg>superadmin@gmail.com</arg>
<kw name="Clear Element Text" library="SeleniumLibrary">
<arg>email</arg>
<doc>Clears the value of the text-input-element identified by ``locator``.</doc>
<status status="PASS" starttime="20231207 21:42:53.090" endtime="20231207 21:42:53.319"/>
</kw>
<kw name="Input Text" library="SeleniumLibrary">
<arg>email</arg>
<arg>${email}</arg>
<doc>Types the given ``text`` into the text field identified by ``locator``.</doc>
<msg timestamp="20231207 21:42:53.319" level="INFO">Typing text 'superadmin@gmail.com' into text field 'email'.</msg>
<status status="PASS" starttime="20231207 21:42:53.319" endtime="20231207 21:42:53.673"/>
</kw>
<kw name="Textfield Value Should Be" library="SeleniumLibrary">
<arg>email</arg>
<arg>${email}</arg>
<doc>Verifies text field ``locator`` has exactly text ``expected``.</doc>
<msg timestamp="20231207 21:42:53.991" level="INFO">Content of text field 'email' is 'superadmin@gmail.com'.</msg>
<status status="PASS" starttime="20231207 21:42:53.673" endtime="20231207 21:42:53.991"/>
</kw>
<status status="PASS" starttime="20231207 21:42:53.090" endtime="20231207 21:42:53.991"/>
</kw>
<kw name="Input Password" library="login">
<arg>Superadmin123*@#</arg>
<kw name="Clear Element Text" library="SeleniumLibrary">
<arg>password</arg>
<doc>Clears the value of the text-input-element identified by ``locator``.</doc>
<status status="PASS" starttime="20231207 21:42:53.991" endtime="20231207 21:42:54.217"/>
</kw>
<kw name="Input Text" library="SeleniumLibrary">
<arg>password</arg>
<arg>${password}</arg>
<doc>Types the given ``text`` into the text field identified by ``locator``.</doc>
<msg timestamp="20231207 21:42:54.217" level="INFO">Typing text 'Superadmin123*@#' into text field 'password'.</msg>
<status status="PASS" starttime="20231207 21:42:54.217" endtime="20231207 21:42:54.562"/>
</kw>
<kw name="Textfield Value Should Be" library="SeleniumLibrary">
<arg>password</arg>
<arg>${password}</arg>
<doc>Verifies text field ``locator`` has exactly text ``expected``.</doc>
<msg timestamp="20231207 21:42:54.879" level="INFO">Content of text field 'password' is 'Superadmin123*@#'.</msg>
<status status="PASS" starttime="20231207 21:42:54.562" endtime="20231207 21:42:54.879"/>
</kw>
<status status="PASS" starttime="20231207 21:42:53.991" endtime="20231207 21:42:54.879"/>
</kw>
<kw name="Click Btn Login" library="login">
<kw name="Wait Until Element Is Visible" library="SeleniumLibrary">
<arg>id:kt_sign_in_submit</arg>
<doc>Waits until the element ``locator`` is visible.</doc>
<status status="PASS" starttime="20231207 21:42:54.879" endtime="20231207 21:42:55.094"/>
</kw>
<kw name="Click Button" library="SeleniumLibrary">
<arg>id:kt_sign_in_submit</arg>
<doc>Clicks the button identified by ``locator``.</doc>
<msg timestamp="20231207 21:42:55.094" level="INFO">Clicking button 'id:kt_sign_in_submit'.</msg>
<status status="PASS" starttime="20231207 21:42:55.094" endtime="20231207 21:42:55.629"/>
</kw>
<kw name="Wait Until Element Is Visible" library="SeleniumLibrary">
<arg>id:swal2-html-container</arg>
<doc>Waits until the element ``locator`` is visible.</doc>
<status status="PASS" starttime="20231207 21:42:55.629" endtime="20231207 21:42:59.197"/>
</kw>
<kw name="Get Text" library="SeleniumLibrary">
<var>${text}</var>
<arg>id:swal2-html-container</arg>
<doc>Returns the text value of the element identified by ``locator``.</doc>
<msg timestamp="20231207 21:42:59.410" level="INFO">${text} = You have successfully logged in!</msg>
<status status="PASS" starttime="20231207 21:42:59.197" endtime="20231207 21:42:59.410"/>
</kw>
<kw name="Run Keyword If" library="BuiltIn">
<arg>'${text} == "You have successfully logged in!"'</arg>
<arg>Press Keys</arg>
<arg>None</arg>
<arg>ENTER</arg>
<arg>Wait Until Location Is</arg>
<arg>http://10.31.31.107/home</arg>
<arg>ELSE IF</arg>
<arg>'${text} == "Gagal Login"'</arg>
<arg>Wait Until Element Contains</arg>
<arg>id:swal2-html-container</arg>
<arg>Gagal Login</arg>
<arg>ELSE</arg>
<arg>Wait Until Element Contains</arg>
<arg>id:swal2-html-container</arg>
<arg>Gagal Login</arg>
<doc>Runs the given keyword with the given arguments, if ``condition`` is true.</doc>
<kw name="Press Keys" library="SeleniumLibrary">
<arg>None</arg>
<arg>ENTER</arg>
<arg>Wait Until Location Is</arg>
<arg>http://10.31.31.107/home</arg>
<doc>Simulates the user pressing key(s) to an element or on the active browser.</doc>
<msg timestamp="20231207 21:42:59.411" level="INFO">Sending key(s) ('ENTER', 'Wait Until Location Is', 'http://10.31.31.107/home') to page.</msg>
<msg timestamp="20231207 21:42:59.411" level="INFO">Pressing special key ENTER to browser.</msg>
<msg timestamp="20231207 21:42:59.411" level="INFO">Releasing special key ENTER.</msg>
<msg timestamp="20231207 21:42:59.517" level="INFO">Sending keys Wait Until Location Is</msg>
<msg timestamp="20231207 21:42:59.749" level="INFO">Sending keys http://10.31.31.107/home</msg>
<status status="PASS" starttime="20231207 21:42:59.410" endtime="20231207 21:42:59.863"/>
</kw>
<status status="PASS" starttime="20231207 21:42:59.410" endtime="20231207 21:42:59.863"/>
</kw>
<status status="PASS" starttime="20231207 21:42:54.879" endtime="20231207 21:42:59.863"/>
</kw>
<kw name="Move To Module User Management" library="user_management">
<kw name="Go To" library="SeleniumLibrary">
<arg>http://10.31.31.107/user-management</arg>
<doc>Navigates the current browser window to the provided ``url``.</doc>
<msg timestamp="20231207 21:42:59.863" level="INFO">Opening url 'http://10.31.31.107/user-management'</msg>
<status status="PASS" starttime="20231207 21:42:59.863" endtime="20231207 21:43:00.075"/>
</kw>
<kw name="Wait Until Location Is" library="SeleniumLibrary">
<arg>http://10.31.31.107/user-management</arg>
<doc>Waits until the current URL is ``expected``.</doc>
<status status="PASS" starttime="20231207 21:43:00.075" endtime="20231207 21:43:00.178"/>
</kw>
<status status="PASS" starttime="20231207 21:42:59.863" endtime="20231207 21:43:00.178"/>
</kw>
<kw name="Click Btn Tambah User" library="user_management">
<kw name="Wait Until Element Is Visible" library="SeleniumLibrary">
<arg>//*[@class="ki-solid ki-plus fs-3"]</arg>
<doc>Waits until the element ``locator`` is visible.</doc>
<status status="PASS" starttime="20231207 21:43:00.178" endtime="20231207 21:43:00.392"/>
</kw>
<kw name="Click Element" library="SeleniumLibrary">
<arg>//*[@class="ki-solid ki-plus fs-3"]</arg>
<doc>Click the element identified by ``locator``.</doc>
<msg timestamp="20231207 21:43:00.392" level="INFO">Clicking element '//*[@class="ki-solid ki-plus fs-3"]'.</msg>
<status status="PASS" starttime="20231207 21:43:00.392" endtime="20231207 21:43:00.658"/>
</kw>
<kw name="Wait Until Page Contains" library="SeleniumLibrary">
<arg>Tambah Data</arg>
<doc>Waits until ``text`` appears on the current page.</doc>
<status status="PASS" starttime="20231207 21:43:00.658" endtime="20231207 21:43:00.767"/>
</kw>
<status status="PASS" starttime="20231207 21:43:00.178" endtime="20231207 21:43:00.767"/>
</kw>
<kw name="Input Nama Lengkap" library="user_management">
<arg>Rian Cahyadi</arg>
<kw name="Wait Until Element Is Visible" library="SeleniumLibrary">
<arg>name:username</arg>
<doc>Waits until the element ``locator`` is visible.</doc>
<status status="PASS" starttime="20231207 21:43:00.767" endtime="20231207 21:43:00.981"/>
</kw>
<kw name="Clear Element Text" library="SeleniumLibrary">
<arg>name:username</arg>
<doc>Clears the value of the text-input-element identified by ``locator``.</doc>
<status status="PASS" starttime="20231207 21:43:00.981" endtime="20231207 21:43:01.199"/>
</kw>
<kw name="Input Text" library="SeleniumLibrary">
<arg>name:username</arg>
<arg>${param}</arg>
<doc>Types the given ``text`` into the text field identified by ``locator``.</doc>
<msg timestamp="20231207 21:43:01.199" level="INFO">Typing text 'Rian Cahyadi' into text field 'name:username'.</msg>
<status status="PASS" starttime="20231207 21:43:01.199" endtime="20231207 21:43:01.577"/>
</kw>
<kw name="Textfield Value Should Be" library="SeleniumLibrary">
<arg>name:username</arg>
<arg>${param}</arg>
<doc>Verifies text field ``locator`` has exactly text ``expected``.</doc>
<msg timestamp="20231207 21:43:01.997" level="INFO">Content of text field 'name:username' is 'Rian Cahyadi'.</msg>
<status status="PASS" starttime="20231207 21:43:01.577" endtime="20231207 21:43:01.997"/>
</kw>
<status status="PASS" starttime="20231207 21:43:00.767" endtime="20231207 21:43:01.997"/>
</kw>
<kw name="Input Email" library="user_management">
<arg>rian.cahyadi@yopmail.com</arg>
<kw name="Wait Until Element Is Visible" library="SeleniumLibrary">
<arg>name:email</arg>
<doc>Waits until the element ``locator`` is visible.</doc>
<status status="PASS" starttime="20231207 21:43:01.997" endtime="20231207 21:43:02.211"/>
</kw>
<kw name="Clear Element Text" library="SeleniumLibrary">
<arg>name:email</arg>
<doc>Clears the value of the text-input-element identified by ``locator``.</doc>
<status status="PASS" starttime="20231207 21:43:02.211" endtime="20231207 21:43:02.429"/>
</kw>
<kw name="Input Text" library="SeleniumLibrary">
<arg>name:email</arg>
<arg>${param}</arg>
<doc>Types the given ``text`` into the text field identified by ``locator``.</doc>
<msg timestamp="20231207 21:43:02.429" level="INFO">Typing text 'rian.cahyadi@yopmail.com' into text field 'name:email'.</msg>
<status status="PASS" starttime="20231207 21:43:02.429" endtime="20231207 21:43:02.825"/>
</kw>
<kw name="Textfield Value Should Be" library="SeleniumLibrary">
<arg>name:email</arg>
<arg>${param}</arg>
<doc>Verifies text field ``locator`` has exactly text ``expected``.</doc>
<msg timestamp="20231207 21:43:03.242" level="INFO">Content of text field 'name:email' is 'rian.cahyadi@yopmail.com'.</msg>
<status status="PASS" starttime="20231207 21:43:02.825" endtime="20231207 21:43:03.242"/>
</kw>
<status status="PASS" starttime="20231207 21:43:01.997" endtime="20231207 21:43:03.242"/>
</kw>
<kw name="Input No Telephone" library="user_management">
<arg>087794875831</arg>
<kw name="Wait Until Element Is Visible" library="SeleniumLibrary">
<arg>name:phone</arg>
<doc>Waits until the element ``locator`` is visible.</doc>
<status status="PASS" starttime="20231207 21:43:03.242" endtime="20231207 21:43:03.455"/>
</kw>
<kw name="Clear Element Text" library="SeleniumLibrary">
<arg>name:phone</arg>
<doc>Clears the value of the text-input-element identified by ``locator``.</doc>
<status status="PASS" starttime="20231207 21:43:03.455" endtime="20231207 21:43:03.672"/>
</kw>
<kw name="Input Text" library="SeleniumLibrary">
<arg>name:phone</arg>
<arg>${param}</arg>
<doc>Types the given ``text`` into the text field identified by ``locator``.</doc>
<msg timestamp="20231207 21:43:03.672" level="INFO">Typing text '087794875831' into text field 'name:phone'.</msg>
<status status="PASS" starttime="20231207 21:43:03.672" endtime="20231207 21:43:04.039"/>
</kw>
<kw name="Textfield Value Should Be" library="SeleniumLibrary">
<arg>name:phone</arg>
<arg>${param}</arg>
<doc>Verifies text field ``locator`` has exactly text ``expected``.</doc>
<msg timestamp="20231207 21:43:04.456" level="INFO">Content of text field 'name:phone' is '087794875831'.</msg>
<status status="PASS" starttime="20231207 21:43:04.039" endtime="20231207 21:43:04.456"/>
</kw>
<status status="PASS" starttime="20231207 21:43:03.242" endtime="20231207 21:43:04.456"/>
</kw>
<kw name="Input Kata Sandi" library="user_management">
<arg>P@55word12</arg>
<kw name="Wait Until Element Is Visible" library="SeleniumLibrary">
<arg>name:password</arg>
<doc>Waits until the element ``locator`` is visible.</doc>
<status status="PASS" starttime="20231207 21:43:04.456" endtime="20231207 21:43:04.669"/>
</kw>
<kw name="Clear Element Text" library="SeleniumLibrary">
<arg>name:password</arg>
<doc>Clears the value of the text-input-element identified by ``locator``.</doc>
<status status="PASS" starttime="20231207 21:43:04.669" endtime="20231207 21:43:04.887"/>
</kw>
<kw name="Input Text" library="SeleniumLibrary">
<arg>name:password</arg>
<arg>${param}</arg>
<doc>Types the given ``text`` into the text field identified by ``locator``.</doc>
<msg timestamp="20231207 21:43:04.887" level="INFO">Typing text 'P@55word12' into text field 'name:password'.</msg>
<status status="PASS" starttime="20231207 21:43:04.887" endtime="20231207 21:43:05.253"/>
</kw>
<kw name="Textfield Value Should Be" library="SeleniumLibrary">
<arg>name:password</arg>
<arg>${param}</arg>
<doc>Verifies text field ``locator`` has exactly text ``expected``.</doc>
<msg timestamp="20231207 21:43:05.672" level="INFO">Content of text field 'name:password' is 'P@55word12'.</msg>
<status status="PASS" starttime="20231207 21:43:05.253" endtime="20231207 21:43:05.672"/>
</kw>
<status status="PASS" starttime="20231207 21:43:04.456" endtime="20231207 21:43:05.672"/>
</kw>
<kw name="Input Konfirmasi Kata Sandi" library="user_management">
<arg>P@55word12</arg>
<kw name="Wait Until Element Is Visible" library="SeleniumLibrary">
<arg>name:passwordconf</arg>
<doc>Waits until the element ``locator`` is visible.</doc>
<status status="PASS" starttime="20231207 21:43:05.672" endtime="20231207 21:43:05.886"/>
</kw>
<kw name="Clear Element Text" library="SeleniumLibrary">
<arg>name:passwordconf</arg>
<doc>Clears the value of the text-input-element identified by ``locator``.</doc>
<status status="PASS" starttime="20231207 21:43:05.886" endtime="20231207 21:43:06.106"/>
</kw>
<kw name="Input Text" library="SeleniumLibrary">
<arg>name:passwordconf</arg>
<arg>${param}</arg>
<doc>Types the given ``text`` into the text field identified by ``locator``.</doc>
<msg timestamp="20231207 21:43:06.106" level="INFO">Typing text 'P@55word12' into text field 'name:passwordconf'.</msg>
<status status="PASS" starttime="20231207 21:43:06.106" endtime="20231207 21:43:06.475"/>
</kw>
<kw name="Textfield Value Should Be" library="SeleniumLibrary">
<arg>name:passwordconf</arg>
<arg>${param}</arg>
<doc>Verifies text field ``locator`` has exactly text ``expected``.</doc>
<msg timestamp="20231207 21:43:06.894" level="INFO">Content of text field 'name:passwordconf' is 'P@55word12'.</msg>
<status status="PASS" starttime="20231207 21:43:06.475" endtime="20231207 21:43:06.894"/>
</kw>
<status status="PASS" starttime="20231207 21:43:05.672" endtime="20231207 21:43:06.894"/>
</kw>
<kw name="Select Jenis Role" library="user_management">
<arg>Admin</arg>
<kw name="Wait Until Element Is Visible" library="SeleniumLibrary">
<arg>//*[@class="el-select__input is-large"]</arg>
<doc>Waits until the element ``locator`` is visible.</doc>
<status status="PASS" starttime="20231207 21:43:06.894" endtime="20231207 21:43:07.109"/>
</kw>
<kw name="Click Element" library="SeleniumLibrary">
<arg>//*[@class="el-select__input is-large"]</arg>
<doc>Click the element identified by ``locator``.</doc>
<msg timestamp="20231207 21:43:07.109" level="INFO">Clicking element '//*[@class="el-select__input is-large"]'.</msg>
<status status="PASS" starttime="20231207 21:43:07.109" endtime="20231207 21:43:07.353"/>
</kw>
<kw name="Press Keys" library="SeleniumLibrary">
<arg>None</arg>
<arg>${param}</arg>
<doc>Simulates the user pressing key(s) to an element or on the active browser.</doc>
<msg timestamp="20231207 21:43:07.353" level="INFO">Sending key(s) ('Admin',) to page.</msg>
<msg timestamp="20231207 21:43:07.353" level="INFO">Sending keys Admin</msg>
<status status="PASS" starttime="20231207 21:43:07.353" endtime="20231207 21:43:07.481"/>
</kw>
<kw name="Sleep" library="BuiltIn">
<arg>0.5s</arg>
<doc>Pauses the test executed for the given time.</doc>
<msg timestamp="20231207 21:43:07.981" level="INFO">Slept 500 milliseconds</msg>
<status status="PASS" starttime="20231207 21:43:07.481" endtime="20231207 21:43:07.981"/>
</kw>
<kw name="Press Keys" library="SeleniumLibrary">
<arg>None</arg>
<arg>ENTER</arg>
<doc>Simulates the user pressing key(s) to an element or on the active browser.</doc>
<msg timestamp="20231207 21:43:07.981" level="INFO">Sending key(s) ('ENTER',) to page.</msg>
<msg timestamp="20231207 21:43:07.981" level="INFO">Pressing special key ENTER to browser.</msg>
<msg timestamp="20231207 21:43:07.981" level="INFO">Releasing special key ENTER.</msg>
<status status="PASS" starttime="20231207 21:43:07.981" endtime="20231207 21:43:08.096"/>
</kw>
<status status="PASS" starttime="20231207 21:43:06.894" endtime="20231207 21:43:08.096"/>
</kw>
<kw name="Select Nama Instansi" library="user_management">
<arg>Kepolisian</arg>
<kw name="Wait Until Element Is Visible" library="SeleniumLibrary">
<arg>name:id_ref_jenis_aph</arg>
<doc>Waits until the element ``locator`` is visible.</doc>
<status status="PASS" starttime="20231207 21:43:08.096" endtime="20231207 21:43:08.310"/>
</kw>
<kw name="Click Element" library="SeleniumLibrary">
<arg>name:id_ref_jenis_aph</arg>
<doc>Click the element identified by ``locator``.</doc>
<msg timestamp="20231207 21:43:08.310" level="INFO">Clicking element 'name:id_ref_jenis_aph'.</msg>
<status status="PASS" starttime="20231207 21:43:08.310" endtime="20231207 21:43:08.546"/>
</kw>
<kw name="Press Keys" library="SeleniumLibrary">
<arg>None</arg>
<arg>${param}</arg>
<doc>Simulates the user pressing key(s) to an element or on the active browser.</doc>
<msg timestamp="20231207 21:43:08.546" level="INFO">Sending key(s) ('Kepolisian',) to page.</msg>
<msg timestamp="20231207 21:43:08.546" level="INFO">Sending keys Kepolisian</msg>
<status status="PASS" starttime="20231207 21:43:08.546" endtime="20231207 21:43:08.683"/>
</kw>
<kw name="Sleep" library="BuiltIn">
<arg>0.5s</arg>
<doc>Pauses the test executed for the given time.</doc>
<msg timestamp="20231207 21:43:09.183" level="INFO">Slept 500 milliseconds</msg>
<status status="PASS" starttime="20231207 21:43:08.683" endtime="20231207 21:43:09.183"/>
</kw>
<kw name="Press Keys" library="SeleniumLibrary">
<arg>None</arg>
<arg>ENTER</arg>
<doc>Simulates the user pressing key(s) to an element or on the active browser.</doc>
<msg timestamp="20231207 21:43:09.183" level="INFO">Sending key(s) ('ENTER',) to page.</msg>
<msg timestamp="20231207 21:43:09.183" level="INFO">Pressing special key ENTER to browser.</msg>
<msg timestamp="20231207 21:43:09.183" level="INFO">Releasing special key ENTER.</msg>
<status status="PASS" starttime="20231207 21:43:09.183" endtime="20231207 21:43:09.321"/>
</kw>
<status status="PASS" starttime="20231207 21:43:08.096" endtime="20231207 21:43:09.321"/>
</kw>
<kw name="Click Status" library="user_management">
<kw name="Wait Until Element Is Visible" library="SeleniumLibrary">
<arg>name:billing</arg>
<doc>Waits until the element ``locator`` is visible.</doc>
<status status="PASS" starttime="20231207 21:43:09.321" endtime="20231207 21:43:09.535"/>
</kw>
<kw name="Click Element" library="SeleniumLibrary">
<arg>name:billing</arg>
<doc>Click the element identified by ``locator``.</doc>
<msg timestamp="20231207 21:43:09.535" level="INFO">Clicking element 'name:billing'.</msg>
<status status="PASS" starttime="20231207 21:43:09.535" endtime="20231207 21:43:09.766"/>
</kw>
<status status="PASS" starttime="20231207 21:43:09.321" endtime="20231207 21:43:09.766"/>
</kw>
<kw name="Click Btn Submit" library="user_management">
<kw name="Wait Until Element Is Visible" library="SeleniumLibrary">
<arg>//*[@class="btn btn-primary btn-sm ms-5"]</arg>
<doc>Waits until the element ``locator`` is visible.</doc>
<status status="PASS" starttime="20231207 21:43:09.766" endtime="20231207 21:43:09.980"/>
</kw>
<kw name="Click Button" library="SeleniumLibrary">
<arg>//*[@class="btn btn-primary btn-sm ms-5"]</arg>
<doc>Clicks the button identified by ``locator``.</doc>
<msg timestamp="20231207 21:43:09.980" level="INFO">Clicking button '//*[@class="btn btn-primary btn-sm ms-5"]'.</msg>
<status status="PASS" starttime="20231207 21:43:09.980" endtime="20231207 21:43:10.518"/>
</kw>
<kw name="Sleep" library="BuiltIn">
<arg>2s</arg>
<doc>Pauses the test executed for the given time.</doc>
<msg timestamp="20231207 21:43:12.518" level="INFO">Slept 2 seconds</msg>
<status status="PASS" starttime="20231207 21:43:10.518" endtime="20231207 21:43:12.518"/>
</kw>
<status status="PASS" starttime="20231207 21:43:09.766" endtime="20231207 21:43:12.518"/>
</kw>
<kw name="Sleep" library="BuiltIn">
<arg>2s</arg>
<doc>Pauses the test executed for the given time.</doc>
<msg timestamp="20231207 21:43:14.519" level="INFO">Slept 2 seconds</msg>
<status status="PASS" starttime="20231207 21:43:12.518" endtime="20231207 21:43:14.519"/>
</kw>
<kw name="Capture Page Screenshot" library="SeleniumLibrary">
<doc>Takes a screenshot of the current page and embeds it into a log file.</doc>
<msg timestamp="20231207 21:43:14.744" level="INFO" html="true">&lt;/td&gt;&lt;/tr&gt;&lt;tr&gt;&lt;td colspan="3"&gt;&lt;a href="selenium-screenshot-1.png"&gt;&lt;img src="selenium-screenshot-1.png" width="800px"&gt;&lt;/a&gt;</msg>
<status status="PASS" starttime="20231207 21:43:14.519" endtime="20231207 21:43:14.744"/>
</kw>
<kw name="Close Browser" library="SeleniumLibrary" type="TEARDOWN">
<doc>Closes the current browser.</doc>
<status status="PASS" starttime="20231207 21:43:14.744" endtime="20231207 21:43:16.894"/>
</kw>
<doc>SC03 - Create Data User Management</doc>
<tag>TC01 - Create Data User Management</tag>
<status status="PASS" starttime="20231207 21:42:50.982" endtime="20231207 21:43:16.894"/>
</test>
<doc>SC03 - Create Data User Management</doc>
<status status="PASS" starttime="20231207 21:42:50.828" endtime="20231207 21:43:16.895"/>
</suite>
<statistics>
<total>
<stat pass="1" fail="0" skip="0">All Tests</stat>
</total>
<tag>
<stat pass="1" fail="0" skip="0">TC01 - Create Data User Management</stat>
</tag>
<suite>
<stat pass="1" fail="0" skip="0" id="s1" name="SC03 - Create Data User Management">SC03 - Create Data User Management</stat>
</suite>
</statistics>
<errors>
</errors>
</robot>
