<?xml version="1.0" encoding="UTF-8"?>
<robot generator="Robot 6.1.1 (Python 3.12.0 on win32)" generated="20231208 19:10:46.062" rpa="false" schemaversion="4">
<suite id="s1" name="SC02 - Filter Data Dokumen" source="C:\Users\ReiKa\PycharmProjects\spptti\tests\R04 - Layanan (Dokumen)\SC02 - Filter Data Dokumen\SC02 - Filter Data Dokumen.robot">
<test id="s1-t1" name="TC01 - Filter Data Dokumen" line="8">
<kw name="Open Browser Website" library="login">
<kw name="Open Browser" library="SeleniumLibrary">
<arg>${LOGIN URL}</arg>
<arg>${BROWSER}</arg>
<arg>options=add_argument("--incognito")</arg>
<doc>Opens a new browser instance to the optional ``url``.</doc>
<msg timestamp="20231208 19:10:46.222" level="INFO">Opening browser 'Chrome' to base url 'http://10.31.31.107/sign-in'.</msg>
<status status="PASS" starttime="20231208 19:10:46.222" endtime="20231208 19:10:48.353"/>
</kw>
<kw name="Maximize Browser Window" library="SeleniumLibrary">
<doc>Maximizes current browser window.</doc>
<status status="PASS" starttime="20231208 19:10:48.353" endtime="20231208 19:10:48.471"/>
</kw>
<kw name="Wait Until Page Contains" library="SeleniumLibrary">
<arg>Login</arg>
<doc>Waits until ``text`` appears on the current page.</doc>
<status status="PASS" starttime="20231208 19:10:48.471" endtime="20231208 19:10:48.500"/>
</kw>
<kw name="Set Selenium Speed" library="SeleniumLibrary">
<arg>${SPEED}</arg>
<doc>Sets the delay that is waited after each Selenium command.</doc>
<status status="PASS" starttime="20231208 19:10:48.500" endtime="20231208 19:10:48.501"/>
</kw>
<status status="PASS" starttime="20231208 19:10:46.208" endtime="20231208 19:10:48.501"/>
</kw>
<kw name="Input Email" library="login">
<arg>superadmin@gmail.com</arg>
<kw name="Clear Element Text" library="SeleniumLibrary">
<arg>email</arg>
<doc>Clears the value of the text-input-element identified by ``locator``.</doc>
<status status="PASS" starttime="20231208 19:10:48.501" endtime="20231208 19:10:48.738"/>
</kw>
<kw name="Input Text" library="SeleniumLibrary">
<arg>email</arg>
<arg>${email}</arg>
<doc>Types the given ``text`` into the text field identified by ``locator``.</doc>
<msg timestamp="20231208 19:10:48.738" level="INFO">Typing text 'superadmin@gmail.com' into text field 'email'.</msg>
<status status="PASS" starttime="20231208 19:10:48.738" endtime="20231208 19:10:49.109"/>
</kw>
<kw name="Textfield Value Should Be" library="SeleniumLibrary">
<arg>email</arg>
<arg>${email}</arg>
<doc>Verifies text field ``locator`` has exactly text ``expected``.</doc>
<msg timestamp="20231208 19:10:49.428" level="INFO">Content of text field 'email' is 'superadmin@gmail.com'.</msg>
<status status="PASS" starttime="20231208 19:10:49.109" endtime="20231208 19:10:49.428"/>
</kw>
<status status="PASS" starttime="20231208 19:10:48.501" endtime="20231208 19:10:49.428"/>
</kw>
<kw name="Input Password" library="login">
<arg>Superadmin123*@#</arg>
<kw name="Clear Element Text" library="SeleniumLibrary">
<arg>password</arg>
<doc>Clears the value of the text-input-element identified by ``locator``.</doc>
<status status="PASS" starttime="20231208 19:10:49.428" endtime="20231208 19:10:49.653"/>
</kw>
<kw name="Input Text" library="SeleniumLibrary">
<arg>password</arg>
<arg>${password}</arg>
<doc>Types the given ``text`` into the text field identified by ``locator``.</doc>
<msg timestamp="20231208 19:10:49.653" level="INFO">Typing text 'Superadmin123*@#' into text field 'password'.</msg>
<status status="PASS" starttime="20231208 19:10:49.653" endtime="20231208 19:10:50.000"/>
</kw>
<kw name="Textfield Value Should Be" library="SeleniumLibrary">
<arg>password</arg>
<arg>${password}</arg>
<doc>Verifies text field ``locator`` has exactly text ``expected``.</doc>
<msg timestamp="20231208 19:10:50.319" level="INFO">Content of text field 'password' is 'Superadmin123*@#'.</msg>
<status status="PASS" starttime="20231208 19:10:50.000" endtime="20231208 19:10:50.319"/>
</kw>
<status status="PASS" starttime="20231208 19:10:49.428" endtime="20231208 19:10:50.319"/>
</kw>
<kw name="Click Btn Login" library="login">
<kw name="Wait Until Element Is Visible" library="SeleniumLibrary">
<arg>id:kt_sign_in_submit</arg>
<doc>Waits until the element ``locator`` is visible.</doc>
<status status="PASS" starttime="20231208 19:10:50.319" endtime="20231208 19:10:50.535"/>
</kw>
<kw name="Click Button" library="SeleniumLibrary">
<arg>id:kt_sign_in_submit</arg>
<doc>Clicks the button identified by ``locator``.</doc>
<msg timestamp="20231208 19:10:50.535" level="INFO">Clicking button 'id:kt_sign_in_submit'.</msg>
<status status="PASS" starttime="20231208 19:10:50.535" endtime="20231208 19:10:51.071"/>
</kw>
<kw name="Wait Until Element Is Visible" library="SeleniumLibrary">
<arg>id:swal2-html-container</arg>
<doc>Waits until the element ``locator`` is visible.</doc>
<status status="PASS" starttime="20231208 19:10:51.071" endtime="20231208 19:10:54.651"/>
</kw>
<kw name="Get Text" library="SeleniumLibrary">
<var>${text}</var>
<arg>id:swal2-html-container</arg>
<doc>Returns the text value of the element identified by ``locator``.</doc>
<msg timestamp="20231208 19:10:54.867" level="INFO">${text} = You have successfully logged in!</msg>
<status status="PASS" starttime="20231208 19:10:54.651" endtime="20231208 19:10:54.867"/>
</kw>
<kw name="Run Keyword If" library="BuiltIn">
<arg>'${text} == "You have successfully logged in!"'</arg>
<arg>Press Keys</arg>
<arg>None</arg>
<arg>ENTER</arg>
<arg>Wait Until Location Is</arg>
<arg>http://10.31.31.107/home</arg>
<arg>ELSE IF</arg>
<arg>'${text} == "Gagal Login"'</arg>
<arg>Wait Until Element Contains</arg>
<arg>id:swal2-html-container</arg>
<arg>Gagal Login</arg>
<arg>ELSE</arg>
<arg>Wait Until Element Contains</arg>
<arg>id:swal2-html-container</arg>
<arg>Gagal Login</arg>
<doc>Runs the given keyword with the given arguments, if ``condition`` is true.</doc>
<kw name="Press Keys" library="SeleniumLibrary">
<arg>None</arg>
<arg>ENTER</arg>
<arg>Wait Until Location Is</arg>
<arg>http://10.31.31.107/home</arg>
<doc>Simulates the user pressing key(s) to an element or on the active browser.</doc>
<msg timestamp="20231208 19:10:54.868" level="INFO">Sending key(s) ('ENTER', 'Wait Until Location Is', 'http://10.31.31.107/home') to page.</msg>
<msg timestamp="20231208 19:10:54.868" level="INFO">Pressing special key ENTER to browser.</msg>
<msg timestamp="20231208 19:10:54.868" level="INFO">Releasing special key ENTER.</msg>
<msg timestamp="20231208 19:10:54.975" level="INFO">Sending keys Wait Until Location Is</msg>
<msg timestamp="20231208 19:10:55.227" level="INFO">Sending keys http://10.31.31.107/home</msg>
<status status="PASS" starttime="20231208 19:10:54.867" endtime="20231208 19:10:55.341"/>
</kw>
<status status="PASS" starttime="20231208 19:10:54.867" endtime="20231208 19:10:55.341"/>
</kw>
<status status="PASS" starttime="20231208 19:10:50.319" endtime="20231208 19:10:55.341"/>
</kw>
<kw name="Move To Module Dokumen" library="dokumen">
<kw name="Go To" library="SeleniumLibrary">
<arg>http://10.31.31.107/layanan/dokumen/</arg>
<doc>Navigates the current browser window to the provided ``url``.</doc>
<msg timestamp="20231208 19:10:55.341" level="INFO">Opening url 'http://10.31.31.107/layanan/dokumen/'</msg>
<status status="PASS" starttime="20231208 19:10:55.341" endtime="20231208 19:10:55.583"/>
</kw>
<kw name="Wait Until Location Is" library="SeleniumLibrary">
<arg>http://10.31.31.107/layanan/dokumen/</arg>
<doc>Waits until the current URL is ``expected``.</doc>
<status status="PASS" starttime="20231208 19:10:55.583" endtime="20231208 19:10:55.699"/>
</kw>
<status status="PASS" starttime="20231208 19:10:55.341" endtime="20231208 19:10:55.699"/>
</kw>
<kw name="Click Btn Filter" library="dokumen">
<kw name="Wait Until Element Is Visible" library="SeleniumLibrary">
<arg>//*[@class="fs-4 fw-semibold mb-0 ms-4"]</arg>
<doc>Waits until the element ``locator`` is visible.</doc>
<status status="PASS" starttime="20231208 19:10:55.699" endtime="20231208 19:10:55.914"/>
</kw>
<kw name="Click Element" library="SeleniumLibrary">
<arg>//*[@class="fs-4 fw-semibold mb-0 ms-4"]</arg>
<doc>Click the element identified by ``locator``.</doc>
<msg timestamp="20231208 19:10:55.914" level="INFO">Clicking element '//*[@class="fs-4 fw-semibold mb-0 ms-4"]'.</msg>
<status status="PASS" starttime="20231208 19:10:55.914" endtime="20231208 19:10:56.145"/>
</kw>
<kw name="Wait Until Element Is Visible" library="SeleniumLibrary">
<arg>name:tx_id</arg>
<doc>Waits until the element ``locator`` is visible.</doc>
<status status="PASS" starttime="20231208 19:10:56.145" endtime="20231208 19:10:56.364"/>
</kw>
<status status="PASS" starttime="20231208 19:10:55.699" endtime="20231208 19:10:56.364"/>
</kw>
<kw name="Input TX ID" library="dokumen">
<arg>2035f510-3a50-4748-8fc0-b1be90d3e855</arg>
<kw name="Wait Until Element Is Visible" library="SeleniumLibrary">
<arg>name:tx_id</arg>
<doc>Waits until the element ``locator`` is visible.</doc>
<status status="PASS" starttime="20231208 19:10:56.364" endtime="20231208 19:10:56.576"/>
</kw>
<kw name="Input Text" library="SeleniumLibrary">
<arg>name:tx_id</arg>
<arg>${param}</arg>
<doc>Types the given ``text`` into the text field identified by ``locator``.</doc>
<msg timestamp="20231208 19:10:56.576" level="INFO">Typing text '2035f510-3a50-4748-8fc0-b1be90d3e855' into text field 'name:tx_id'.</msg>
<status status="PASS" starttime="20231208 19:10:56.576" endtime="20231208 19:10:56.941"/>
</kw>
<kw name="Textfield Value Should Be" library="SeleniumLibrary">
<arg>name:tx_id</arg>
<arg>${param}</arg>
<doc>Verifies text field ``locator`` has exactly text ``expected``.</doc>
<msg timestamp="20231208 19:10:57.365" level="INFO">Content of text field 'name:tx_id' is '2035f510-3a50-4748-8fc0-b1be90d3e855'.</msg>
<status status="PASS" starttime="20231208 19:10:56.941" endtime="20231208 19:10:57.365"/>
</kw>
<status status="PASS" starttime="20231208 19:10:56.364" endtime="20231208 19:10:57.365"/>
</kw>
<kw name="Input No Dokumen" library="dokumen">
<arg>33/pid.b/2019/pn tng</arg>
<kw name="Wait Until Element Is Visible" library="SeleniumLibrary">
<arg>name:nomor</arg>
<doc>Waits until the element ``locator`` is visible.</doc>
<status status="PASS" starttime="20231208 19:10:57.365" endtime="20231208 19:10:57.581"/>
</kw>
<kw name="Input Text" library="SeleniumLibrary">
<arg>name:nomor</arg>
<arg>${param}</arg>
<doc>Types the given ``text`` into the text field identified by ``locator``.</doc>
<msg timestamp="20231208 19:10:57.581" level="INFO">Typing text '33/pid.b/2019/pn tng' into text field 'name:nomor'.</msg>
<status status="PASS" starttime="20231208 19:10:57.581" endtime="20231208 19:10:57.934"/>
</kw>
<kw name="Textfield Value Should Be" library="SeleniumLibrary">
<arg>name:nomor</arg>
<arg>${param}</arg>
<doc>Verifies text field ``locator`` has exactly text ``expected``.</doc>
<msg timestamp="20231208 19:10:58.358" level="INFO">Content of text field 'name:nomor' is '33/pid.b/2019/pn tng'.</msg>
<status status="PASS" starttime="20231208 19:10:57.934" endtime="20231208 19:10:58.358"/>
</kw>
<status status="PASS" starttime="20231208 19:10:57.365" endtime="20231208 19:10:58.358"/>
</kw>
<kw name="Input Kode Satker Penerima" library="dokumen">
<arg>005.097598</arg>
<kw name="Wait Until Element Is Visible" library="SeleniumLibrary">
<arg>name:kode_satker_pengirim</arg>
<doc>Waits until the element ``locator`` is visible.</doc>
<status status="PASS" starttime="20231208 19:10:58.358" endtime="20231208 19:10:58.572"/>
</kw>
<kw name="Input Text" library="SeleniumLibrary">
<arg>name:kode_satker_pengirim</arg>
<arg>${param}</arg>
<doc>Types the given ``text`` into the text field identified by ``locator``.</doc>
<msg timestamp="20231208 19:10:58.572" level="INFO">Typing text '005.097598' into text field 'name:kode_satker_pengirim'.</msg>
<status status="PASS" starttime="20231208 19:10:58.572" endtime="20231208 19:10:58.923"/>
</kw>
<kw name="Textfield Value Should Be" library="SeleniumLibrary">
<arg>name:kode_satker_pengirim</arg>
<arg>${param}</arg>
<doc>Verifies text field ``locator`` has exactly text ``expected``.</doc>
<msg timestamp="20231208 19:10:59.763" level="INFO">Content of text field 'name:kode_satker_pengirim' is '005.097598'.</msg>
<status status="PASS" starttime="20231208 19:10:58.923" endtime="20231208 19:10:59.763"/>
</kw>
<status status="PASS" starttime="20231208 19:10:58.358" endtime="20231208 19:10:59.763"/>
</kw>
<kw name="Click Btn Apply" library="dokumen">
<kw name="Wait Until Element Is Visible" library="SeleniumLibrary">
<arg>//*[@class="btn btn-sm btn-lg btn-primary mb-5"]</arg>
<doc>Waits until the element ``locator`` is visible.</doc>
<status status="PASS" starttime="20231208 19:10:59.763" endtime="20231208 19:10:59.978"/>
</kw>
<kw name="Click Button" library="SeleniumLibrary">
<arg>default:Apply</arg>
<doc>Clicks the button identified by ``locator``.</doc>
<msg timestamp="20231208 19:10:59.978" level="INFO">Clicking button 'default:Apply'.</msg>
<status status="PASS" starttime="20231208 19:10:59.978" endtime="20231208 19:11:00.418"/>
</kw>
<kw name="Sleep" library="BuiltIn">
<arg>3s</arg>
<doc>Pauses the test executed for the given time.</doc>
<msg timestamp="20231208 19:11:03.418" level="INFO">Slept 3 seconds</msg>
<status status="PASS" starttime="20231208 19:11:00.418" endtime="20231208 19:11:03.418"/>
</kw>
<status status="PASS" starttime="20231208 19:10:59.763" endtime="20231208 19:11:03.418"/>
</kw>
<kw name="Sleep" library="BuiltIn">
<arg>2s</arg>
<doc>Pauses the test executed for the given time.</doc>
<msg timestamp="20231208 19:11:05.419" level="INFO">Slept 2 seconds</msg>
<status status="PASS" starttime="20231208 19:11:03.418" endtime="20231208 19:11:05.419"/>
</kw>
<kw name="Capture Page Screenshot" library="SeleniumLibrary">
<doc>Takes a screenshot of the current page and embeds it into a log file.</doc>
<msg timestamp="20231208 19:11:05.722" level="INFO" html="true">&lt;/td&gt;&lt;/tr&gt;&lt;tr&gt;&lt;td colspan="3"&gt;&lt;a href="selenium-screenshot-1.png"&gt;&lt;img src="selenium-screenshot-1.png" width="800px"&gt;&lt;/a&gt;</msg>
<status status="PASS" starttime="20231208 19:11:05.419" endtime="20231208 19:11:05.722"/>
</kw>
<kw name="Close Browser" library="SeleniumLibrary" type="TEARDOWN">
<doc>Closes the current browser.</doc>
<status status="PASS" starttime="20231208 19:11:05.722" endtime="20231208 19:11:07.870"/>
</kw>
<doc>SC02 - Filter Data Dokumen</doc>
<tag>TC01 - Filter Data Dokumen</tag>
<status status="PASS" starttime="20231208 19:10:46.208" endtime="20231208 19:11:07.870"/>
</test>
<doc>SC02 - Filter Data Dokumen</doc>
<status status="PASS" starttime="20231208 19:10:46.062" endtime="20231208 19:11:07.870"/>
</suite>
<statistics>
<total>
<stat pass="1" fail="0" skip="0">All Tests</stat>
</total>
<tag>
<stat pass="1" fail="0" skip="0">TC01 - Filter Data Dokumen</stat>
</tag>
<suite>
<stat pass="1" fail="0" skip="0" id="s1" name="SC02 - Filter Data Dokumen">SC02 - Filter Data Dokumen</stat>
</suite>
</statistics>
<errors>
</errors>
</robot>
