<?xml version="1.0" encoding="UTF-8"?>
<robot generator="Robot 6.1.1 (Python 3.12.0 on win32)" generated="20231207 21:47:08.048" rpa="false" schemaversion="4">
<suite id="s1" name="SC05 - Update Data User Management" source="C:\Users\ReiKa\PycharmProjects\spptti\tests\R08 - User Management\SC05 - Update Data User Management\SC05 - Update Data User Management.robot">
<test id="s1-t1" name="TC01 - Update Data User Management" line="8">
<kw name="Open Browser Website" library="login">
<kw name="Open Browser" library="SeleniumLibrary">
<arg>${LOGIN URL}</arg>
<arg>${BROWSER}</arg>
<arg>options=add_argument("--incognito")</arg>
<doc>Opens a new browser instance to the optional ``url``.</doc>
<msg timestamp="20231207 21:47:08.208" level="INFO">Opening browser 'Chrome' to base url 'http://10.31.31.107/sign-in'.</msg>
<status status="PASS" starttime="20231207 21:47:08.207" endtime="20231207 21:47:10.862"/>
</kw>
<kw name="Maximize Browser Window" library="SeleniumLibrary">
<doc>Maximizes current browser window.</doc>
<status status="PASS" starttime="20231207 21:47:10.862" endtime="20231207 21:47:10.983"/>
</kw>
<kw name="Wait Until Page Contains" library="SeleniumLibrary">
<arg>Login</arg>
<doc>Waits until ``text`` appears on the current page.</doc>
<status status="PASS" starttime="20231207 21:47:10.983" endtime="20231207 21:47:10.991"/>
</kw>
<kw name="Set Selenium Speed" library="SeleniumLibrary">
<arg>${SPEED}</arg>
<doc>Sets the delay that is waited after each Selenium command.</doc>
<status status="PASS" starttime="20231207 21:47:10.991" endtime="20231207 21:47:10.991"/>
</kw>
<status status="PASS" starttime="20231207 21:47:08.207" endtime="20231207 21:47:10.991"/>
</kw>
<kw name="Input Email" library="login">
<arg>superadmin@gmail.com</arg>
<kw name="Clear Element Text" library="SeleniumLibrary">
<arg>email</arg>
<doc>Clears the value of the text-input-element identified by ``locator``.</doc>
<status status="PASS" starttime="20231207 21:47:10.992" endtime="20231207 21:47:11.222"/>
</kw>
<kw name="Input Text" library="SeleniumLibrary">
<arg>email</arg>
<arg>${email}</arg>
<doc>Types the given ``text`` into the text field identified by ``locator``.</doc>
<msg timestamp="20231207 21:47:11.222" level="INFO">Typing text 'superadmin@gmail.com' into text field 'email'.</msg>
<status status="PASS" starttime="20231207 21:47:11.222" endtime="20231207 21:47:11.576"/>
</kw>
<kw name="Textfield Value Should Be" library="SeleniumLibrary">
<arg>email</arg>
<arg>${email}</arg>
<doc>Verifies text field ``locator`` has exactly text ``expected``.</doc>
<msg timestamp="20231207 21:47:11.895" level="INFO">Content of text field 'email' is 'superadmin@gmail.com'.</msg>
<status status="PASS" starttime="20231207 21:47:11.576" endtime="20231207 21:47:11.895"/>
</kw>
<status status="PASS" starttime="20231207 21:47:10.991" endtime="20231207 21:47:11.895"/>
</kw>
<kw name="Input Password" library="login">
<arg>Superadmin123*@#</arg>
<kw name="Clear Element Text" library="SeleniumLibrary">
<arg>password</arg>
<doc>Clears the value of the text-input-element identified by ``locator``.</doc>
<status status="PASS" starttime="20231207 21:47:11.895" endtime="20231207 21:47:12.121"/>
</kw>
<kw name="Input Text" library="SeleniumLibrary">
<arg>password</arg>
<arg>${password}</arg>
<doc>Types the given ``text`` into the text field identified by ``locator``.</doc>
<msg timestamp="20231207 21:47:12.121" level="INFO">Typing text 'Superadmin123*@#' into text field 'password'.</msg>
<status status="PASS" starttime="20231207 21:47:12.121" endtime="20231207 21:47:12.471"/>
</kw>
<kw name="Textfield Value Should Be" library="SeleniumLibrary">
<arg>password</arg>
<arg>${password}</arg>
<doc>Verifies text field ``locator`` has exactly text ``expected``.</doc>
<msg timestamp="20231207 21:47:12.788" level="INFO">Content of text field 'password' is 'Superadmin123*@#'.</msg>
<status status="PASS" starttime="20231207 21:47:12.471" endtime="20231207 21:47:12.788"/>
</kw>
<status status="PASS" starttime="20231207 21:47:11.895" endtime="20231207 21:47:12.788"/>
</kw>
<kw name="Click Btn Login" library="login">
<kw name="Wait Until Element Is Visible" library="SeleniumLibrary">
<arg>id:kt_sign_in_submit</arg>
<doc>Waits until the element ``locator`` is visible.</doc>
<status status="PASS" starttime="20231207 21:47:12.788" endtime="20231207 21:47:13.003"/>
</kw>
<kw name="Click Button" library="SeleniumLibrary">
<arg>id:kt_sign_in_submit</arg>
<doc>Clicks the button identified by ``locator``.</doc>
<msg timestamp="20231207 21:47:13.003" level="INFO">Clicking button 'id:kt_sign_in_submit'.</msg>
<status status="PASS" starttime="20231207 21:47:13.003" endtime="20231207 21:47:13.537"/>
</kw>
<kw name="Wait Until Element Is Visible" library="SeleniumLibrary">
<arg>id:swal2-html-container</arg>
<doc>Waits until the element ``locator`` is visible.</doc>
<status status="PASS" starttime="20231207 21:47:13.537" endtime="20231207 21:47:16.802"/>
</kw>
<kw name="Get Text" library="SeleniumLibrary">
<var>${text}</var>
<arg>id:swal2-html-container</arg>
<doc>Returns the text value of the element identified by ``locator``.</doc>
<msg timestamp="20231207 21:47:17.016" level="INFO">${text} = You have successfully logged in!</msg>
<status status="PASS" starttime="20231207 21:47:16.802" endtime="20231207 21:47:17.016"/>
</kw>
<kw name="Run Keyword If" library="BuiltIn">
<arg>'${text} == "You have successfully logged in!"'</arg>
<arg>Press Keys</arg>
<arg>None</arg>
<arg>ENTER</arg>
<arg>Wait Until Location Is</arg>
<arg>http://10.31.31.107/home</arg>
<arg>ELSE IF</arg>
<arg>'${text} == "Gagal Login"'</arg>
<arg>Wait Until Element Contains</arg>
<arg>id:swal2-html-container</arg>
<arg>Gagal Login</arg>
<arg>ELSE</arg>
<arg>Wait Until Element Contains</arg>
<arg>id:swal2-html-container</arg>
<arg>Gagal Login</arg>
<doc>Runs the given keyword with the given arguments, if ``condition`` is true.</doc>
<kw name="Press Keys" library="SeleniumLibrary">
<arg>None</arg>
<arg>ENTER</arg>
<arg>Wait Until Location Is</arg>
<arg>http://10.31.31.107/home</arg>
<doc>Simulates the user pressing key(s) to an element or on the active browser.</doc>
<msg timestamp="20231207 21:47:17.017" level="INFO">Sending key(s) ('ENTER', 'Wait Until Location Is', 'http://10.31.31.107/home') to page.</msg>
<msg timestamp="20231207 21:47:17.017" level="INFO">Pressing special key ENTER to browser.</msg>
<msg timestamp="20231207 21:47:17.017" level="INFO">Releasing special key ENTER.</msg>
<msg timestamp="20231207 21:47:17.124" level="INFO">Sending keys Wait Until Location Is</msg>
<msg timestamp="20231207 21:47:17.351" level="INFO">Sending keys http://10.31.31.107/home</msg>
<status status="PASS" starttime="20231207 21:47:17.016" endtime="20231207 21:47:17.465"/>
</kw>
<status status="PASS" starttime="20231207 21:47:17.016" endtime="20231207 21:47:17.465"/>
</kw>
<status status="PASS" starttime="20231207 21:47:12.788" endtime="20231207 21:47:17.465"/>
</kw>
<kw name="Move To Module User Management" library="user_management">
<kw name="Go To" library="SeleniumLibrary">
<arg>http://10.31.31.107/user-management</arg>
<doc>Navigates the current browser window to the provided ``url``.</doc>
<msg timestamp="20231207 21:47:17.465" level="INFO">Opening url 'http://10.31.31.107/user-management'</msg>
<status status="PASS" starttime="20231207 21:47:17.465" endtime="20231207 21:47:17.791"/>
</kw>
<kw name="Wait Until Location Is" library="SeleniumLibrary">
<arg>http://10.31.31.107/user-management</arg>
<doc>Waits until the current URL is ``expected``.</doc>
<status status="PASS" starttime="20231207 21:47:17.791" endtime="20231207 21:47:17.894"/>
</kw>
<status status="PASS" starttime="20231207 21:47:17.465" endtime="20231207 21:47:17.894"/>
</kw>
<kw name="Click Icon Edit" library="user_management">
<kw name="Wait Until Element Is Visible" library="SeleniumLibrary">
<arg>//*[@class="ki-solid ki-pencil fs-5"]</arg>
<doc>Waits until the element ``locator`` is visible.</doc>
<status status="PASS" starttime="20231207 21:47:17.894" endtime="20231207 21:47:19.330"/>
</kw>
<kw name="Click Element" library="SeleniumLibrary">
<arg>//*[@class="ki-solid ki-pencil fs-5"]</arg>
<doc>Click the element identified by ``locator``.</doc>
<msg timestamp="20231207 21:47:19.330" level="INFO">Clicking element '//*[@class="ki-solid ki-pencil fs-5"]'.</msg>
<status status="PASS" starttime="20231207 21:47:19.330" endtime="20231207 21:47:19.616"/>
</kw>
<kw name="Wait Until Page Contains" library="SeleniumLibrary">
<arg>Edit Data</arg>
<doc>Waits until ``text`` appears on the current page.</doc>
<status status="PASS" starttime="20231207 21:47:19.616" endtime="20231207 21:47:19.726"/>
</kw>
<status status="PASS" starttime="20231207 21:47:17.894" endtime="20231207 21:47:19.726"/>
</kw>
<kw name="Input Nama Lengkap" library="user_management">
<arg>Rian Cahyadi</arg>
<kw name="Wait Until Element Is Visible" library="SeleniumLibrary">
<arg>name:username</arg>
<doc>Waits until the element ``locator`` is visible.</doc>
<status status="PASS" starttime="20231207 21:47:19.726" endtime="20231207 21:47:19.940"/>
</kw>
<kw name="Clear Element Text" library="SeleniumLibrary">
<arg>name:username</arg>
<doc>Clears the value of the text-input-element identified by ``locator``.</doc>
<status status="PASS" starttime="20231207 21:47:19.940" endtime="20231207 21:47:20.164"/>
</kw>
<kw name="Input Text" library="SeleniumLibrary">
<arg>name:username</arg>
<arg>${param}</arg>
<doc>Types the given ``text`` into the text field identified by ``locator``.</doc>
<msg timestamp="20231207 21:47:20.164" level="INFO">Typing text 'Rian Cahyadi' into text field 'name:username'.</msg>
<status status="PASS" starttime="20231207 21:47:20.164" endtime="20231207 21:47:20.543"/>
</kw>
<kw name="Textfield Value Should Be" library="SeleniumLibrary">
<arg>name:username</arg>
<arg>${param}</arg>
<doc>Verifies text field ``locator`` has exactly text ``expected``.</doc>
<msg timestamp="20231207 21:47:20.963" level="INFO">Content of text field 'name:username' is 'Rian Cahyadi'.</msg>
<status status="PASS" starttime="20231207 21:47:20.543" endtime="20231207 21:47:20.963"/>
</kw>
<status status="PASS" starttime="20231207 21:47:19.726" endtime="20231207 21:47:20.963"/>
</kw>
<kw name="Input Email" library="user_management">
<arg>rian.cahyadi@yopmail.com</arg>
<kw name="Wait Until Element Is Visible" library="SeleniumLibrary">
<arg>name:email</arg>
<doc>Waits until the element ``locator`` is visible.</doc>
<status status="PASS" starttime="20231207 21:47:20.963" endtime="20231207 21:47:21.177"/>
</kw>
<kw name="Clear Element Text" library="SeleniumLibrary">
<arg>name:email</arg>
<doc>Clears the value of the text-input-element identified by ``locator``.</doc>
<status status="PASS" starttime="20231207 21:47:21.177" endtime="20231207 21:47:21.401"/>
</kw>
<kw name="Input Text" library="SeleniumLibrary">
<arg>name:email</arg>
<arg>${param}</arg>
<doc>Types the given ``text`` into the text field identified by ``locator``.</doc>
<msg timestamp="20231207 21:47:21.401" level="INFO">Typing text 'rian.cahyadi@yopmail.com' into text field 'name:email'.</msg>
<status status="PASS" starttime="20231207 21:47:21.401" endtime="20231207 21:47:21.815"/>
</kw>
<kw name="Textfield Value Should Be" library="SeleniumLibrary">
<arg>name:email</arg>
<arg>${param}</arg>
<doc>Verifies text field ``locator`` has exactly text ``expected``.</doc>
<msg timestamp="20231207 21:47:22.233" level="INFO">Content of text field 'name:email' is 'rian.cahyadi@yopmail.com'.</msg>
<status status="PASS" starttime="20231207 21:47:21.815" endtime="20231207 21:47:22.233"/>
</kw>
<status status="PASS" starttime="20231207 21:47:20.963" endtime="20231207 21:47:22.233"/>
</kw>
<kw name="Input No Telephone" library="user_management">
<arg>087794875831</arg>
<kw name="Wait Until Element Is Visible" library="SeleniumLibrary">
<arg>name:phone</arg>
<doc>Waits until the element ``locator`` is visible.</doc>
<status status="PASS" starttime="20231207 21:47:22.233" endtime="20231207 21:47:22.447"/>
</kw>
<kw name="Clear Element Text" library="SeleniumLibrary">
<arg>name:phone</arg>
<doc>Clears the value of the text-input-element identified by ``locator``.</doc>
<status status="PASS" starttime="20231207 21:47:22.447" endtime="20231207 21:47:22.671"/>
</kw>
<kw name="Input Text" library="SeleniumLibrary">
<arg>name:phone</arg>
<arg>${param}</arg>
<doc>Types the given ``text`` into the text field identified by ``locator``.</doc>
<msg timestamp="20231207 21:47:22.671" level="INFO">Typing text '087794875831' into text field 'name:phone'.</msg>
<status status="PASS" starttime="20231207 21:47:22.671" endtime="20231207 21:47:23.053"/>
</kw>
<kw name="Textfield Value Should Be" library="SeleniumLibrary">
<arg>name:phone</arg>
<arg>${param}</arg>
<doc>Verifies text field ``locator`` has exactly text ``expected``.</doc>
<msg timestamp="20231207 21:47:23.471" level="INFO">Content of text field 'name:phone' is '087794875831'.</msg>
<status status="PASS" starttime="20231207 21:47:23.053" endtime="20231207 21:47:23.471"/>
</kw>
<status status="PASS" starttime="20231207 21:47:22.233" endtime="20231207 21:47:23.471"/>
</kw>
<kw name="Input Kata Sandi" library="user_management">
<arg>P@55word12</arg>
<kw name="Wait Until Element Is Visible" library="SeleniumLibrary">
<arg>name:password</arg>
<doc>Waits until the element ``locator`` is visible.</doc>
<status status="PASS" starttime="20231207 21:47:23.471" endtime="20231207 21:47:23.685"/>
</kw>
<kw name="Clear Element Text" library="SeleniumLibrary">
<arg>name:password</arg>
<doc>Clears the value of the text-input-element identified by ``locator``.</doc>
<status status="PASS" starttime="20231207 21:47:23.685" endtime="20231207 21:47:23.903"/>
</kw>
<kw name="Input Text" library="SeleniumLibrary">
<arg>name:password</arg>
<arg>${param}</arg>
<doc>Types the given ``text`` into the text field identified by ``locator``.</doc>
<msg timestamp="20231207 21:47:23.903" level="INFO">Typing text 'P@55word12' into text field 'name:password'.</msg>
<status status="PASS" starttime="20231207 21:47:23.903" endtime="20231207 21:47:24.273"/>
</kw>
<kw name="Textfield Value Should Be" library="SeleniumLibrary">
<arg>name:password</arg>
<arg>${param}</arg>
<doc>Verifies text field ``locator`` has exactly text ``expected``.</doc>
<msg timestamp="20231207 21:47:24.693" level="INFO">Content of text field 'name:password' is 'P@55word12'.</msg>
<status status="PASS" starttime="20231207 21:47:24.273" endtime="20231207 21:47:24.693"/>
</kw>
<status status="PASS" starttime="20231207 21:47:23.471" endtime="20231207 21:47:24.693"/>
</kw>
<kw name="Input Konfirmasi Kata Sandi" library="user_management">
<arg>P@55word12</arg>
<kw name="Wait Until Element Is Visible" library="SeleniumLibrary">
<arg>name:passwordconf</arg>
<doc>Waits until the element ``locator`` is visible.</doc>
<status status="PASS" starttime="20231207 21:47:24.693" endtime="20231207 21:47:24.907"/>
</kw>
<kw name="Clear Element Text" library="SeleniumLibrary">
<arg>name:passwordconf</arg>
<doc>Clears the value of the text-input-element identified by ``locator``.</doc>
<status status="PASS" starttime="20231207 21:47:24.907" endtime="20231207 21:47:25.125"/>
</kw>
<kw name="Input Text" library="SeleniumLibrary">
<arg>name:passwordconf</arg>
<arg>${param}</arg>
<doc>Types the given ``text`` into the text field identified by ``locator``.</doc>
<msg timestamp="20231207 21:47:25.125" level="INFO">Typing text 'P@55word12' into text field 'name:passwordconf'.</msg>
<status status="PASS" starttime="20231207 21:47:25.125" endtime="20231207 21:47:25.498"/>
</kw>
<kw name="Textfield Value Should Be" library="SeleniumLibrary">
<arg>name:passwordconf</arg>
<arg>${param}</arg>
<doc>Verifies text field ``locator`` has exactly text ``expected``.</doc>
<msg timestamp="20231207 21:47:25.918" level="INFO">Content of text field 'name:passwordconf' is 'P@55word12'.</msg>
<status status="PASS" starttime="20231207 21:47:25.498" endtime="20231207 21:47:25.918"/>
</kw>
<status status="PASS" starttime="20231207 21:47:24.693" endtime="20231207 21:47:25.918"/>
</kw>
<kw name="Select Jenis Role" library="user_management">
<arg>Superadmin</arg>
<kw name="Wait Until Element Is Visible" library="SeleniumLibrary">
<arg>//*[@class="el-select__input is-large"]</arg>
<doc>Waits until the element ``locator`` is visible.</doc>
<status status="PASS" starttime="20231207 21:47:25.918" endtime="20231207 21:47:26.133"/>
</kw>
<kw name="Click Element" library="SeleniumLibrary">
<arg>//*[@class="el-select__input is-large"]</arg>
<doc>Click the element identified by ``locator``.</doc>
<msg timestamp="20231207 21:47:26.133" level="INFO">Clicking element '//*[@class="el-select__input is-large"]'.</msg>
<status status="PASS" starttime="20231207 21:47:26.133" endtime="20231207 21:47:26.378"/>
</kw>
<kw name="Press Keys" library="SeleniumLibrary">
<arg>None</arg>
<arg>${param}</arg>
<doc>Simulates the user pressing key(s) to an element or on the active browser.</doc>
<msg timestamp="20231207 21:47:26.378" level="INFO">Sending key(s) ('Superadmin',) to page.</msg>
<msg timestamp="20231207 21:47:26.378" level="INFO">Sending keys Superadmin</msg>
<status status="PASS" starttime="20231207 21:47:26.378" endtime="20231207 21:47:26.533"/>
</kw>
<kw name="Sleep" library="BuiltIn">
<arg>0.5s</arg>
<doc>Pauses the test executed for the given time.</doc>
<msg timestamp="20231207 21:47:27.033" level="INFO">Slept 500 milliseconds</msg>
<status status="PASS" starttime="20231207 21:47:26.533" endtime="20231207 21:47:27.033"/>
</kw>
<kw name="Press Keys" library="SeleniumLibrary">
<arg>None</arg>
<arg>ENTER</arg>
<doc>Simulates the user pressing key(s) to an element or on the active browser.</doc>
<msg timestamp="20231207 21:47:27.033" level="INFO">Sending key(s) ('ENTER',) to page.</msg>
<msg timestamp="20231207 21:47:27.033" level="INFO">Pressing special key ENTER to browser.</msg>
<msg timestamp="20231207 21:47:27.033" level="INFO">Releasing special key ENTER.</msg>
<status status="PASS" starttime="20231207 21:47:27.033" endtime="20231207 21:47:27.138"/>
</kw>
<status status="PASS" starttime="20231207 21:47:25.918" endtime="20231207 21:47:27.138"/>
</kw>
<kw name="Select Nama Instansi" library="user_management">
<arg>Mahkamah Agung</arg>
<kw name="Wait Until Element Is Visible" library="SeleniumLibrary">
<arg>name:id_ref_jenis_aph</arg>
<doc>Waits until the element ``locator`` is visible.</doc>
<status status="PASS" starttime="20231207 21:47:27.138" endtime="20231207 21:47:27.352"/>
</kw>
<kw name="Click Element" library="SeleniumLibrary">
<arg>name:id_ref_jenis_aph</arg>
<doc>Click the element identified by ``locator``.</doc>
<msg timestamp="20231207 21:47:27.352" level="INFO">Clicking element 'name:id_ref_jenis_aph'.</msg>
<status status="PASS" starttime="20231207 21:47:27.352" endtime="20231207 21:47:27.590"/>
</kw>
<kw name="Press Keys" library="SeleniumLibrary">
<arg>None</arg>
<arg>${param}</arg>
<doc>Simulates the user pressing key(s) to an element or on the active browser.</doc>
<msg timestamp="20231207 21:47:27.590" level="INFO">Sending key(s) ('Mahkamah Agung',) to page.</msg>
<msg timestamp="20231207 21:47:27.590" level="INFO">Sending keys Mahkamah Agung</msg>
<status status="PASS" starttime="20231207 21:47:27.590" endtime="20231207 21:47:27.734"/>
</kw>
<kw name="Sleep" library="BuiltIn">
<arg>0.5s</arg>
<doc>Pauses the test executed for the given time.</doc>
<msg timestamp="20231207 21:47:28.235" level="INFO">Slept 500 milliseconds</msg>
<status status="PASS" starttime="20231207 21:47:27.734" endtime="20231207 21:47:28.235"/>
</kw>
<kw name="Press Keys" library="SeleniumLibrary">
<arg>None</arg>
<arg>ENTER</arg>
<doc>Simulates the user pressing key(s) to an element or on the active browser.</doc>
<msg timestamp="20231207 21:47:28.235" level="INFO">Sending key(s) ('ENTER',) to page.</msg>
<msg timestamp="20231207 21:47:28.235" level="INFO">Pressing special key ENTER to browser.</msg>
<msg timestamp="20231207 21:47:28.235" level="INFO">Releasing special key ENTER.</msg>
<status status="PASS" starttime="20231207 21:47:28.235" endtime="20231207 21:47:28.346"/>
</kw>
<status status="PASS" starttime="20231207 21:47:27.138" endtime="20231207 21:47:28.346"/>
</kw>
<kw name="Click Status" library="user_management">
<kw name="Wait Until Element Is Visible" library="SeleniumLibrary">
<arg>name:billing</arg>
<doc>Waits until the element ``locator`` is visible.</doc>
<status status="PASS" starttime="20231207 21:47:28.346" endtime="20231207 21:47:28.559"/>
</kw>
<kw name="Click Element" library="SeleniumLibrary">
<arg>name:billing</arg>
<doc>Click the element identified by ``locator``.</doc>
<msg timestamp="20231207 21:47:28.559" level="INFO">Clicking element 'name:billing'.</msg>
<status status="PASS" starttime="20231207 21:47:28.559" endtime="20231207 21:47:28.791"/>
</kw>
<status status="PASS" starttime="20231207 21:47:28.346" endtime="20231207 21:47:28.791"/>
</kw>
<kw name="Click Btn Submit" library="user_management">
<kw name="Wait Until Element Is Visible" library="SeleniumLibrary">
<arg>//*[@class="btn btn-primary btn-sm ms-5"]</arg>
<doc>Waits until the element ``locator`` is visible.</doc>
<status status="PASS" starttime="20231207 21:47:28.791" endtime="20231207 21:47:29.005"/>
</kw>
<kw name="Click Button" library="SeleniumLibrary">
<arg>//*[@class="btn btn-primary btn-sm ms-5"]</arg>
<doc>Clicks the button identified by ``locator``.</doc>
<msg timestamp="20231207 21:47:29.005" level="INFO">Clicking button '//*[@class="btn btn-primary btn-sm ms-5"]'.</msg>
<status status="PASS" starttime="20231207 21:47:29.005" endtime="20231207 21:47:29.542"/>
</kw>
<kw name="Sleep" library="BuiltIn">
<arg>2s</arg>
<doc>Pauses the test executed for the given time.</doc>
<msg timestamp="20231207 21:47:31.543" level="INFO">Slept 2 seconds</msg>
<status status="PASS" starttime="20231207 21:47:29.542" endtime="20231207 21:47:31.543"/>
</kw>
<status status="PASS" starttime="20231207 21:47:28.791" endtime="20231207 21:47:31.543"/>
</kw>
<kw name="Sleep" library="BuiltIn">
<arg>2s</arg>
<doc>Pauses the test executed for the given time.</doc>
<msg timestamp="20231207 21:47:33.543" level="INFO">Slept 2 seconds</msg>
<status status="PASS" starttime="20231207 21:47:31.543" endtime="20231207 21:47:33.543"/>
</kw>
<kw name="Capture Page Screenshot" library="SeleniumLibrary">
<doc>Takes a screenshot of the current page and embeds it into a log file.</doc>
<msg timestamp="20231207 21:47:33.771" level="INFO" html="true">&lt;/td&gt;&lt;/tr&gt;&lt;tr&gt;&lt;td colspan="3"&gt;&lt;a href="selenium-screenshot-1.png"&gt;&lt;img src="selenium-screenshot-1.png" width="800px"&gt;&lt;/a&gt;</msg>
<status status="PASS" starttime="20231207 21:47:33.543" endtime="20231207 21:47:33.771"/>
</kw>
<kw name="Close Browser" library="SeleniumLibrary" type="TEARDOWN">
<doc>Closes the current browser.</doc>
<status status="PASS" starttime="20231207 21:47:33.771" endtime="20231207 21:47:35.915"/>
</kw>
<doc>SC05 - Update Data User Management</doc>
<tag>TC01 - Update Data User Management</tag>
<status status="PASS" starttime="20231207 21:47:08.206" endtime="20231207 21:47:35.915"/>
</test>
<doc>SC05 - Update Data User Management</doc>
<status status="PASS" starttime="20231207 21:47:08.049" endtime="20231207 21:47:35.916"/>
</suite>
<statistics>
<total>
<stat pass="1" fail="0" skip="0">All Tests</stat>
</total>
<tag>
<stat pass="1" fail="0" skip="0">TC01 - Update Data User Management</stat>
</tag>
<suite>
<stat pass="1" fail="0" skip="0" id="s1" name="SC05 - Update Data User Management">SC05 - Update Data User Management</stat>
</suite>
</statistics>
<errors>
</errors>
</robot>
