<?xml version="1.0" encoding="UTF-8"?>
<robot generator="Robot 6.1.1 (Python 3.12.0 on win32)" generated="20231206 18:14:27.485" rpa="false" schemaversion="4">
<suite id="s1" name="SC03 - Create Data Manajemen Modul" source="C:\Users\ReiKa\PycharmProjects\spptti\tests\R05 - Management Module\SC03 - Create Data Manajemen Modul\SC03 - Create Data Manajemen Modul.robot">
<test id="s1-t1" name="TC01 - Create Data Manajemen Modul" line="8">
<kw name="Open Browser Website" library="login">
<kw name="Open Browser" library="SeleniumLibrary">
<arg>${LOGIN URL}</arg>
<arg>${BROWSER}</arg>
<arg>options=add_argument("--incognito")</arg>
<doc>Opens a new browser instance to the optional ``url``.</doc>
<msg timestamp="20231206 18:14:27.644" level="INFO">Opening browser 'Chrome' to base url 'http://10.31.31.107/sign-in'.</msg>
<status status="PASS" starttime="20231206 18:14:27.644" endtime="20231206 18:14:29.785"/>
</kw>
<kw name="Maximize Browser Window" library="SeleniumLibrary">
<doc>Maximizes current browser window.</doc>
<status status="PASS" starttime="20231206 18:14:29.785" endtime="20231206 18:14:29.906"/>
</kw>
<kw name="Wait Until Page Contains" library="SeleniumLibrary">
<arg>Login</arg>
<doc>Waits until ``text`` appears on the current page.</doc>
<status status="PASS" starttime="20231206 18:14:29.906" endtime="20231206 18:14:29.915"/>
</kw>
<kw name="Set Selenium Speed" library="SeleniumLibrary">
<arg>${SPEED}</arg>
<doc>Sets the delay that is waited after each Selenium command.</doc>
<status status="PASS" starttime="20231206 18:14:29.915" endtime="20231206 18:14:29.916"/>
</kw>
<status status="PASS" starttime="20231206 18:14:27.644" endtime="20231206 18:14:29.916"/>
</kw>
<kw name="Input Email" library="login">
<arg>superadmin@gmail.com</arg>
<kw name="Clear Element Text" library="SeleniumLibrary">
<arg>email</arg>
<doc>Clears the value of the text-input-element identified by ``locator``.</doc>
<status status="PASS" starttime="20231206 18:14:29.916" endtime="20231206 18:14:30.149"/>
</kw>
<kw name="Input Text" library="SeleniumLibrary">
<arg>email</arg>
<arg>${email}</arg>
<doc>Types the given ``text`` into the text field identified by ``locator``.</doc>
<msg timestamp="20231206 18:14:30.149" level="INFO">Typing text 'superadmin@gmail.com' into text field 'email'.</msg>
<status status="PASS" starttime="20231206 18:14:30.149" endtime="20231206 18:14:30.506"/>
</kw>
<kw name="Textfield Value Should Be" library="SeleniumLibrary">
<arg>email</arg>
<arg>${email}</arg>
<doc>Verifies text field ``locator`` has exactly text ``expected``.</doc>
<msg timestamp="20231206 18:14:30.825" level="INFO">Content of text field 'email' is 'superadmin@gmail.com'.</msg>
<status status="PASS" starttime="20231206 18:14:30.506" endtime="20231206 18:14:30.825"/>
</kw>
<status status="PASS" starttime="20231206 18:14:29.916" endtime="20231206 18:14:30.825"/>
</kw>
<kw name="Input Password" library="login">
<arg>Superadmin123*@#</arg>
<kw name="Clear Element Text" library="SeleniumLibrary">
<arg>password</arg>
<doc>Clears the value of the text-input-element identified by ``locator``.</doc>
<status status="PASS" starttime="20231206 18:14:30.825" endtime="20231206 18:14:31.050"/>
</kw>
<kw name="Input Text" library="SeleniumLibrary">
<arg>password</arg>
<arg>${password}</arg>
<doc>Types the given ``text`` into the text field identified by ``locator``.</doc>
<msg timestamp="20231206 18:14:31.050" level="INFO">Typing text 'Superadmin123*@#' into text field 'password'.</msg>
<status status="PASS" starttime="20231206 18:14:31.050" endtime="20231206 18:14:31.398"/>
</kw>
<kw name="Textfield Value Should Be" library="SeleniumLibrary">
<arg>password</arg>
<arg>${password}</arg>
<doc>Verifies text field ``locator`` has exactly text ``expected``.</doc>
<msg timestamp="20231206 18:14:31.716" level="INFO">Content of text field 'password' is 'Superadmin123*@#'.</msg>
<status status="PASS" starttime="20231206 18:14:31.398" endtime="20231206 18:14:31.716"/>
</kw>
<status status="PASS" starttime="20231206 18:14:30.825" endtime="20231206 18:14:31.716"/>
</kw>
<kw name="Click Btn Login" library="login">
<kw name="Wait Until Element Is Visible" library="SeleniumLibrary">
<arg>id:kt_sign_in_submit</arg>
<doc>Waits until the element ``locator`` is visible.</doc>
<status status="PASS" starttime="20231206 18:14:31.716" endtime="20231206 18:14:31.933"/>
</kw>
<kw name="Click Button" library="SeleniumLibrary">
<arg>id:kt_sign_in_submit</arg>
<doc>Clicks the button identified by ``locator``.</doc>
<msg timestamp="20231206 18:14:31.933" level="INFO">Clicking button 'id:kt_sign_in_submit'.</msg>
<status status="PASS" starttime="20231206 18:14:31.933" endtime="20231206 18:14:32.469"/>
</kw>
<kw name="Wait Until Element Is Visible" library="SeleniumLibrary">
<arg>id:swal2-html-container</arg>
<doc>Waits until the element ``locator`` is visible.</doc>
<status status="PASS" starttime="20231206 18:14:32.469" endtime="20231206 18:14:35.739"/>
</kw>
<kw name="Get Text" library="SeleniumLibrary">
<var>${text}</var>
<arg>id:swal2-html-container</arg>
<doc>Returns the text value of the element identified by ``locator``.</doc>
<msg timestamp="20231206 18:14:35.952" level="INFO">${text} = You have successfully logged in!</msg>
<status status="PASS" starttime="20231206 18:14:35.739" endtime="20231206 18:14:35.952"/>
</kw>
<kw name="Run Keyword If" library="BuiltIn">
<arg>'${text} == "You have successfully logged in!"'</arg>
<arg>Press Keys</arg>
<arg>None</arg>
<arg>ENTER</arg>
<arg>Wait Until Location Is</arg>
<arg>http://10.31.31.107/home</arg>
<arg>ELSE IF</arg>
<arg>'${text} == "Gagal Login"'</arg>
<arg>Wait Until Element Contains</arg>
<arg>id:swal2-html-container</arg>
<arg>Gagal Login</arg>
<arg>ELSE</arg>
<arg>Wait Until Element Contains</arg>
<arg>id:swal2-html-container</arg>
<arg>Gagal Login</arg>
<doc>Runs the given keyword with the given arguments, if ``condition`` is true.</doc>
<kw name="Press Keys" library="SeleniumLibrary">
<arg>None</arg>
<arg>ENTER</arg>
<arg>Wait Until Location Is</arg>
<arg>http://10.31.31.107/home</arg>
<doc>Simulates the user pressing key(s) to an element or on the active browser.</doc>
<msg timestamp="20231206 18:14:35.953" level="INFO">Sending key(s) ('ENTER', 'Wait Until Location Is', 'http://10.31.31.107/home') to page.</msg>
<msg timestamp="20231206 18:14:35.953" level="INFO">Pressing special key ENTER to browser.</msg>
<msg timestamp="20231206 18:14:35.953" level="INFO">Releasing special key ENTER.</msg>
<msg timestamp="20231206 18:14:36.059" level="INFO">Sending keys Wait Until Location Is</msg>
<msg timestamp="20231206 18:14:36.245" level="INFO">Sending keys http://10.31.31.107/home</msg>
<status status="PASS" starttime="20231206 18:14:35.952" endtime="20231206 18:14:36.360"/>
</kw>
<status status="PASS" starttime="20231206 18:14:35.952" endtime="20231206 18:14:36.360"/>
</kw>
<status status="PASS" starttime="20231206 18:14:31.716" endtime="20231206 18:14:36.360"/>
</kw>
<kw name="Move To Management Module" library="management_module">
<kw name="Go To" library="SeleniumLibrary">
<arg>http://10.31.31.107/admin/manajemen-modul/</arg>
<doc>Navigates the current browser window to the provided ``url``.</doc>
<msg timestamp="20231206 18:14:36.360" level="INFO">Opening url 'http://10.31.31.107/admin/manajemen-modul/'</msg>
<status status="PASS" starttime="20231206 18:14:36.360" endtime="20231206 18:14:36.640"/>
</kw>
<kw name="Wait Until Location Is" library="SeleniumLibrary">
<arg>http://10.31.31.107/admin/manajemen-modul/</arg>
<doc>Waits until the current URL is ``expected``.</doc>
<status status="PASS" starttime="20231206 18:14:36.640" endtime="20231206 18:14:36.744"/>
</kw>
<status status="PASS" starttime="20231206 18:14:36.360" endtime="20231206 18:14:36.744"/>
</kw>
<kw name="Click Btn Tambah Data" library="management_module">
<kw name="Wait Until Element Is Visible" library="SeleniumLibrary">
<arg>//*[@class="ki-solid ki-plus fs-3"]</arg>
<doc>Waits until the element ``locator`` is visible.</doc>
<status status="PASS" starttime="20231206 18:14:36.744" endtime="20231206 18:14:36.959"/>
</kw>
<kw name="Click Element" library="SeleniumLibrary">
<arg>//*[@class="ki-solid ki-plus fs-3"]</arg>
<doc>Click the element identified by ``locator``.</doc>
<msg timestamp="20231206 18:14:36.959" level="INFO">Clicking element '//*[@class="ki-solid ki-plus fs-3"]'.</msg>
<status status="PASS" starttime="20231206 18:14:36.959" endtime="20231206 18:14:37.200"/>
</kw>
<kw name="Wait Until Page Contains" library="SeleniumLibrary">
<arg>Tambah Data</arg>
<doc>Waits until ``text`` appears on the current page.</doc>
<status status="PASS" starttime="20231206 18:14:37.200" endtime="20231206 18:14:37.309"/>
</kw>
<status status="PASS" starttime="20231206 18:14:36.744" endtime="20231206 18:14:37.309"/>
</kw>
<kw name="Input Nama Module" library="management_module">
<arg>namaModuleRianSatu</arg>
<kw name="Wait Until Element Is Visible" library="SeleniumLibrary">
<arg>//*[@class="el-form-item__label"]</arg>
<doc>Waits until the element ``locator`` is visible.</doc>
<status status="PASS" starttime="20231206 18:14:37.309" endtime="20231206 18:14:37.523"/>
</kw>
<kw name="Click Element" library="SeleniumLibrary">
<arg>//*[@class="el-form-item__label"]</arg>
<doc>Click the element identified by ``locator``.</doc>
<msg timestamp="20231206 18:14:37.523" level="INFO">Clicking element '//*[@class="el-form-item__label"]'.</msg>
<status status="PASS" starttime="20231206 18:14:37.523" endtime="20231206 18:14:37.747"/>
</kw>
<kw name="Press Keys" library="SeleniumLibrary">
<arg>None</arg>
<arg>${param}</arg>
<doc>Simulates the user pressing key(s) to an element or on the active browser.</doc>
<msg timestamp="20231206 18:14:37.747" level="INFO">Sending key(s) ('namaModuleRianSatu',) to page.</msg>
<msg timestamp="20231206 18:14:37.747" level="INFO">Sending keys namaModuleRianSatu</msg>
<status status="PASS" starttime="20231206 18:14:37.747" endtime="20231206 18:14:37.897"/>
</kw>
<status status="PASS" starttime="20231206 18:14:37.309" endtime="20231206 18:14:37.897"/>
</kw>
<kw name="Input Urutan Module" library="management_module">
<arg>2</arg>
<kw name="Wait Until Element Is Visible" library="SeleniumLibrary">
<arg>//*[@type="number"]</arg>
<doc>Waits until the element ``locator`` is visible.</doc>
<status status="PASS" starttime="20231206 18:14:37.897" endtime="20231206 18:14:38.111"/>
</kw>
<kw name="Input Text" library="SeleniumLibrary">
<arg>//*[@type="number"]</arg>
<arg>${param}</arg>
<doc>Types the given ``text`` into the text field identified by ``locator``.</doc>
<msg timestamp="20231206 18:14:38.111" level="INFO">Typing text '2' into text field '//*[@type="number"]'.</msg>
<status status="PASS" starttime="20231206 18:14:38.111" endtime="20231206 18:14:38.452"/>
</kw>
<kw name="Textfield Value Should Be" library="SeleniumLibrary">
<arg>//*[@type="number"]</arg>
<arg>${param}</arg>
<doc>Verifies text field ``locator`` has exactly text ``expected``.</doc>
<msg timestamp="20231206 18:14:38.872" level="INFO">Content of text field '//*[@type="number"]' is '2'.</msg>
<status status="PASS" starttime="20231206 18:14:38.452" endtime="20231206 18:14:38.872"/>
</kw>
<status status="PASS" starttime="20231206 18:14:37.897" endtime="20231206 18:14:38.872"/>
</kw>
<kw name="Click Btn Confirm" library="management_module">
<kw name="Wait Until Element Is Visible" library="SeleniumLibrary">
<arg>//*[@class="el-button el-button--primary"]</arg>
<doc>Waits until the element ``locator`` is visible.</doc>
<status status="PASS" starttime="20231206 18:14:38.872" endtime="20231206 18:14:39.088"/>
</kw>
<kw name="Click Button" library="SeleniumLibrary">
<arg>//*[@class="el-button el-button--primary"]</arg>
<doc>Clicks the button identified by ``locator``.</doc>
<msg timestamp="20231206 18:14:39.088" level="INFO">Clicking button '//*[@class="el-button el-button--primary"]'.</msg>
<status status="PASS" starttime="20231206 18:14:39.088" endtime="20231206 18:14:39.630"/>
</kw>
<status status="PASS" starttime="20231206 18:14:38.872" endtime="20231206 18:14:39.630"/>
</kw>
<kw name="Sleep" library="BuiltIn">
<arg>2s</arg>
<doc>Pauses the test executed for the given time.</doc>
<msg timestamp="20231206 18:14:41.631" level="INFO">Slept 2 seconds</msg>
<status status="PASS" starttime="20231206 18:14:39.630" endtime="20231206 18:14:41.631"/>
</kw>
<kw name="Capture Page Screenshot" library="SeleniumLibrary">
<doc>Takes a screenshot of the current page and embeds it into a log file.</doc>
<msg timestamp="20231206 18:14:41.848" level="INFO" html="true">&lt;/td&gt;&lt;/tr&gt;&lt;tr&gt;&lt;td colspan="3"&gt;&lt;a href="selenium-screenshot-1.png"&gt;&lt;img src="selenium-screenshot-1.png" width="800px"&gt;&lt;/a&gt;</msg>
<status status="PASS" starttime="20231206 18:14:41.631" endtime="20231206 18:14:41.848"/>
</kw>
<kw name="Close Browser" library="SeleniumLibrary" type="TEARDOWN">
<doc>Closes the current browser.</doc>
<status status="PASS" starttime="20231206 18:14:41.849" endtime="20231206 18:14:44.011"/>
</kw>
<doc>SC03 - Create Data Manajemen Modul</doc>
<tag>TC01 - Create Data Manajemen Modul</tag>
<status status="PASS" starttime="20231206 18:14:27.643" endtime="20231206 18:14:44.011"/>
</test>
<doc>SC03 - Create Data Manajemen Modul</doc>
<status status="PASS" starttime="20231206 18:14:27.486" endtime="20231206 18:14:44.012"/>
</suite>
<statistics>
<total>
<stat pass="1" fail="0" skip="0">All Tests</stat>
</total>
<tag>
<stat pass="1" fail="0" skip="0">TC01 - Create Data Manajemen Modul</stat>
</tag>
<suite>
<stat pass="1" fail="0" skip="0" id="s1" name="SC03 - Create Data Manajemen Modul">SC03 - Create Data Manajemen Modul</stat>
</suite>
</statistics>
<errors>
</errors>
</robot>
